SF:lib/application/shared/auth/auth_bloc.dart
DA:19,1
DA:21,1
DA:22,1
DA:26,1
DA:27,2
DA:28,1
DA:32,1
DA:36,2
DA:37,2
DA:38,1
DA:44,1
DA:47,2
DA:48,0
DA:51,1
LF:14
LH:13
end_of_record
SF:lib/application/auto_reset_lazy_singelton.dart
DA:8,13
DA:14,13
LF:2
LH:2
end_of_record
SF:lib/application/auth/sign_in/forgot_password/forgot_password_bloc.dart
DA:21,1
DA:23,1
DA:24,1
DA:25,1
DA:29,2
DA:30,2
DA:33,1
DA:37,1
DA:39,2
DA:40,1
DA:41,4
DA:43,1
DA:44,1
DA:45,1
DA:46,1
DA:54,1
DA:58,3
DA:59,1
DA:61,1
DA:63,1
DA:64,1
DA:66,2
DA:68,3
DA:71,1
DA:72,1
DA:73,1
DA:80,1
DA:82,2
DA:88,1
DA:91,2
DA:92,0
DA:95,1
LF:32
LH:31
end_of_record
SF:lib/domain/core/value_objects.dart
DA:12,41
DA:18,8
DA:19,16
DA:22,24
DA:24,36
DA:28,141
DA:31,9
DA:32,18
DA:34,10
DA:35,20
DA:43,12
DA:44,12
DA:45,12
DA:49,6
DA:50,6
DA:53,12
DA:61,18
DA:62,18
DA:63,18
DA:67,4
DA:68,4
DA:71,18
DA:79,4
DA:80,4
DA:81,4
DA:85,4
DA:86,4
DA:89,4
DA:97,0
DA:98,0
DA:99,0
DA:103,34
DA:104,34
DA:105,34
DA:109,34
DA:119,1
DA:120,1
DA:121,1
DA:125,0
DA:127,1
DA:129,0
DA:130,0
DA:133,0
DA:134,0
LF:44
LH:36
end_of_record
SF:lib/injection.dart
DA:9,54
DA:14,0
DA:16,0
LF:3
LH:1
end_of_record
SF:lib/application/auth/sign_in/sign_in_bloc.dart
DA:23,1
DA:25,1
DA:26,1
DA:27,1
DA:28,1
DA:31,2
DA:32,2
DA:33,3
DA:34,1
DA:35,2
DA:37,1
DA:38,2
DA:40,1
DA:41,2
DA:45,1
DA:49,2
DA:50,1
DA:51,5
DA:56,1
DA:60,2
DA:61,1
DA:62,5
DA:67,1
DA:70,3
DA:71,1
DA:72,2
DA:73,2
DA:76,2
DA:77,3
DA:78,1
DA:79,1
DA:84,1
DA:89,1
DA:95,1
DA:98,3
DA:99,1
DA:100,2
DA:101,3
DA:108,1
DA:111,3
DA:112,1
DA:113,2
DA:114,3
DA:121,1
DA:124,3
DA:125,1
DA:126,2
DA:127,3
DA:135,1
DA:139,3
DA:140,1
DA:141,1
DA:144,2
DA:146,1
DA:148,1
DA:149,1
DA:150,2
DA:151,1
DA:153,1
DA:156,0
DA:160,1
DA:163,2
DA:164,0
DA:167,1
LF:64
LH:62
end_of_record
SF:lib/application/auth/sign_up/sign_up_bloc.dart
DA:21,1
DA:23,1
DA:24,1
DA:25,1
DA:26,1
DA:27,1
DA:28,1
DA:32,2
DA:33,2
DA:34,2
DA:35,2
DA:36,3
DA:39,1
DA:43,2
DA:44,1
DA:45,5
DA:50,1
DA:54,2
DA:55,1
DA:56,5
DA:61,1
DA:65,2
DA:66,1
DA:67,5
DA:72,1
DA:76,2
DA:77,1
DA:78,5
DA:83,1
DA:86,3
DA:87,1
DA:88,2
DA:89,2
DA:90,2
DA:91,2
DA:92,3
DA:99,1
DA:101,2
DA:104,3
DA:105,1
DA:106,1
DA:107,1
DA:109,1
DA:110,1
DA:111,2
DA:112,3
DA:114,1
DA:117,3
DA:123,1
DA:126,2
DA:127,0
DA:130,1
LF:52
LH:51
end_of_record
SF:lib/application/main/friends/friends_bloc.dart
DA:27,0
DA:29,0
DA:30,0
DA:31,0
DA:33,0
DA:34,0
DA:35,0
DA:37,0
DA:40,0
DA:41,0
DA:42,0
DA:43,0
DA:44,0
DA:46,0
DA:49,0
DA:51,0
DA:53,0
DA:55,0
DA:57,0
DA:59,0
DA:61,0
DA:66,0
DA:67,0
DA:68,0
DA:70,0
DA:72,0
DA:78,0
DA:82,0
DA:85,0
DA:86,0
DA:87,0
DA:88,0
DA:89,0
DA:93,0
DA:96,0
DA:99,0
DA:102,0
DA:105,0
DA:108,0
DA:111,0
DA:114,0
DA:115,0
DA:116,0
DA:117,0
DA:121,0
DA:123,0
DA:126,0
DA:127,0
DA:130,0
LF:49
LH:0
end_of_record
SF:lib/domain/friend/friend.dart
DA:16,2
DA:17,4
DA:18,1
LF:3
LH:3
end_of_record
SF:lib/domain/friend/friend_request.dart
DA:18,4
DA:19,2
DA:20,2
DA:21,2
DA:22,2
DA:23,6
DA:24,2
LF:7
LH:7
end_of_record
SF:lib/application/main/friends/more/more_bloc.dart
DA:17,0
DA:19,0
DA:20,0
DA:21,0
DA:25,0
DA:28,0
DA:29,0
DA:32,0
LF:8
LH:0
end_of_record
SF:lib/application/main/friends/search_user/search_user_state.dart
DA:9,0
LF:1
LH:0
end_of_record
SF:lib/application/main/friends/search_user/search_user_bloc.dart
DA:26,0
DA:28,0
DA:31,0
DA:34,0
DA:35,0
DA:36,0
DA:40,0
DA:43,0
DA:44,0
DA:47,0
DA:48,0
DA:50,0
DA:51,0
DA:52,0
DA:56,0
DA:57,0
DA:86,0
DA:89,0
DA:90,0
DA:93,0
LF:20
LH:0
end_of_record
SF:lib/domain/friend/user.dart
DA:16,0
DA:17,0
DA:18,0
LF:3
LH:0
end_of_record
SF:lib/domain/friend/user_snapshot.dart
DA:15,0
DA:16,0
DA:17,0
DA:18,0
DA:19,0
LF:5
LH:0
end_of_record
SF:lib/application/main/game_history/game_history_bloc.dart
DA:24,0
DA:27,0
DA:30,0
DA:33,0
DA:34,0
DA:35,0
DA:36,0
DA:37,0
DA:38,0
DA:39,0
DA:40,0
DA:44,0
DA:45,0
DA:46,0
DA:47,0
DA:48,0
DA:52,0
DA:54,0
DA:56,0
DA:57,0
DA:58,0
DA:59,0
DA:60,0
DA:61,0
DA:63,0
DA:64,0
DA:68,0
DA:70,0
DA:71,0
DA:79,0
DA:81,0
DA:83,0
DA:84,0
DA:85,0
DA:89,0
DA:94,0
DA:95,0
DA:96,0
DA:97,0
DA:98,0
DA:101,0
DA:105,0
DA:106,0
DA:107,0
DA:108,0
DA:112,0
DA:115,0
DA:117,0
DA:118,0
DA:122,0
DA:125,0
DA:126,0
DA:129,0
LF:53
LH:0
end_of_record
SF:lib/application/main/game_invitations/game_invitations_bloc.dart
DA:32,0
DA:35,0
DA:36,0
DA:38,0
DA:39,0
DA:40,0
DA:42,0
DA:43,0
DA:44,0
DA:48,0
DA:49,0
DA:50,0
DA:51,0
DA:53,0
DA:56,0
DA:58,0
DA:60,0
DA:62,0
DA:64,0
DA:69,0
DA:70,0
DA:72,0
DA:74,0
DA:90,0
DA:94,0
DA:97,0
DA:98,0
DA:99,0
DA:100,0
DA:101,0
DA:105,0
DA:108,0
DA:109,0
DA:110,0
DA:114,0
DA:117,0
DA:119,0
DA:120,0
DA:121,0
DA:122,0
DA:123,0
DA:124,0
DA:126,0
DA:128,0
DA:133,0
DA:136,0
DA:139,0
DA:142,0
DA:145,0
DA:147,0
DA:148,0
DA:151,0
DA:152,0
DA:155,0
LF:54
LH:0
end_of_record
SF:lib/domain/game_invitation/game_invitation.dart
DA:19,4
DA:20,2
DA:21,6
DA:23,2
DA:24,6
DA:26,2
DA:27,6
DA:29,2
DA:30,6
DA:32,2
DA:33,8
DA:44,6
DA:45,2
LF:13
LH:13
end_of_record
SF:lib/application/main/home/create_online_game/create_online_game_cubit.dart
DA:15,1
DA:17,1
DA:19,1
DA:20,3
DA:22,1
DA:23,3
DA:24,2
DA:28,1
DA:31,2
DA:32,0
DA:35,1
LF:11
LH:10
end_of_record
SF:lib/application/main/home/home_bloc.dart
DA:35,1
DA:39,1
DA:40,1
DA:41,2
DA:42,1
DA:46,1
DA:49,1
DA:50,2
DA:51,1
DA:52,1
DA:53,2
DA:54,2
DA:55,2
DA:57,2
DA:58,1
DA:59,1
DA:60,1
DA:62,1
DA:63,1
DA:64,1
DA:66,1
DA:68,1
DA:69,2
DA:71,0
DA:78,1
DA:85,1
DA:86,1
DA:87,1
DA:89,2
DA:90,1
DA:92,1
DA:94,1
DA:99,1
DA:101,1
DA:104,1
DA:105,3
DA:108,1
DA:109,3
DA:117,0
DA:120,0
DA:121,0
DA:122,0
DA:123,0
DA:124,0
DA:128,0
DA:131,1
DA:134,2
DA:135,0
DA:138,1
LF:49
LH:40
end_of_record
SF:lib/domain/user/user.dart
DA:22,6
DA:23,6
DA:24,6
DA:25,18
DA:27,18
DA:28,24
DA:29,6
DA:30,12
DA:31,6
DA:32,6
DA:33,6
DA:35,6
LF:12
LH:12
end_of_record
SF:lib/application/main/play/offline/create_game/create_offline_game_bloc.dart
DA:18,1
DA:20,1
DA:21,3
DA:22,2
DA:23,3
DA:24,2
DA:25,2
DA:26,2
DA:27,2
DA:28,2
DA:29,2
DA:30,1
DA:31,3
DA:32,3
DA:33,2
DA:36,1
DA:37,2
DA:40,1
DA:44,2
DA:45,1
DA:46,1
DA:50,1
DA:51,2
DA:54,1
DA:58,3
DA:61,1
DA:65,4
DA:68,1
DA:72,2
DA:73,1
DA:77,1
DA:81,3
DA:84,1
DA:88,3
DA:91,1
DA:95,3
DA:98,0
DA:99,0
DA:102,1
DA:103,2
DA:106,1
DA:107,2
DA:110,1
DA:114,2
DA:115,1
DA:119,1
DA:122,2
DA:123,0
DA:126,1
LF:49
LH:46
end_of_record
SF:lib/domain/game/mode.dart
DA:1,71
LF:1
LH:1
end_of_record
SF:lib/domain/game/type.dart
DA:1,71
LF:1
LH:1
end_of_record
SF:lib/application/main/play/offline/in_game/in_offline_game_bloc.dart
DA:17,1
DA:19,1
DA:20,3
DA:21,3
DA:22,1
DA:23,2
DA:27,1
DA:28,2
DA:31,1
DA:32,2
DA:35,1
DA:38,3
DA:41,1
DA:44,2
DA:45,0
DA:48,1
LF:16
LH:15
end_of_record
SF:lib/application/main/play/offline/watcher/play_offline_watcher_cubit.dart
DA:16,1
DA:19,1
DA:20,1
DA:22,1
DA:24,1
DA:27,2
DA:28,1
DA:29,3
DA:32,1
DA:34,2
DA:37,2
DA:38,0
DA:41,1
LF:13
LH:12
end_of_record
SF:lib/domain/play/offline/offline_game_snapshot.dart
DA:28,2
DA:30,0
DA:32,0
DA:36,0
DA:39,0
DA:41,0
DA:43,0
DA:45,0
DA:48,1
DA:49,1
DA:50,3
DA:51,3
DA:52,3
DA:53,3
DA:54,4
DA:55,1
DA:56,3
DA:57,2
DA:58,1
LF:19
LH:12
end_of_record
SF:lib/application/main/play/online/create_game/add_player/add_player_bloc.dart
DA:16,0
DA:17,0
DA:22,0
DA:25,0
DA:26,0
DA:29,0
LF:6
LH:0
end_of_record
SF:lib/application/main/play/online/create_game/create_online_game_bloc.dart
DA:18,1
DA:20,1
DA:21,3
DA:22,2
DA:23,2
DA:24,2
DA:25,2
DA:26,2
DA:27,2
DA:28,1
DA:31,1
DA:32,2
DA:35,1
DA:39,2
DA:40,1
DA:41,1
DA:45,1
DA:49,3
DA:52,1
DA:56,2
DA:57,1
DA:61,1
DA:65,3
DA:68,1
DA:72,3
DA:75,1
DA:79,3
DA:82,0
DA:83,0
DA:86,1
DA:89,2
DA:90,0
DA:93,1
LF:33
LH:30
end_of_record
SF:lib/application/main/play/online/in_game/in_online_game_bloc.dart
DA:17,1
DA:19,1
DA:20,3
DA:21,3
DA:22,1
DA:23,2
DA:27,1
DA:28,2
DA:31,1
DA:32,2
DA:35,1
DA:38,3
DA:41,1
DA:44,2
DA:45,0
DA:48,1
LF:16
LH:15
end_of_record
SF:lib/application/main/play/online/watcher/play_online_watcher_cubit.dart
DA:15,1
DA:17,2
DA:18,2
DA:19,1
DA:20,3
DA:23,1
DA:25,2
DA:28,2
DA:29,0
DA:32,1
LF:10
LH:9
end_of_record
SF:lib/domain/play/online/online_game_snapshot.dart
DA:27,3
DA:29,0
DA:32,0
DA:34,0
DA:36,0
DA:38,0
DA:41,2
DA:42,2
DA:43,6
DA:44,6
DA:45,6
DA:46,6
DA:47,8
DA:48,2
DA:49,6
DA:50,4
DA:51,2
LF:17
LH:12
end_of_record
SF:lib/application/main/play/shared/in_game/checkout_details/checkout_details_bloc.dart
DA:28,1
DA:35,0
DA:36,0
DA:37,0
DA:38,1
DA:39,0
DA:40,0
DA:42,0
DA:45,0
DA:47,0
DA:48,0
DA:49,0
DA:50,0
DA:52,0
DA:55,0
DA:57,0
DA:58,0
DA:59,0
DA:60,0
DA:62,0
DA:65,0
DA:67,0
DA:68,0
DA:69,0
DA:70,0
DA:71,0
DA:73,0
DA:76,0
DA:78,0
DA:79,0
DA:80,0
DA:81,0
DA:83,0
DA:86,0
DA:89,0
DA:90,0
DA:91,0
DA:92,0
DA:94,0
DA:97,0
DA:99,0
DA:100,0
DA:101,0
DA:102,0
DA:104,0
DA:107,0
DA:111,0
DA:112,0
DA:113,0
DA:116,0
DA:120,0
DA:121,0
DA:122,0
DA:126,0
DA:127,0
DA:128,0
DA:129,0
DA:130,0
DA:132,0
DA:135,0
DA:140,0
DA:141,0
DA:149,0
DA:153,0
DA:154,0
DA:155,0
DA:160,0
DA:161,0
DA:162,0
DA:163,0
DA:164,0
DA:165,0
DA:166,0
DA:168,0
DA:171,0
DA:172,0
DA:173,0
DA:174,0
DA:175,0
LF:79
LH:2
end_of_record
SF:lib/application/main/play/shared/in_game/input/input_cubit.dart
DA:14,2
DA:16,1
DA:19,1
DA:20,1
DA:21,2
DA:22,2
DA:26,1
DA:29,2
DA:30,0
DA:33,1
LF:10
LH:9
end_of_record
SF:lib/domain/game/throw.dart
DA:17,0
DA:18,0
DA:19,0
DA:21,0
DA:24,3
DA:27,3
DA:28,9
DA:29,3
DA:30,1
DA:33,3
LF:10
LH:6
end_of_record
SF:lib/application/main/play/shared/in_game/detailed_input_area/detailed_input_area_bloc.dart
DA:30,1
DA:38,1
DA:39,1
DA:40,1
DA:41,2
DA:42,1
DA:43,2
DA:44,1
DA:47,0
DA:48,0
DA:50,0
DA:52,0
DA:54,0
DA:55,0
DA:56,0
DA:58,0
DA:60,0
DA:63,0
DA:67,0
DA:72,0
DA:76,0
DA:81,0
DA:82,0
DA:85,0
DA:87,0
DA:88,0
DA:89,0
DA:98,0
DA:102,0
DA:106,0
DA:107,0
DA:108,0
DA:109,0
DA:111,0
DA:114,0
DA:117,0
DA:118,0
DA:119,0
DA:121,0
DA:124,0
DA:129,0
DA:132,0
DA:135,0
DA:139,0
DA:140,0
DA:141,0
DA:142,0
DA:144,0
DA:146,0
DA:149,0
DA:152,0
DA:154,0
DA:155,0
DA:158,0
DA:161,0
DA:162,0
DA:163,0
DA:164,0
DA:166,0
DA:168,0
DA:169,0
DA:170,0
LF:62
LH:8
end_of_record
SF:lib/application/main/play/shared/in_game/show_checkout_details/show_checkout_details_cubit.dart
DA:7,2
DA:9,1
DA:10,1
DA:11,1
DA:14,1
DA:17,2
DA:18,0
DA:21,1
LF:8
LH:7
end_of_record
SF:lib/domain/game/dart.dart
DA:6,67
DA:15,132
DA:17,0
DA:19,0
DA:20,0
DA:23,0
DA:30,0
DA:33,0
DA:34,0
DA:39,0
DA:41,0
DA:42,0
DA:43,0
LF:13
LH:2
end_of_record
SF:lib/application/main/play/shared/in_game/optical_input_area/optical_input_area_bloc.dart
DA:28,0
DA:35,0
DA:36,0
DA:37,0
DA:101,0
DA:104,0
DA:105,0
DA:106,0
DA:107,0
DA:109,0
DA:112,0
DA:115,0
DA:116,0
DA:117,0
DA:119,0
DA:121,0
DA:125,0
DA:126,0
DA:127,0
DA:128,0
DA:129,0
DA:131,0
DA:133,0
DA:134,0
LF:24
LH:0
end_of_record
SF:lib/application/main/play/shared/in_game/speech_input_area/speech_input_area_bloc.dart
DA:26,0
DA:32,0
LF:2
LH:0
end_of_record
SF:lib/application/main/play/shared/in_game/standard_input_area/standard_input_area_bloc.dart
DA:28,1
DA:36,1
DA:37,1
DA:38,1
DA:39,1
DA:40,1
DA:41,2
DA:44,0
DA:45,0
DA:47,0
DA:49,0
DA:51,0
DA:52,0
DA:53,0
DA:56,0
DA:61,0
DA:66,0
DA:70,0
DA:75,0
DA:76,0
DA:79,0
DA:81,0
DA:82,0
DA:83,0
DA:91,0
DA:95,0
DA:99,0
DA:101,0
DA:104,0
DA:106,0
DA:110,0
DA:115,0
DA:119,0
DA:124,0
DA:125,0
DA:128,0
DA:130,0
DA:131,0
DA:132,0
DA:143,0
DA:146,0
DA:147,0
DA:148,0
DA:151,0
DA:152,0
DA:154,0
DA:155,0
DA:156,0
DA:159,0
DA:163,0
DA:168,0
DA:170,0
DA:171,0
DA:172,0
DA:175,0
DA:176,0
DA:179,0
DA:185,0
LF:58
LH:7
end_of_record
SF:lib/application/main/profile/profile_bloc.dart
DA:23,0
DA:25,0
DA:26,0
DA:27,0
DA:28,0
DA:30,0
DA:31,0
DA:32,0
DA:33,0
DA:34,0
DA:36,0
DA:37,0
DA:38,0
DA:39,0
DA:43,0
DA:44,0
DA:45,0
DA:46,0
DA:52,0
DA:55,0
DA:56,0
DA:60,0
DA:63,0
DA:64,0
DA:66,0
DA:67,0
DA:68,0
DA:73,0
DA:77,0
DA:78,0
DA:79,0
DA:81,0
DA:95,0
DA:96,0
DA:97,0
DA:100,0
DA:101,0
DA:104,0
DA:105,0
DA:109,0
DA:110,0
DA:114,0
DA:116,0
DA:119,0
DA:120,0
DA:123,0
LF:46
LH:0
end_of_record
SF:lib/domain/user/career_stats.dart
DA:7,71
DA:24,0
DA:36,7
DA:37,21
DA:38,21
DA:39,7
DA:41,7
DA:42,28
DA:54,28
DA:55,28
DA:67,28
DA:68,28
DA:80,28
LF:13
LH:12
end_of_record
SF:lib/application/main/settings/change_email/change_email_bloc.dart
DA:21,1
DA:23,1
DA:24,1
DA:25,1
DA:29,2
DA:30,2
DA:33,1
DA:37,1
DA:39,2
DA:40,1
DA:41,4
DA:43,1
DA:44,1
DA:45,1
DA:46,1
DA:54,1
DA:58,3
DA:59,1
DA:61,1
DA:63,1
DA:64,1
DA:66,2
DA:67,3
DA:70,1
DA:71,1
DA:72,1
DA:79,1
DA:81,2
DA:87,1
DA:90,2
DA:91,0
DA:94,1
LF:32
LH:31
end_of_record
SF:lib/application/main/settings/change_password/change_password_bloc.dart
DA:21,1
DA:23,1
DA:24,1
DA:25,1
DA:26,1
DA:27,1
DA:31,2
DA:32,2
DA:33,2
DA:34,2
DA:37,1
DA:41,1
DA:43,2
DA:44,1
DA:45,1
DA:46,2
DA:47,1
DA:51,1
DA:52,1
DA:53,1
DA:54,1
DA:55,1
DA:56,1
DA:64,1
DA:68,1
DA:70,2
DA:71,1
DA:72,4
DA:74,1
DA:75,1
DA:76,1
DA:77,1
DA:78,1
DA:79,1
DA:87,1
DA:91,1
DA:93,2
DA:94,1
DA:95,4
DA:97,1
DA:98,1
DA:99,1
DA:100,1
DA:101,1
DA:102,1
DA:110,1
DA:114,3
DA:115,1
DA:118,1
DA:119,1
DA:120,1
DA:121,1
DA:123,1
DA:124,1
DA:126,1
DA:128,2
DA:129,3
DA:133,1
DA:134,1
DA:135,1
DA:148,1
DA:150,2
DA:156,1
DA:159,2
DA:160,0
DA:163,1
LF:66
LH:65
end_of_record
SF:lib/application/main/settings/change_username/change_username_bloc.dart
DA:21,1
DA:23,1
DA:24,1
DA:25,1
DA:29,2
DA:30,2
DA:33,1
DA:37,1
DA:39,2
DA:40,1
DA:41,4
DA:43,1
DA:44,1
DA:45,1
DA:46,1
DA:54,1
DA:58,3
DA:59,1
DA:61,1
DA:63,1
DA:64,1
DA:66,2
DA:67,3
DA:70,1
DA:71,1
DA:72,1
DA:79,1
DA:81,2
DA:87,1
DA:90,2
DA:91,0
DA:94,1
LF:32
LH:31
end_of_record
SF:lib/application/main/settings/edit_profile_image/edit_profile_image_bloc.dart
DA:22,0
DA:24,0
DA:27,0
DA:30,0
DA:31,0
DA:32,0
DA:33,0
DA:37,0
DA:38,0
DA:41,0
DA:43,0
DA:48,0
DA:49,0
DA:53,0
DA:55,0
DA:60,0
DA:61,0
DA:65,0
DA:68,0
DA:69,0
DA:72,0
LF:21
LH:0
end_of_record
SF:lib/application/main/settings/settings_bloc.dart
DA:26,1
DA:29,1
DA:30,1
DA:32,1
DA:33,1
DA:37,1
DA:38,2
DA:39,1
DA:41,3
DA:42,3
DA:45,1
DA:48,2
DA:49,2
DA:50,2
DA:51,2
DA:52,4
DA:57,1
DA:59,4
DA:60,4
DA:63,3
DA:65,1
DA:68,2
DA:69,0
DA:72,1
LF:24
LH:23
end_of_record
SF:lib/application/main/training/bobs_twenty_seven/bobs_twenty_seven_bloc.dart
DA:21,0
DA:23,0
DA:28,0
DA:29,0
DA:31,0
DA:32,0
DA:34,0
DA:35,0
DA:36,0
DA:37,0
DA:41,0
DA:43,0
DA:44,0
DA:46,0
DA:47,0
DA:49,0
DA:50,0
DA:54,0
DA:58,0
DA:60,0
DA:61,0
DA:62,0
DA:63,0
DA:69,0
DA:72,0
DA:73,0
DA:76,0
LF:27
LH:0
end_of_record
SF:lib/domain/training/bobs_twenty_seven/hit.dart
DA:1,64
LF:1
LH:1
end_of_record
SF:lib/domain/training/bobs_twenty_seven/mode.dart
DA:2,66
LF:1
LH:1
end_of_record
SF:lib/application/main/training/double_training/double_training_bloc.dart
DA:20,0
DA:22,0
DA:28,0
DA:29,0
DA:31,0
DA:32,0
DA:34,0
DA:35,0
DA:36,0
DA:37,0
DA:41,0
DA:43,0
DA:44,0
DA:46,0
DA:47,0
DA:49,0
DA:50,0
DA:54,0
DA:58,0
DA:60,0
DA:61,0
DA:62,0
DA:63,0
DA:69,0
DA:72,0
DA:73,0
DA:76,0
LF:27
LH:0
end_of_record
SF:lib/domain/training/double/hit.dart
DA:1,64
LF:1
LH:1
end_of_record
SF:lib/domain/training/mode.dart
DA:1,67
LF:1
LH:1
end_of_record
SF:lib/application/main/training/score_training/score_training_bloc.dart
DA:18,0
DA:20,0
DA:26,0
DA:27,0
DA:29,0
DA:30,0
DA:32,0
DA:33,0
DA:37,0
DA:39,0
DA:40,0
DA:42,0
DA:43,0
DA:45,0
DA:46,0
DA:49,0
DA:51,0
DA:54,0
DA:55,0
DA:57,0
DA:58,0
DA:60,0
DA:61,0
DA:62,0
DA:65,0
DA:70,0
DA:73,0
DA:77,0
DA:84,0
DA:87,0
DA:88,0
DA:91,0
LF:32
LH:0
end_of_record
SF:lib/application/main/training/single_training/single_training_bloc.dart
DA:20,0
DA:22,0
DA:28,0
DA:29,0
DA:31,0
DA:32,0
DA:34,0
DA:35,0
DA:36,0
DA:37,0
DA:41,0
DA:43,0
DA:44,0
DA:46,0
DA:47,0
DA:49,0
DA:50,0
DA:52,0
DA:53,0
DA:55,0
DA:56,0
DA:60,0
DA:64,0
DA:66,0
DA:67,0
DA:68,0
DA:69,0
DA:75,0
DA:78,0
DA:79,0
DA:82,0
LF:31
LH:0
end_of_record
SF:lib/domain/training/single/hit.dart
DA:1,64
LF:1
LH:1
end_of_record
SF:lib/application/main/training/training_bloc.dart
DA:38,0
DA:44,0
DA:45,0
DA:47,0
DA:48,0
DA:49,0
DA:50,0
DA:55,0
DA:56,0
DA:57,0
DA:58,0
DA:59,0
DA:63,0
DA:65,0
DA:66,0
DA:67,0
DA:70,0
DA:72,0
DA:73,0
DA:81,0
DA:82,0
DA:85,0
DA:86,0
DA:88,0
DA:89,0
DA:91,0
DA:92,0
DA:94,0
DA:95,0
DA:99,0
DA:100,0
DA:101,0
DA:104,0
DA:105,0
DA:107,0
DA:108,0
DA:110,0
DA:111,0
DA:113,0
DA:114,0
DA:118,0
DA:119,0
DA:120,0
DA:121,0
DA:124,0
DA:125,0
DA:130,0
DA:131,0
DA:136,0
DA:137,0
DA:142,0
DA:143,0
DA:150,0
DA:151,0
DA:152,0
DA:153,0
DA:156,0
DA:157,0
DA:162,0
DA:163,0
DA:168,0
DA:169,0
DA:174,0
DA:175,0
DA:182,0
DA:183,0
DA:184,0
DA:185,0
DA:189,0
DA:191,0
DA:192,0
DA:193,0
DA:196,0
DA:197,0
DA:199,0
DA:200,0
DA:202,0
DA:203,0
DA:205,0
DA:206,0
DA:210,0
DA:211,0
DA:212,0
DA:213,0
DA:214,0
DA:217,0
DA:218,0
DA:219,0
DA:220,0
DA:221,0
DA:227,0
DA:232,0
DA:233,0
DA:234,0
DA:235,0
DA:236,0
DA:241,0
DA:246,0
DA:247,0
DA:248,0
DA:249,0
DA:250,0
DA:255,0
DA:260,0
DA:261,0
DA:262,0
DA:263,0
DA:264,0
DA:269,0
DA:276,0
DA:279,0
DA:280,0
DA:283,0
DA:284,0
DA:286,0
DA:287,0
DA:289,0
DA:290,0
DA:292,0
DA:293,0
DA:297,0
DA:298,0
DA:301,0
DA:302,0
DA:304,0
DA:305,0
DA:307,0
DA:308,0
DA:310,0
DA:311,0
DA:315,0
DA:316,0
DA:337,0
DA:340,0
DA:341,0
DA:342,0
DA:346,0
DA:348,0
DA:351,0
DA:352,0
DA:355,0
LF:141
LH:0
end_of_record
SF:lib/domain/training/single/single_training_game_snapshot.dart
DA:25,0
DA:28,0
DA:29,0
DA:32,0
DA:37,0
DA:38,0
DA:39,0
DA:41,0
DA:42,0
DA:43,0
DA:44,0
DA:45,0
LF:12
LH:0
end_of_record
SF:lib/domain/training/score/score_training_game_snapshot.dart
DA:22,0
DA:23,0
DA:24,0
DA:26,0
DA:27,0
DA:28,0
DA:29,0
DA:30,0
LF:8
LH:0
end_of_record
SF:lib/domain/training/bobs_twenty_seven/bobs_twenty_seven_training_game_snapshot.dart
DA:24,0
DA:25,0
DA:26,0
DA:28,0
DA:29,0
DA:30,0
DA:31,0
DA:32,0
LF:8
LH:0
end_of_record
SF:lib/domain/training/double/double_training_game_snapshot.dart
DA:24,0
DA:25,0
DA:26,0
DA:28,0
DA:29,0
DA:30,0
DA:31,0
DA:32,0
LF:8
LH:0
end_of_record
SF:lib/domain/training/type.dart
DA:1,64
LF:1
LH:1
end_of_record
SF:lib/domain/core/errors.dart
DA:11,0
DA:15,0
DA:19,0
LF:3
LH:0
end_of_record
SF:lib/domain/core/value_validators.dart
DA:10,12
DA:15,24
DA:16,12
DA:18,12
DA:27,18
DA:30,72
DA:32,36
DA:33,18
DA:35,0
DA:38,8
DA:47,4
DA:50,8
DA:51,4
DA:52,4
DA:54,0
DA:57,8
DA:66,1
DA:70,2
DA:71,1
DA:73,0
DA:74,0
LF:21
LH:17
end_of_record
SF:lib/domain/user/profile.dart
DA:18,14
DA:19,21
DA:20,7
DA:21,28
DA:32,7
LF:5
LH:5
end_of_record
SF:lib/domain/game/offline/offline_game.dart
DA:28,2
DA:30,0
DA:32,0
DA:34,2
DA:35,1
DA:36,3
DA:38,2
DA:39,4
DA:42,4
DA:46,3
DA:47,4
DA:51,4
DA:56,2
DA:57,3
DA:58,1
LF:15
LH:13
end_of_record
SF:lib/domain/game/online/online_game.dart
DA:28,2
DA:30,0
DA:32,0
DA:34,2
DA:35,1
DA:36,3
DA:38,2
DA:39,4
DA:41,1
DA:42,3
DA:45,4
DA:49,3
DA:50,4
DA:54,4
DA:59,2
DA:60,3
DA:61,1
LF:17
LH:15
end_of_record
SF:lib/domain/game/status.dart
DA:1,75
LF:1
LH:1
end_of_record
SF:lib/domain/game/player_stats.dart
DA:31,8
DA:32,12
DA:33,16
DA:35,12
DA:37,12
DA:38,12
DA:39,12
DA:40,12
DA:41,12
DA:42,12
DA:43,12
DA:44,12
DA:45,12
LF:13
LH:13
end_of_record
SF:lib/domain/game/set.dart
DA:19,1
DA:20,1
DA:21,1
DA:22,5
DA:26,1
LF:5
LH:5
end_of_record
SF:lib/domain/game/offline/dartbot.dart
DA:26,0
DA:27,0
DA:28,0
DA:29,0
DA:30,0
DA:31,0
DA:34,0
DA:35,0
DA:36,0
DA:41,0
DA:42,0
LF:11
LH:0
end_of_record
SF:lib/domain/game/offline/offline_player.dart
DA:26,2
DA:27,1
DA:28,3
DA:30,4
DA:40,3
DA:41,1
DA:42,1
DA:43,5
DA:46,1
DA:47,1
DA:48,5
DA:53,1
LF:12
LH:12
end_of_record
SF:lib/domain/game/online/online_player.dart
DA:27,2
DA:28,1
DA:29,3
DA:31,2
DA:32,5
DA:33,4
DA:43,3
DA:44,1
DA:45,1
DA:46,5
DA:49,1
DA:50,1
DA:51,5
DA:56,1
LF:14
LH:14
end_of_record
SF:lib/domain/game/leg.dart
DA:17,1
DA:18,1
DA:20,1
DA:21,5
DA:23,1
LF:5
LH:5
end_of_record
SF:lib/domain/game/leg_stats.dart
DA:25,2
DA:26,3
DA:27,4
DA:29,3
DA:31,3
DA:32,3
DA:33,3
DA:34,3
DA:35,3
DA:36,3
DA:37,3
DA:38,3
DA:39,3
LF:13
LH:13
end_of_record
SF:lib/domain/game/set_stats.dart
DA:31,2
DA:32,3
DA:33,3
DA:34,3
DA:35,3
DA:36,3
DA:37,3
DA:38,3
DA:39,3
DA:40,3
DA:41,3
DA:42,3
LF:12
LH:12
end_of_record
SF:lib/domain/play/offline/dartbot_snapshot.dart
DA:31,0
DA:32,0
DA:33,0
DA:35,0
DA:51,0
LF:5
LH:0
end_of_record
SF:lib/domain/play/offline/offline_player_snapshot.dart
DA:30,2
DA:31,1
DA:32,3
DA:34,4
DA:50,1
LF:5
LH:5
end_of_record
SF:lib/domain/play/online/online_player_snapshot.dart
DA:31,4
DA:32,2
DA:33,6
DA:35,6
DA:36,8
DA:52,2
LF:6
LH:6
end_of_record
SF:lib/domain/training/bobs_twenty_seven/bobs_twenty_seven_training_player_snapshot.dart
DA:24,0
DA:25,0
DA:26,0
DA:27,0
DA:28,0
DA:29,0
DA:32,0
DA:33,0
DA:34,0
LF:9
LH:0
end_of_record
SF:lib/domain/training/double/double_training_player_snapshot.dart
DA:24,0
DA:25,0
DA:26,0
DA:27,0
DA:28,0
DA:31,0
DA:32,0
DA:33,0
LF:8
LH:0
end_of_record
SF:lib/domain/training/score/score_training_player_snapshot.dart
DA:25,0
DA:26,0
DA:27,0
DA:28,0
DA:29,0
DA:30,0
DA:31,0
DA:32,0
DA:33,0
DA:34,0
LF:10
LH:0
end_of_record
SF:lib/domain/training/single/single_training_player_snapshot.dart
DA:26,0
DA:29,0
DA:30,0
DA:42,0
DA:43,0
DA:44,0
DA:45,0
DA:46,0
DA:47,0
DA:48,0
DA:49,0
DA:50,0
DA:51,0
DA:52,0
DA:53,0
LF:15
LH:0
end_of_record
SF:lib/generated/codegen_loader.g.dart
DA:10,64
DA:12,0
DA:14,0
LF:3
LH:1
end_of_record
SF:lib/infrastructure/auth/firebase_auth_service.dart
DA:27,0
DA:35,0
DA:36,0
DA:42,0
DA:45,0
DA:46,0
DA:49,0
DA:52,0
DA:53,0
DA:56,0
DA:57,0
DA:59,0
DA:60,0
DA:66,0
DA:72,0
DA:73,0
DA:76,0
DA:77,0
DA:85,0
DA:86,0
DA:92,0
DA:93,0
DA:95,0
DA:96,0
DA:101,0
DA:105,0
DA:106,0
DA:110,0
DA:111,0
DA:112,0
DA:114,0
DA:115,0
DA:116,0
DA:117,0
DA:118,0
DA:121,0
DA:126,0
DA:128,0
DA:129,0
DA:131,0
DA:137,0
DA:140,0
DA:142,0
DA:144,0
DA:145,0
DA:150,0
DA:151,0
DA:153,0
DA:157,0
DA:159,0
DA:160,0
DA:161,0
DA:164,0
DA:166,0
DA:168,0
DA:169,0
DA:174,0
DA:178,0
DA:179,0
DA:186,0
DA:188,0
DA:193,0
DA:194,0
DA:199,0
DA:201,0
DA:202,0
DA:203,0
DA:204,0
DA:207,0
DA:209,0
DA:210,0
DA:215,0
DA:220,0
DA:221,0
DA:224,0
DA:225,0
DA:228,0
DA:229,0
DA:234,0
DA:235,0
DA:236,0
DA:237,0
DA:241,0
DA:247,0
DA:248,0
DA:249,0
DA:250,0
DA:254,0
DA:258,0
DA:262,0
DA:263,0
DA:265,0
DA:266,0
DA:270,0
DA:271,0
DA:272,0
DA:273,0
DA:275,0
DA:276,0
DA:277,0
DA:279,0
DA:280,0
DA:284,0
DA:286,0
DA:292,0
DA:295,0
DA:296,0
DA:297,0
DA:300,0
DA:307,0
DA:310,0
DA:311,0
DA:312,0
DA:316,0
DA:317,0
DA:318,0
DA:319,0
LF:117
LH:0
end_of_record
SF:lib/infrastructure/auth/mocked_auth_service.dart
DA:17,1
DA:18,1
DA:21,1
DA:22,1
DA:30,1
DA:31,2
DA:34,1
DA:38,1
DA:39,1
DA:42,1
DA:45,1
DA:49,1
DA:51,2
DA:52,1
DA:55,1
DA:59,1
DA:64,2
DA:65,1
DA:68,2
DA:69,1
DA:72,1
DA:76,1
DA:78,2
DA:79,1
DA:82,1
DA:86,1
DA:88,2
DA:89,1
DA:92,1
DA:96,1
DA:101,2
DA:102,1
DA:105,2
DA:106,1
DA:109,1
DA:113,1
DA:115,2
DA:116,1
DA:119,1
DA:123,1
DA:129,1
DA:130,1
DA:133,1
DA:134,1
DA:137,1
DA:138,1
DA:141,2
DA:142,1
DA:145,1
DA:149,1
DA:153,1
DA:155,1
DA:156,1
DA:159,1
DA:160,1
DA:163,1
DA:166,1
DA:169,1
DA:172,1
DA:174,2
DA:176,1
DA:177,2
DA:179,0
DA:181,0
LF:64
LH:62
end_of_record
SF:lib/infrastructure/connectivity/connectivity_service.dart
DA:11,0
DA:16,0
DA:17,0
DA:19,0
DA:22,0
DA:24,0
DA:25,0
LF:7
LH:0
end_of_record
SF:lib/infrastructure/connectivity/mocked_connectivity_service.dart
DA:12,1
DA:13,1
DA:16,3
DA:18,1
DA:19,2
LF:5
LH:5
end_of_record
SF:lib/infrastructure/core/errors.dart
DA:5,6
DA:7,0
DA:8,0
LF:3
LH:1
end_of_record
SF:lib/infrastructure/core/firebase_injectable_module.dart
DA:9,0
DA:10,0
DA:12,0
DA:13,0
DA:15,0
DA:16,0
DA:18,0
DA:19,0
LF:8
LH:0
end_of_record
SF:lib/infrastructure/core/firestore_helpers.dart
DA:12,0
DA:13,0
DA:16,0
DA:18,0
DA:19,0
DA:20,0
DA:27,0
DA:29,0
DA:38,0
DA:40,0
DA:49,0
DA:51,0
DA:60,0
DA:62,0
DA:71,0
DA:73,0
DA:80,0
DA:83,0
DA:84,0
DA:85,0
DA:86,0
DA:90,0
DA:91,0
LF:23
LH:0
end_of_record
SF:lib/infrastructure/core/jtd_injectable_module.dart
DA:10,0
DA:11,0
DA:13,0
DA:14,0
DA:16,0
DA:17,0
DA:19,0
DA:20,0
DA:22,0
DA:23,0
LF:10
LH:0
end_of_record
SF:lib/infrastructure/core/storage_helpers.dart
DA:11,0
DA:12,0
DA:15,0
DA:17,0
DA:18,0
DA:19,0
LF:6
LH:0
end_of_record
SF:lib/infrastructure/friend/friend_dto.dart
DA:16,2
DA:18,1
DA:19,1
DA:20,2
DA:21,2
DA:25,1
DA:26,1
DA:27,2
DA:28,2
DA:32,1
DA:33,1
LF:11
LH:11
end_of_record
SF:lib/infrastructure/friend/friend_dto.g.dart
DA:9,2
DA:10,1
DA:11,2
DA:14,1
DA:15,1
DA:16,1
DA:17,2
LF:7
LH:7
end_of_record
SF:lib/infrastructure/user/profile_dto.dart
DA:19,8
DA:21,4
DA:22,4
DA:23,4
DA:24,8
DA:25,8
DA:29,4
DA:30,4
DA:31,4
DA:32,8
DA:33,8
DA:37,4
DA:38,4
LF:13
LH:13
end_of_record
SF:lib/infrastructure/user/profile_dto.g.dart
DA:9,4
DA:10,4
DA:11,4
DA:12,4
DA:13,4
DA:14,4
DA:17,4
DA:18,4
DA:19,4
DA:20,4
DA:21,8
LF:11
LH:11
end_of_record
SF:lib/infrastructure/friend/friend_request_dto.dart
DA:19,1
DA:21,1
DA:22,1
DA:23,2
DA:24,2
DA:25,2
DA:26,2
DA:27,1
DA:28,2
DA:32,1
DA:33,1
DA:34,2
DA:35,2
DA:36,2
DA:37,2
DA:38,1
DA:39,2
DA:43,1
DA:44,1
LF:19
LH:19
end_of_record
SF:lib/infrastructure/friend/friend_request_dto.g.dart
DA:9,1
DA:10,1
DA:11,1
DA:12,1
DA:13,1
DA:14,1
DA:15,1
DA:16,1
DA:19,1
DA:20,1
DA:21,1
DA:22,1
DA:23,1
DA:24,1
DA:25,1
DA:26,1
LF:16
LH:16
end_of_record
SF:lib/infrastructure/friend/friend_service.dart
DA:37,0
DA:42,0
DA:43,0
DA:44,0
DA:45,0
DA:47,0
DA:48,0
DA:49,0
DA:50,0
DA:51,0
DA:52,0
DA:53,0
DA:55,0
DA:56,0
DA:57,0
DA:63,0
DA:66,0
DA:67,0
DA:68,0
DA:72,0
DA:74,0
DA:79,0
DA:82,0
DA:83,0
DA:84,0
DA:88,0
DA:90,0
DA:95,0
DA:98,0
DA:99,0
DA:100,0
DA:104,0
DA:106,0
DA:110,0
DA:112,0
DA:114,0
DA:117,0
DA:119,0
DA:121,0
DA:124,0
DA:126,0
DA:128,0
DA:132,0
DA:133,0
DA:136,0
DA:142,0
DA:143,0
DA:144,0
DA:146,0
DA:147,0
DA:150,0
DA:152,0
DA:153,0
DA:158,0
DA:161,0
DA:162,0
DA:163,0
DA:167,0
DA:169,0
DA:177,0
DA:182,0
DA:187,0
DA:188,0
DA:189,0
DA:190,0
DA:191,0
DA:192,0
DA:195,0
DA:196,0
DA:197,0
DA:198,0
DA:199,0
DA:200,0
DA:201,0
DA:204,0
DA:206,0
DA:207,0
DA:209,0
DA:210,0
DA:212,0
DA:215,0
DA:216,0
DA:219,0
DA:223,0
DA:226,0
DA:229,0
DA:231,0
DA:232,0
DA:235,0
DA:237,0
DA:238,0
DA:243,0
DA:246,0
DA:248,0
DA:249,0
DA:253,0
DA:255,0
DA:260,0
DA:262,0
DA:263,0
DA:264,0
DA:265,0
DA:266,0
DA:267,0
DA:268,0
DA:269,0
DA:271,0
DA:273,0
DA:274,0
DA:275,0
DA:276,0
DA:277,0
DA:279,0
DA:281,0
DA:282,0
DA:285,0
DA:288,0
DA:291,0
DA:296,0
DA:297,0
DA:298,0
DA:299,0
DA:300,0
DA:301,0
DA:302,0
DA:303,0
DA:304,0
DA:306,0
DA:307,0
DA:310,0
DA:311,0
DA:312,0
DA:315,0
DA:320,0
DA:321,0
DA:322,0
DA:323,0
DA:324,0
DA:325,0
DA:326,0
DA:327,0
DA:328,0
DA:330,0
DA:331,0
DA:334,0
DA:335,0
DA:337,0
DA:340,0
DA:341,0
DA:346,0
DA:347,0
DA:348,0
LF:152
LH:0
end_of_record
SF:lib/infrastructure/friend/user_snapshot_dto.dart
DA:16,2
DA:18,1
DA:19,1
DA:20,2
DA:21,1
DA:22,2
DA:26,1
DA:27,1
DA:28,2
DA:29,1
DA:30,2
DA:34,1
DA:35,1
LF:13
LH:13
end_of_record
SF:lib/infrastructure/friend/user_snapshot_dto.g.dart
DA:9,1
DA:10,1
DA:11,1
DA:12,1
DA:13,1
DA:16,1
DA:17,1
DA:18,1
DA:19,1
DA:20,1
LF:10
LH:10
end_of_record
SF:lib/infrastructure/friend/mocked_friend_service.dart
DA:36,1
DA:39,1
DA:41,1
DA:42,1
DA:43,1
DA:44,4
DA:46,3
DA:47,3
DA:48,3
DA:49,2
DA:50,1
DA:51,1
DA:52,2
DA:58,0
DA:61,0
DA:63,0
DA:65,0
DA:66,0
DA:67,0
DA:71,0
DA:72,0
DA:74,0
DA:75,0
DA:78,0
DA:82,0
DA:85,0
DA:87,0
DA:88,0
DA:89,0
DA:90,0
DA:91,0
DA:93,0
DA:94,0
DA:97,0
DA:98,0
DA:101,0
DA:104,0
DA:108,0
DA:111,0
DA:113,0
DA:114,0
DA:117,0
DA:120,0
DA:122,0
DA:124,0
DA:127,0
DA:130,0
DA:132,0
DA:134,0
DA:137,0
DA:140,0
DA:142,0
DA:144,0
DA:147,0
DA:151,0
DA:152,0
DA:155,0
DA:157,0
DA:158,0
DA:160,0
DA:161,0
DA:163,0
DA:167,0
DA:171,0
DA:174,0
DA:176,0
DA:177,0
DA:178,0
DA:179,0
DA:180,0
DA:182,0
DA:183,0
DA:186,0
DA:187,0
DA:190,0
DA:193,0
DA:198,0
DA:203,0
DA:205,0
DA:206,0
DA:207,0
DA:208,0
DA:212,0
DA:214,0
DA:215,0
DA:216,0
DA:217,0
DA:222,0
DA:223,0
DA:224,0
DA:226,0
DA:227,0
DA:228,0
DA:234,0
DA:235,0
DA:237,0
DA:238,0
DA:239,0
DA:246,0
DA:249,0
DA:253,0
DA:256,0
DA:258,0
DA:259,0
DA:262,0
DA:266,0
DA:269,0
DA:271,0
DA:272,0
DA:273,0
DA:274,0
DA:276,0
DA:277,0
DA:279,0
DA:280,0
DA:282,0
DA:285,0
DA:288,1
DA:290,1
DA:291,2
DA:294,1
DA:297,1
DA:298,2
DA:301,1
DA:304,1
DA:306,0
DA:310,1
DA:311,2
DA:312,1
DA:318,1
DA:320,1
DA:322,1
DA:323,2
DA:324,3
DA:325,1
DA:327,0
DA:333,1
DA:335,1
DA:337,1
DA:338,2
DA:339,3
DA:340,1
DA:342,0
DA:348,1
DA:350,1
DA:352,1
DA:353,2
DA:354,3
DA:355,1
DA:357,0
DA:362,0
DA:363,0
DA:364,0
DA:365,0
DA:366,0
DA:367,0
DA:369,0
DA:370,0
DA:373,0
DA:374,0
LF:160
LH:42
end_of_record
SF:lib/main_dev.dart
DA:18,0
DA:19,0
DA:20,0
DA:24,0
DA:31,0
DA:32,0
DA:33,0
DA:35,0
DA:36,0
LF:9
LH:0
end_of_record
SF:lib/infrastructure/game/offline/offline_game_dto.dart
DA:32,2
DA:34,1
DA:36,4
DA:38,1
DA:39,2
DA:40,2
DA:41,2
DA:42,2
DA:43,1
DA:44,2
DA:45,1
DA:46,1
DA:47,2
DA:48,1
DA:49,1
DA:50,1
DA:51,1
DA:55,0
DA:56,0
DA:99,1
DA:100,1
LF:21
LH:19
end_of_record
SF:lib/infrastructure/game/offline/offline_game_dto.g.dart
DA:9,1
DA:10,1
DA:11,1
DA:12,1
DA:13,1
DA:14,1
DA:15,1
DA:16,1
DA:17,1
DA:18,1
DA:19,2
DA:20,1
DA:21,1
DA:24,1
DA:25,1
DA:26,1
DA:27,1
DA:28,1
DA:29,1
DA:30,1
DA:31,1
DA:32,1
DA:33,1
DA:34,2
DA:35,1
LF:25
LH:25
end_of_record
SF:lib/infrastructure/game/online/online_game_dto.dart
DA:32,2
DA:34,1
DA:36,4
DA:38,1
DA:39,2
DA:40,2
DA:41,2
DA:42,2
DA:43,2
DA:44,1
DA:45,2
DA:46,1
DA:47,1
DA:48,2
DA:49,2
DA:50,1
DA:84,1
DA:85,1
LF:18
LH:18
end_of_record
SF:lib/infrastructure/game/online/online_game_dto.g.dart
DA:9,1
DA:10,1
DA:11,1
DA:12,1
DA:13,1
DA:14,1
DA:15,1
DA:16,1
DA:17,1
DA:18,1
DA:19,1
DA:20,3
DA:21,1
DA:24,1
DA:25,1
DA:26,1
DA:27,1
DA:28,1
DA:29,1
DA:30,1
DA:31,1
DA:32,1
DA:33,1
DA:34,5
LF:24
LH:24
end_of_record
SF:lib/infrastructure/game/leg_dto.dart
DA:19,16
DA:21,7
DA:24,7
DA:26,7
DA:27,35
DA:28,7
DA:29,7
DA:30,7
DA:31,7
DA:32,7
DA:33,7
DA:34,7
DA:35,7
DA:36,7
DA:37,7
DA:38,7
DA:39,7
DA:40,7
DA:41,7
DA:42,7
DA:43,7
DA:48,2
DA:49,2
DA:50,10
DA:54,7
DA:57,7
DA:59,35
DA:63,16
LF:28
LH:28
end_of_record
SF:lib/infrastructure/game/leg_dto.g.dart
DA:9,16
DA:10,8
DA:11,24
DA:12,8
DA:15,16
DA:16,40
LF:6
LH:6
end_of_record
SF:lib/infrastructure/game/set_dto.dart
DA:19,5
DA:21,2
DA:24,2
DA:26,2
DA:27,2
DA:28,8
DA:30,2
DA:31,2
DA:33,2
DA:34,2
DA:35,2
DA:36,2
DA:37,2
DA:38,2
DA:39,2
DA:40,2
DA:41,2
DA:42,2
DA:43,2
DA:44,2
DA:45,2
DA:46,2
DA:47,2
DA:52,1
DA:53,1
DA:54,5
DA:58,2
DA:61,2
DA:63,2
DA:64,6
DA:65,2
DA:69,4
LF:32
LH:32
end_of_record
SF:lib/infrastructure/game/set_dto.g.dart
DA:9,4
DA:10,2
DA:11,6
DA:12,2
DA:15,4
DA:16,10
LF:6
LH:6
end_of_record
SF:lib/infrastructure/game/offline/dartbot_dto.dart
DA:31,4
DA:33,1
DA:37,1
DA:42,2
DA:44,3
DA:48,1
DA:49,1
DA:50,1
DA:51,2
DA:53,1
DA:55,1
DA:56,2
DA:57,2
DA:58,1
DA:59,1
DA:60,1
DA:61,1
DA:62,1
DA:63,1
DA:64,1
DA:65,1
DA:66,1
DA:67,1
DA:68,1
DA:69,1
DA:70,1
DA:71,1
DA:72,1
DA:73,1
DA:74,1
DA:75,1
DA:76,1
DA:77,1
DA:78,1
DA:79,1
DA:80,1
DA:82,1
DA:85,0
DA:86,0
DA:87,0
DA:89,0
DA:91,0
DA:92,0
DA:93,0
DA:94,0
DA:95,0
DA:96,0
DA:97,0
DA:98,0
DA:99,0
DA:100,0
DA:101,0
DA:102,0
DA:103,0
DA:104,0
DA:105,0
DA:106,0
DA:107,0
DA:108,0
DA:109,0
DA:110,0
DA:111,0
DA:112,0
DA:113,0
DA:114,0
DA:115,0
DA:116,0
DA:118,0
DA:123,1
DA:127,2
DA:129,3
DA:133,1
DA:134,1
DA:135,1
DA:136,2
DA:138,1
DA:140,1
DA:143,1
DA:144,1
DA:147,0
DA:148,0
DA:149,0
DA:151,0
DA:153,0
DA:156,0
DA:157,0
DA:162,2
DA:163,2
LF:88
LH:50
end_of_record
SF:lib/infrastructure/game/offline/dartbot_dto.g.dart
DA:9,2
DA:10,2
DA:11,2
DA:13,4
DA:14,2
DA:17,2
DA:18,2
DA:19,2
DA:21,4
DA:22,2
LF:10
LH:10
end_of_record
SF:lib/infrastructure/game/offline/offline_player_dto.dart
DA:29,8
DA:31,3
DA:35,3
DA:40,6
DA:42,9
DA:46,3
DA:47,3
DA:48,3
DA:49,6
DA:51,3
DA:53,3
DA:54,6
DA:55,3
DA:56,6
DA:57,3
DA:58,3
DA:59,3
DA:60,3
DA:61,3
DA:62,3
DA:63,3
DA:64,3
DA:65,3
DA:66,3
DA:67,3
DA:68,3
DA:69,3
DA:70,3
DA:71,3
DA:72,3
DA:73,3
DA:74,3
DA:75,3
DA:76,3
DA:77,3
DA:78,3
DA:79,3
DA:83,1
DA:84,1
DA:85,2
DA:87,1
DA:89,1
DA:90,2
DA:91,1
DA:92,2
DA:93,1
DA:94,1
DA:95,1
DA:96,1
DA:97,1
DA:98,1
DA:99,1
DA:100,1
DA:101,1
DA:102,1
DA:103,1
DA:104,1
DA:105,1
DA:106,1
DA:107,1
DA:108,1
DA:109,1
DA:110,1
DA:111,1
DA:112,1
DA:113,1
DA:114,1
DA:115,1
DA:121,3
DA:125,6
DA:127,9
DA:131,3
DA:132,3
DA:133,3
DA:134,6
DA:136,3
DA:138,3
DA:139,3
DA:140,3
DA:143,3
DA:146,1
DA:147,1
DA:148,2
DA:150,1
DA:152,1
DA:153,1
DA:154,1
DA:157,1
DA:162,4
DA:163,4
LF:90
LH:90
end_of_record
SF:lib/infrastructure/game/offline/offline_player_dto.g.dart
DA:9,4
DA:10,4
DA:11,4
DA:12,4
DA:14,8
DA:17,4
DA:18,4
DA:19,4
DA:20,4
DA:22,8
LF:10
LH:10
end_of_record
SF:lib/infrastructure/game/online/online_player_dto.dart
DA:30,4
DA:32,1
DA:36,1
DA:41,2
DA:43,3
DA:47,1
DA:48,1
DA:49,1
DA:50,2
DA:52,1
DA:54,1
DA:55,2
DA:56,1
DA:57,2
DA:58,1
DA:59,1
DA:61,1
DA:62,1
DA:63,1
DA:64,1
DA:65,1
DA:66,1
DA:67,1
DA:68,1
DA:69,1
DA:70,1
DA:71,1
DA:72,1
DA:73,1
DA:74,1
DA:75,1
DA:76,1
DA:77,1
DA:78,1
DA:79,1
DA:80,1
DA:81,1
DA:85,0
DA:86,0
DA:87,0
DA:89,0
DA:91,0
DA:92,0
DA:93,0
DA:94,0
DA:95,0
DA:96,0
DA:97,0
DA:98,0
DA:99,0
DA:100,0
DA:101,0
DA:102,0
DA:103,0
DA:104,0
DA:105,0
DA:106,0
DA:107,0
DA:108,0
DA:109,0
DA:110,0
DA:111,0
DA:112,0
DA:113,0
DA:114,0
DA:115,0
DA:116,0
DA:117,0
DA:123,1
DA:127,2
DA:129,3
DA:133,1
DA:134,1
DA:135,1
DA:136,2
DA:138,1
DA:140,1
DA:141,1
DA:142,1
DA:145,1
DA:148,0
DA:149,0
DA:150,0
DA:152,0
DA:154,0
DA:155,0
DA:156,0
DA:159,0
DA:164,2
DA:165,2
LF:90
LH:51
end_of_record
SF:lib/infrastructure/game/online/online_player_dto.g.dart
DA:9,2
DA:10,2
DA:11,2
DA:12,2
DA:13,2
DA:15,4
DA:18,2
DA:19,2
DA:20,2
DA:21,2
DA:22,2
DA:24,4
LF:12
LH:12
end_of_record
SF:lib/infrastructure/game/converters.dart
DA:13,577
DA:15,6
DA:20,24
DA:22,4
DA:26,6
DA:30,18
DA:31,3
DA:32,1
DA:38,6
DA:39,6
DA:40,6
DA:41,6
DA:43,1
DA:46,6
DA:52,193
DA:54,2
DA:56,2
DA:57,1
DA:58,4
DA:59,1
DA:61,2
DA:65,2
DA:69,2
DA:70,1
DA:71,2
DA:72,2
DA:74,1
LF:27
LH:27
end_of_record
SF:lib/infrastructure/game/dart_dto.dart
DA:12,2
DA:13,6
DA:16,2
DA:17,2
DA:18,8
DA:19,2
DA:26,2
DA:27,6
DA:30,2
DA:31,2
DA:32,8
DA:33,2
DA:40,2
DA:41,6
DA:44,2
DA:45,2
DA:46,8
DA:47,2
DA:59,3
DA:61,2
DA:62,2
DA:63,4
DA:64,2
DA:68,2
DA:69,2
DA:70,4
DA:71,2
DA:75,2
DA:76,2
DA:77,4
DA:78,2
DA:82,2
DA:83,2
DA:84,4
DA:85,2
DA:89,2
DA:90,2
DA:91,4
DA:92,2
DA:96,2
DA:97,2
DA:98,4
DA:99,2
DA:103,2
DA:104,2
LF:45
LH:45
end_of_record
SF:lib/infrastructure/game/dart_dto.g.dart
DA:9,4
DA:10,2
DA:11,2
DA:14,2
DA:15,2
DA:16,2
DA:17,2
LF:7
LH:7
end_of_record
SF:lib/infrastructure/game/throw_dto.dart
DA:23,18
DA:25,1
DA:26,1
DA:27,1
DA:28,1
DA:29,1
DA:30,6
DA:34,8
DA:35,8
DA:36,8
DA:37,8
DA:38,8
DA:39,12
DA:43,3
DA:44,3
DA:45,3
DA:46,3
DA:47,3
DA:48,7
DA:52,8
DA:53,8
DA:54,8
DA:55,16
DA:56,6
DA:57,8
DA:58,8
DA:62,1
DA:63,1
DA:64,1
DA:65,1
DA:66,1
DA:67,5
DA:71,1
DA:72,1
DA:73,1
DA:74,1
DA:75,1
DA:76,5
DA:80,9
DA:81,9
LF:40
LH:40
end_of_record
SF:lib/infrastructure/game/throw_dto.g.dart
DA:9,18
DA:10,9
DA:11,9
DA:12,9
DA:13,9
DA:14,3
DA:15,1
DA:18,9
DA:19,9
DA:20,9
DA:21,9
DA:22,9
DA:23,13
LF:13
LH:13
end_of_record
SF:lib/infrastructure/game/mode_x.dart
DA:8,3
DA:9,9
DA:12,5
DA:13,5
DA:14,20
DA:15,2
DA:22,2
DA:23,6
DA:26,1
DA:27,1
DA:28,4
DA:29,2
DA:36,2
DA:37,6
DA:40,1
DA:41,1
DA:42,4
DA:43,2
LF:18
LH:18
end_of_record
SF:lib/infrastructure/game/status_x.dart
DA:8,1
DA:9,3
DA:12,9
DA:13,9
DA:14,36
DA:15,2
DA:22,6
DA:23,18
DA:26,1
DA:27,1
DA:28,4
DA:29,2
DA:36,2
DA:37,6
DA:40,1
DA:41,1
DA:42,4
DA:43,2
LF:18
LH:18
end_of_record
SF:lib/infrastructure/game/type_x.dart
DA:8,1
DA:9,3
DA:12,5
DA:13,5
DA:14,20
DA:15,2
DA:22,2
DA:23,6
DA:26,1
DA:27,1
DA:28,4
DA:29,2
DA:36,2
DA:37,6
DA:40,1
DA:41,1
DA:42,4
DA:43,2
LF:18
LH:18
end_of_record
SF:lib/infrastructure/game/player_stats_dto.dart
DA:33,8
DA:35,4
DA:36,4
DA:37,4
DA:38,4
DA:39,4
DA:40,4
DA:41,4
DA:42,4
DA:43,4
DA:44,4
DA:45,4
DA:46,4
DA:47,4
DA:48,4
DA:49,4
DA:50,4
DA:51,4
DA:52,4
DA:53,4
DA:54,4
DA:55,4
DA:56,4
DA:60,2
DA:61,2
DA:62,2
DA:63,2
DA:64,2
DA:65,2
DA:66,2
DA:67,2
DA:68,2
DA:69,2
DA:70,2
DA:71,2
DA:72,2
DA:73,2
DA:74,2
DA:75,2
DA:76,2
DA:77,2
DA:78,2
DA:79,2
DA:80,2
DA:81,2
DA:85,1
DA:86,1
LF:47
LH:47
end_of_record
SF:lib/infrastructure/game/player_stats_dto.g.dart
DA:9,1
DA:10,1
DA:11,2
DA:12,2
DA:13,2
DA:14,1
DA:15,2
DA:16,1
DA:17,2
DA:18,2
DA:19,1
DA:20,2
DA:21,2
DA:22,2
DA:23,1
DA:24,1
DA:25,1
DA:26,1
DA:27,1
DA:28,1
DA:29,1
DA:30,1
DA:33,1
DA:34,1
DA:35,1
DA:36,1
DA:37,1
DA:38,1
DA:39,1
DA:40,1
DA:41,1
DA:42,1
DA:43,1
DA:44,1
DA:45,1
DA:46,1
DA:47,1
DA:48,1
DA:49,1
DA:50,1
DA:51,1
DA:52,1
DA:53,1
DA:54,1
LF:44
LH:44
end_of_record
SF:lib/infrastructure/game_history/game_history_service.dart
DA:24,0
DA:32,0
DA:34,0
DA:35,0
DA:37,0
DA:38,0
DA:41,0
DA:42,0
DA:43,0
DA:45,0
DA:46,0
DA:49,0
DA:52,0
DA:54,0
DA:55,0
DA:61,0
DA:65,0
DA:66,0
DA:68,0
DA:69,0
DA:72,0
DA:73,0
DA:74,0
DA:76,0
DA:78,0
DA:82,0
DA:84,0
DA:85,0
DA:87,0
DA:89,0
DA:90,0
DA:91,0
DA:92,0
DA:93,0
DA:99,0
DA:102,0
DA:104,0
DA:105,0
LF:38
LH:0
end_of_record
SF:lib/infrastructure/game_history/mocked_game_history_service.dart
DA:18,1
DA:24,1
DA:25,1
DA:28,1
DA:29,3
DA:30,2
DA:33,5
DA:35,2
DA:38,1
DA:43,1
DA:46,1
DA:49,1
DA:50,3
DA:51,2
DA:54,5
DA:56,2
DA:59,1
DA:63,1
DA:64,2
DA:65,1
LF:20
LH:20
end_of_record
SF:lib/infrastructure/game_invitation/game_invitation_dto.dart
DA:20,1
DA:22,1
DA:23,1
DA:24,2
DA:25,2
DA:26,2
DA:27,2
DA:28,2
DA:29,1
DA:30,2
DA:34,1
DA:35,1
DA:36,2
DA:37,2
DA:38,2
DA:39,2
DA:40,2
DA:41,1
DA:42,2
DA:46,1
DA:47,1
LF:21
LH:21
end_of_record
SF:lib/infrastructure/game_invitation/game_invitation_dto.g.dart
DA:9,1
DA:10,1
DA:11,1
DA:12,1
DA:13,1
DA:14,1
DA:15,1
DA:16,1
DA:17,1
DA:20,1
DA:22,1
DA:23,1
DA:24,1
DA:25,1
DA:26,1
DA:27,1
DA:28,1
DA:29,1
LF:18
LH:18
end_of_record
SF:lib/infrastructure/game_invitation/game_invitation_service.dart
DA:34,0
DA:39,0
DA:40,0
DA:41,0
DA:43,0
DA:44,0
DA:45,0
DA:46,0
DA:47,0
DA:49,0
DA:50,0
DA:56,0
DA:59,0
DA:61,0
DA:62,0
DA:65,0
DA:66,0
DA:70,0
DA:72,0
DA:77,0
DA:80,0
DA:81,0
DA:82,0
DA:86,0
DA:88,0
DA:93,0
DA:96,0
DA:97,0
DA:98,0
DA:102,0
DA:104,0
DA:108,0
DA:111,0
DA:113,0
DA:116,0
DA:119,0
DA:121,0
DA:126,0
DA:127,0
DA:130,0
DA:136,0
DA:137,0
DA:138,0
DA:140,0
DA:141,0
DA:144,0
DA:146,0
DA:147,0
DA:152,0
DA:156,0
DA:157,0
DA:158,0
DA:162,0
DA:164,0
DA:170,0
DA:171,0
DA:172,0
DA:174,0
DA:175,0
DA:176,0
DA:177,0
DA:178,0
DA:179,0
DA:181,0
DA:182,0
DA:185,0
DA:186,0
DA:187,0
DA:190,0
DA:191,0
DA:198,0
DA:199,0
DA:200,0
DA:202,0
DA:203,0
DA:204,0
DA:205,0
DA:206,0
DA:207,0
DA:209,0
DA:210,0
DA:213,0
DA:214,0
DA:215,0
DA:218,0
DA:219,0
DA:224,0
DA:225,0
DA:226,0
LF:89
LH:0
end_of_record
SF:lib/infrastructure/game_invitation/mocked_game_invitation_service.dart
DA:25,1
DA:28,1
DA:30,1
DA:31,4
DA:33,3
DA:34,3
DA:35,1
DA:36,1
DA:37,2
DA:43,1
DA:46,1
DA:48,1
DA:49,1
DA:52,1
DA:56,1
DA:59,1
DA:61,2
DA:62,1
DA:63,1
DA:64,1
DA:65,1
DA:67,1
DA:68,2
DA:71,2
DA:72,2
DA:74,1
DA:77,1
DA:81,1
DA:84,1
DA:86,1
DA:87,1
DA:90,1
DA:93,1
DA:96,1
DA:98,2
DA:101,1
DA:104,1
DA:107,1
DA:109,2
DA:112,1
DA:117,1
DA:119,4
DA:121,2
DA:122,1
DA:124,1
DA:125,3
DA:127,1
DA:131,1
DA:135,1
DA:139,1
DA:142,4
DA:144,2
DA:145,1
DA:146,1
DA:147,1
DA:148,3
DA:156,1
DA:159,1
DA:162,1
DA:165,1
DA:166,2
DA:169,1
DA:172,1
DA:173,2
DA:178,1
DA:180,1
DA:182,1
DA:183,1
DA:184,1
DA:185,1
DA:186,1
DA:187,1
DA:188,1
DA:189,1
DA:191,1
DA:197,1
DA:199,1
DA:201,1
DA:202,1
DA:203,1
DA:204,1
DA:205,1
DA:206,1
DA:207,1
DA:208,1
DA:210,1
DA:215,1
DA:216,2
DA:217,1
DA:218,1
DA:219,1
DA:220,1
DA:222,1
DA:223,2
DA:226,2
DA:227,2
DA:232,1
DA:233,2
DA:234,1
LF:99
LH:99
end_of_record
SF:lib/infrastructure/play/offline/offline_game_snapshot_dto.dart
DA:28,2
DA:30,1
DA:31,1
DA:32,2
DA:33,2
DA:34,1
DA:35,2
DA:36,1
DA:37,1
DA:38,2
DA:39,1
DA:40,1
DA:41,1
DA:43,1
DA:51,1
DA:52,1
DA:53,2
DA:54,2
DA:55,1
DA:56,2
DA:57,1
DA:58,2
DA:59,1
DA:60,1
DA:61,1
DA:63,1
DA:66,1
LF:27
LH:27
end_of_record
SF:lib/infrastructure/play/online/online_game_snapshot_dto.dart
DA:28,2
DA:30,1
DA:31,1
DA:32,2
DA:33,2
DA:34,1
DA:35,2
DA:36,1
DA:37,1
DA:38,2
DA:39,2
DA:45,1
DA:46,1
DA:47,2
DA:48,2
DA:49,1
DA:50,2
DA:51,1
DA:52,1
DA:53,1
DA:54,1
DA:55,1
DA:57,1
LF:23
LH:23
end_of_record
SF:lib/infrastructure/play/offline/dartbot_snapshot_dto.dart
DA:33,4
DA:35,2
DA:36,2
DA:37,4
DA:38,2
DA:39,2
DA:40,2
DA:41,2
DA:42,2
DA:43,2
DA:44,2
DA:46,2
DA:47,2
DA:48,2
DA:49,3
DA:50,2
DA:54,2
DA:55,2
DA:56,2
DA:57,2
DA:58,2
DA:59,2
DA:60,2
DA:61,2
DA:62,2
DA:63,2
DA:64,2
DA:65,2
DA:66,1
DA:67,1
DA:68,1
DA:69,1
DA:70,1
DA:71,1
DA:72,1
DA:73,1
DA:74,1
DA:75,1
DA:76,1
DA:77,1
DA:78,1
DA:79,1
DA:80,1
DA:81,1
DA:82,1
DA:83,1
DA:84,1
DA:85,1
DA:86,1
DA:89,2
LF:50
LH:50
end_of_record
SF:lib/infrastructure/play/offline/offline_player_snapshot_dto.dart
DA:32,4
DA:34,2
DA:35,2
DA:36,4
DA:37,2
DA:38,2
DA:39,2
DA:40,2
DA:41,2
DA:42,2
DA:43,2
DA:45,2
DA:46,2
DA:47,2
DA:48,3
DA:52,2
DA:53,2
DA:54,2
DA:55,2
DA:56,2
DA:57,2
DA:58,2
DA:59,2
DA:60,2
DA:61,2
DA:62,2
DA:63,2
DA:64,2
DA:65,1
DA:66,1
DA:67,1
DA:68,1
DA:69,1
DA:70,1
DA:71,1
DA:72,1
DA:73,1
DA:74,1
DA:75,1
DA:76,1
DA:77,1
DA:78,1
DA:79,1
DA:80,1
DA:81,1
DA:82,1
DA:83,1
DA:84,1
DA:85,1
LF:49
LH:49
end_of_record
SF:lib/infrastructure/play/online/online_player_snapshot_dto.dart
DA:33,4
DA:35,2
DA:36,2
DA:37,4
DA:38,2
DA:39,2
DA:40,2
DA:41,2
DA:42,2
DA:43,2
DA:44,2
DA:45,2
DA:47,2
DA:48,2
DA:49,2
DA:50,3
DA:54,2
DA:55,2
DA:56,2
DA:57,2
DA:58,2
DA:59,2
DA:60,2
DA:61,2
DA:62,2
DA:63,3
DA:64,2
DA:65,2
DA:66,2
DA:68,2
LF:30
LH:30
end_of_record
SF:lib/infrastructure/play/offline/play_offline_service.dart
DA:36,0
DA:37,0
DA:38,0
DA:44,0
DA:46,0
DA:47,0
DA:51,0
DA:53,0
DA:54,0
DA:58,0
DA:60,0
DA:61,0
DA:65,0
DA:69,0
DA:70,0
DA:71,0
DA:74,0
DA:75,0
DA:77,0
DA:79,0
DA:82,0
DA:85,0
DA:89,0
DA:90,0
DA:91,0
DA:96,0
DA:98,0
DA:99,0
DA:103,0
DA:107,0
DA:108,0
DA:112,0
DA:117,0
DA:118,0
DA:125,0
DA:129,0
DA:130,0
DA:134,0
DA:138,0
DA:139,0
DA:140,0
DA:144,0
DA:148,0
DA:149,0
DA:153,0
DA:157,0
DA:158,0
DA:162,0
DA:166,0
DA:167,0
DA:168,0
DA:172,0
DA:174,0
DA:175,0
DA:179,0
DA:181,0
DA:182,0
DA:186,0
DA:191,0
DA:192,0
DA:196,0
DA:198,0
DA:201,0
DA:203,0
DA:208,0
DA:211,0
DA:213,0
DA:214,0
DA:218,0
DA:223,0
DA:224,0
DA:226,0
DA:227,0
DA:233,0
DA:235,0
DA:237,0
DA:240,0
LF:77
LH:0
end_of_record
SF:lib/infrastructure/play/online/mocked_play_online_service.dart
DA:37,0
DA:39,0
DA:41,0
DA:43,0
DA:44,0
DA:49,0
DA:51,0
DA:52,0
DA:53,0
DA:54,0
DA:58,0
DA:59,0
DA:62,0
DA:65,0
DA:68,0
DA:72,0
DA:75,0
DA:79,0
DA:80,0
DA:81,0
DA:86,0
DA:90,0
DA:91,0
DA:92,0
DA:96,0
DA:101,0
DA:102,0
DA:103,0
DA:104,0
DA:105,0
DA:112,0
DA:116,0
DA:117,0
DA:118,0
DA:122,0
DA:126,0
DA:127,0
DA:131,0
DA:135,0
DA:136,0
DA:140,0
DA:144,0
DA:145,0
DA:146,0
DA:150,0
DA:152,0
DA:153,0
DA:158,0
DA:159,0
DA:160,0
DA:164,0
DA:166,0
DA:169,0
DA:171,0
DA:176,0
DA:180,0
DA:182,0
DA:183,0
DA:186,0
DA:190,0
DA:194,0
DA:195,0
DA:196,0
DA:198,0
DA:200,0
DA:203,0
DA:204,0
DA:205,0
DA:206,0
DA:207,0
DA:208,0
DA:209,0
DA:210,0
DA:218,0
DA:219,0
DA:220,0
DA:221,0
DA:222,0
DA:223,0
DA:224,0
DA:225,0
DA:226,0
DA:227,0
DA:229,0
DA:230,0
DA:231,0
DA:232,0
DA:233,0
DA:234,0
DA:235,0
DA:236,0
DA:237,0
DA:238,0
DA:239,0
DA:240,0
DA:241,0
DA:242,0
DA:243,0
DA:244,0
DA:245,0
DA:246,0
DA:247,0
DA:248,0
DA:249,0
DA:250,0
DA:251,0
DA:252,0
LF:107
LH:0
end_of_record
SF:lib/infrastructure/play/online/play_online_service.dart
DA:32,0
DA:36,0
DA:37,0
DA:38,0
DA:39,0
DA:40,0
DA:41,0
DA:42,0
DA:45,0
DA:46,0
DA:48,0
DA:50,0
DA:51,0
DA:52,0
DA:53,0
DA:54,0
DA:60,0
DA:61,0
DA:68,0
DA:69,0
DA:71,0
DA:73,0
DA:77,0
DA:78,0
DA:79,0
DA:80,0
DA:81,0
DA:84,0
DA:87,0
DA:89,0
DA:91,0
DA:92,0
DA:95,0
DA:99,0
DA:102,0
DA:103,0
DA:104,0
DA:105,0
DA:108,0
DA:110,0
DA:112,0
DA:113,0
DA:116,0
DA:117,0
DA:121,0
DA:125,0
DA:128,0
DA:129,0
DA:132,0
DA:134,0
DA:138,0
DA:141,0
DA:143,0
DA:145,0
DA:149,0
DA:154,0
DA:156,0
DA:158,0
DA:162,0
DA:165,0
DA:166,0
DA:168,0
DA:170,0
DA:174,0
DA:177,0
DA:179,0
DA:181,0
DA:185,0
DA:189,0
DA:191,0
DA:193,0
DA:197,0
DA:200,0
DA:201,0
DA:203,0
DA:205,0
DA:209,0
DA:210,0
DA:212,0
DA:214,0
DA:218,0
DA:219,0
DA:221,0
DA:223,0
DA:226,0
DA:228,0
DA:231,0
DA:233,0
LF:88
LH:0
end_of_record
SF:lib/infrastructure/training/bobs_twenty_seven/bobs_twenty_seven_game_snapshot_dto.dart
DA:20,2
DA:22,1
DA:23,1
DA:24,2
DA:25,2
DA:26,5
DA:27,2
DA:31,1
DA:32,1
DA:33,2
DA:34,2
DA:35,1
DA:36,1
DA:37,2
DA:39,1
DA:40,2
LF:16
LH:16
end_of_record
SF:lib/infrastructure/training/bobs_twenty_seven/bobs_twenty_seven_player_snapshot_dto.dart
DA:21,4
DA:23,2
DA:24,2
DA:25,4
DA:26,2
DA:27,2
DA:28,2
DA:29,2
DA:30,2
DA:31,2
DA:32,2
DA:36,2
DA:37,2
DA:38,2
DA:39,2
DA:40,2
DA:41,2
DA:42,2
DA:43,2
DA:44,2
DA:45,2
LF:21
LH:21
end_of_record
SF:lib/infrastructure/training/bobs_twenty_seven/mode_x.dart
DA:7,1
DA:8,3
DA:11,2
DA:12,2
DA:13,8
DA:14,2
DA:21,2
DA:22,6
DA:25,1
DA:26,1
DA:27,4
DA:28,2
LF:12
LH:12
end_of_record
SF:lib/infrastructure/training/bobs_twenty_seven/bobs_twenty_seven_service.dart
DA:23,0
DA:25,0
DA:27,0
DA:28,0
DA:32,0
DA:34,0
DA:35,0
DA:39,0
DA:44,0
DA:45,0
DA:48,0
DA:49,0
DA:50,0
DA:54,0
DA:55,0
DA:57,0
DA:60,0
DA:66,0
DA:67,0
DA:68,0
DA:70,0
DA:71,0
DA:73,0
DA:74,0
DA:76,0
DA:77,0
DA:78,0
DA:84,0
DA:85,0
DA:90,0
DA:91,0
DA:100,0
DA:104,0
DA:105,0
DA:109,0
DA:114,0
DA:115,0
DA:122,0
DA:124,0
DA:125,0
DA:129,0
DA:131,0
DA:132,0
DA:136,0
DA:141,0
DA:142,0
DA:146,0
DA:150,0
DA:151,0
DA:152,0
DA:157,0
DA:159,0
DA:164,0
DA:167,0
DA:169,0
DA:173,0
DA:174,0
DA:176,0
DA:184,0
DA:186,0
DA:193,0
LF:61
LH:0
end_of_record
SF:lib/infrastructure/training/double/double_training_game_snapshot_dto.dart
DA:20,2
DA:22,1
DA:23,1
DA:24,2
DA:25,2
DA:26,5
DA:27,2
DA:31,1
DA:32,1
DA:33,2
DA:34,2
DA:35,1
DA:36,3
DA:37,1
DA:38,2
LF:15
LH:15
end_of_record
SF:lib/infrastructure/training/double/double_training_player_snapshot_dto.dart
DA:21,4
DA:23,2
DA:24,2
DA:25,4
DA:26,2
DA:27,2
DA:28,2
DA:29,2
DA:30,2
DA:31,2
DA:32,2
DA:36,2
DA:37,2
DA:38,2
DA:39,2
DA:40,2
DA:41,2
DA:42,2
DA:43,2
DA:44,2
DA:45,2
LF:21
LH:21
end_of_record
SF:lib/infrastructure/training/mode_x.dart
DA:7,1
DA:8,3
DA:11,3
DA:12,3
DA:13,12
DA:14,2
DA:21,3
DA:22,9
DA:25,1
DA:26,1
DA:27,4
DA:28,2
LF:12
LH:12
end_of_record
SF:lib/infrastructure/training/double/double_training_service.dart
DA:23,0
DA:25,0
DA:27,0
DA:28,0
DA:32,0
DA:34,0
DA:35,0
DA:39,0
DA:44,0
DA:45,0
DA:48,0
DA:49,0
DA:50,0
DA:54,0
DA:55,0
DA:57,0
DA:60,0
DA:66,0
DA:67,0
DA:68,0
DA:70,0
DA:71,0
DA:73,0
DA:74,0
DA:76,0
DA:77,0
DA:78,0
DA:84,0
DA:85,0
DA:90,0
DA:91,0
DA:100,0
DA:104,0
DA:105,0
DA:109,0
DA:114,0
DA:115,0
DA:122,0
DA:124,0
DA:125,0
DA:129,0
DA:131,0
DA:132,0
DA:136,0
DA:141,0
DA:142,0
DA:146,0
DA:150,0
DA:151,0
DA:152,0
DA:154,0
DA:161,0
DA:163,0
DA:168,0
DA:171,0
DA:173,0
DA:177,0
DA:178,0
DA:180,0
DA:188,0
DA:190,0
DA:197,0
LF:62
LH:0
end_of_record
SF:lib/infrastructure/training/score/score_training_game_snapshot_dto.dart
DA:19,2
DA:21,1
DA:22,1
DA:23,2
DA:24,1
DA:25,5
DA:26,2
DA:30,1
DA:31,1
DA:32,2
DA:33,1
DA:34,1
DA:35,3
DA:36,1
DA:37,2
LF:15
LH:15
end_of_record
SF:lib/infrastructure/training/score/score_training_player_snapshot_dto.dart
DA:22,4
DA:24,2
DA:25,2
DA:26,4
DA:27,2
DA:28,2
DA:29,2
DA:30,2
DA:31,2
DA:32,2
DA:33,2
DA:34,2
DA:38,2
DA:39,2
DA:40,2
DA:41,2
DA:42,2
DA:43,2
DA:44,2
DA:45,2
DA:46,2
DA:47,2
DA:48,2
LF:23
LH:23
end_of_record
SF:lib/infrastructure/training/score/score_training_service.dart
DA:23,0
DA:25,0
DA:27,0
DA:28,0
DA:32,0
DA:34,0
DA:35,0
DA:39,0
DA:44,0
DA:45,0
DA:48,0
DA:49,0
DA:50,0
DA:54,0
DA:55,0
DA:57,0
DA:60,0
DA:64,0
DA:65,0
DA:66,0
DA:67,0
DA:73,0
DA:77,0
DA:78,0
DA:82,0
DA:87,0
DA:88,0
DA:95,0
DA:97,0
DA:98,0
DA:102,0
DA:104,0
DA:105,0
DA:109,0
DA:114,0
DA:115,0
DA:119,0
DA:121,0
DA:126,0
DA:129,0
DA:131,0
DA:135,0
DA:136,0
DA:138,0
DA:146,0
DA:148,0
DA:155,0
LF:47
LH:0
end_of_record
SF:lib/infrastructure/training/single/single_training_game_snapshot_dto.dart
DA:22,2
DA:24,1
DA:25,1
DA:26,2
DA:27,2
DA:28,5
DA:29,2
DA:33,1
DA:34,1
DA:35,2
DA:36,2
DA:37,1
DA:38,3
DA:39,1
DA:40,2
LF:15
LH:15
end_of_record
SF:lib/infrastructure/training/single/single_training_player_snapshot_dto.dart
DA:22,4
DA:24,2
DA:25,2
DA:26,4
DA:27,2
DA:28,2
DA:29,2
DA:30,2
DA:31,2
DA:32,2
DA:33,2
DA:34,2
DA:38,2
DA:39,2
DA:40,2
DA:41,2
DA:42,2
DA:43,2
DA:44,2
DA:45,2
DA:46,2
DA:47,2
DA:48,2
LF:23
LH:23
end_of_record
SF:lib/infrastructure/training/single/single_training_service.dart
DA:23,0
DA:25,0
DA:30,0
DA:31,0
DA:34,0
DA:35,0
DA:36,0
DA:40,0
DA:41,0
DA:43,0
DA:46,0
DA:48,0
DA:49,0
DA:53,0
DA:59,0
DA:60,0
DA:61,0
DA:63,0
DA:64,0
DA:66,0
DA:67,0
DA:69,0
DA:70,0
DA:71,0
DA:77,0
DA:78,0
DA:79,0
DA:85,0
DA:86,0
DA:87,0
DA:93,0
DA:94,0
DA:99,0
DA:100,0
DA:108,0
DA:112,0
DA:113,0
DA:117,0
DA:122,0
DA:123,0
DA:130,0
DA:132,0
DA:133,0
DA:137,0
DA:139,0
DA:140,0
DA:144,0
DA:146,0
DA:147,0
DA:151,0
DA:156,0
DA:157,0
DA:161,0
DA:165,0
DA:166,0
DA:167,0
DA:169,0
DA:176,0
DA:178,0
DA:183,0
DA:186,0
DA:188,0
DA:192,0
DA:193,0
DA:195,0
DA:203,0
DA:205,0
DA:212,0
LF:68
LH:0
end_of_record
SF:lib/infrastructure/user/career_stats_dto.dart
DA:10,5
DA:11,15
DA:14,5
DA:15,5
DA:16,20
DA:17,0
DA:37,10
DA:39,5
DA:40,5
DA:41,5
DA:42,10
DA:43,5
DA:45,10
DA:46,5
DA:47,10
DA:48,5
DA:49,5
DA:50,5
DA:54,5
DA:55,5
DA:56,5
DA:57,10
DA:58,5
DA:59,10
DA:60,5
DA:61,10
DA:62,5
DA:63,5
DA:64,5
DA:68,5
DA:69,5
LF:31
LH:30
end_of_record
SF:lib/infrastructure/user/career_stats_dto.g.dart
DA:9,5
DA:10,5
DA:11,10
DA:12,5
DA:13,10
DA:14,5
DA:15,10
DA:16,5
DA:17,5
DA:18,5
DA:19,5
DA:22,5
DA:23,5
DA:24,5
DA:25,5
DA:26,5
DA:27,5
DA:28,5
DA:29,5
DA:30,5
DA:31,5
DA:32,5
LF:22
LH:22
end_of_record
SF:lib/infrastructure/user/mocked_user_service.dart
DA:27,1
DA:29,1
DA:30,1
DA:31,4
DA:33,3
DA:34,2
DA:40,1
DA:41,1
DA:43,4
DA:44,3
DA:45,5
DA:46,1
DA:48,1
DA:51,1
DA:53,1
DA:55,2
DA:58,1
DA:62,1
DA:65,1
DA:67,1
DA:68,3
DA:69,2
DA:70,3
DA:72,1
DA:76,1
DA:80,1
DA:83,1
DA:85,3
DA:86,3
DA:87,3
DA:89,5
DA:90,1
DA:93,1
DA:97,1
DA:100,1
DA:102,1
DA:103,3
DA:104,3
DA:105,5
DA:106,1
DA:110,1
DA:113,1
DA:115,1
DA:117,2
DA:121,1
DA:122,2
DA:123,1
DA:129,1
DA:130,1
DA:132,2
DA:133,1
DA:137,0
DA:139,0
DA:140,0
LF:54
LH:51
end_of_record
SF:lib/infrastructure/user/user_dto.dart
DA:24,1
DA:26,1
DA:27,1
DA:28,2
DA:29,1
DA:30,2
DA:31,2
DA:33,5
DA:35,3
DA:39,1
DA:40,1
DA:41,2
DA:42,1
DA:43,2
DA:44,2
DA:45,1
DA:46,3
DA:47,1
DA:48,2
DA:52,1
DA:53,1
LF:21
LH:21
end_of_record
SF:lib/infrastructure/user/user_dto.g.dart
DA:9,2
DA:10,1
DA:11,1
DA:12,1
DA:13,2
DA:15,4
DA:16,1
DA:17,1
DA:20,1
DA:21,1
DA:22,1
DA:23,1
DA:24,1
DA:25,2
DA:26,1
DA:27,2
LF:16
LH:16
end_of_record
SF:lib/infrastructure/user/user_service.dart
DA:35,0
DA:40,0
DA:41,0
DA:42,0
DA:44,0
DA:45,0
DA:46,0
DA:49,0
DA:50,0
DA:56,0
DA:57,0
DA:59,0
DA:60,0
DA:62,0
DA:63,0
DA:64,0
DA:66,0
DA:67,0
DA:71,0
DA:73,0
DA:74,0
DA:80,0
DA:83,0
DA:84,0
DA:85,0
DA:87,0
DA:88,0
DA:92,0
DA:95,0
DA:99,0
DA:102,0
DA:103,0
DA:105,0
DA:106,0
DA:110,0
DA:111,0
DA:112,0
DA:113,0
DA:114,0
DA:116,0
DA:117,0
DA:118,0
DA:119,0
DA:121,0
DA:122,0
DA:127,0
DA:130,0
DA:131,0
DA:132,0
DA:135,0
DA:136,0
DA:140,0
DA:143,0
DA:147,0
DA:148,0
DA:151,0
DA:156,0
DA:158,0
DA:159,0
DA:160,0
DA:162,0
DA:163,0
DA:166,0
DA:168,0
DA:169,0
DA:176,0
DA:177,0
DA:178,0
DA:182,0
DA:184,0
DA:185,0
LF:71
LH:0
end_of_record
SF:lib/injection.config.dart
DA:123,0
DA:125,0
DA:126,0
DA:127,0
DA:128,0
DA:129,0
DA:130,0
DA:131,0
DA:132,0
DA:133,0
DA:134,0
DA:135,0
DA:136,0
DA:137,0
DA:138,0
DA:139,0
DA:140,0
DA:141,0
DA:142,0
DA:143,0
DA:144,0
DA:145,0
DA:146,0
DA:147,0
DA:148,0
DA:149,0
DA:150,0
DA:151,0
DA:152,0
DA:153,0
DA:154,0
DA:155,0
DA:156,0
DA:157,0
DA:158,0
DA:159,0
DA:160,0
DA:161,0
DA:162,0
DA:163,0
DA:164,0
DA:165,0
DA:166,0
DA:167,0
DA:168,0
DA:169,0
DA:170,0
DA:171,0
DA:172,0
DA:173,0
DA:174,0
DA:175,0
DA:179,0
DA:180,0
DA:181,0
DA:182,0
DA:183,0
DA:184,0
DA:185,0
DA:186,0
DA:187,0
DA:188,0
DA:189,0
DA:190,0
DA:191,0
DA:192,0
DA:193,0
DA:194,0
DA:195,0
DA:196,0
DA:197,0
DA:198,0
DA:199,0
DA:203,0
DA:204,0
DA:205,0
DA:209,0
DA:212,0
DA:213,0
DA:214,0
DA:215,0
DA:216,0
DA:217,0
DA:218,0
DA:219,0
DA:220,0
DA:221,0
DA:222,0
DA:223,0
DA:224,0
DA:225,0
DA:226,0
DA:227,0
DA:228,0
DA:229,0
DA:230,0
DA:234,0
DA:235,0
DA:236,0
DA:237,0
DA:238,0
DA:242,0
DA:245,0
DA:246,0
DA:247,0
DA:248,0
DA:249,0
DA:250,0
DA:251,0
DA:252,0
DA:253,0
DA:254,0
DA:255,0
DA:256,0
DA:257,0
DA:258,0
DA:259,0
DA:260,0
DA:261,0
DA:262,0
DA:263,0
DA:264,0
DA:265,0
DA:266,0
DA:267,0
DA:268,0
DA:269,0
DA:270,0
DA:271,0
DA:272,0
DA:273,0
DA:274,0
DA:275,0
DA:276,0
DA:277,0
DA:278,0
DA:279,0
DA:280,0
DA:281,0
DA:282,0
DA:283,0
DA:284,0
DA:285,0
DA:286,0
DA:287,0
DA:288,0
DA:289,0
DA:290,0
DA:291,0
DA:292,0
DA:293,0
DA:294,0
DA:295,0
DA:296,0
DA:297,0
DA:298,0
DA:299,0
DA:300,0
DA:301,0
DA:302,0
DA:303,0
DA:304,0
DA:305,0
DA:306,0
DA:307,0
DA:308,0
DA:309,0
DA:310,0
DA:311,0
DA:312,0
DA:313,0
DA:314,0
DA:315,0
LF:173
LH:0
end_of_record
SF:lib/presentation/core/app_widget/app_widget.dart
DA:21,0
DA:23,0
DA:31,0
DA:32,0
DA:33,0
DA:34,0
DA:35,0
LF:7
LH:0
end_of_record
SF:lib/presentation/core/app_widget/widgets.dart
DA:13,0
DA:18,0
DA:19,0
DA:21,0
DA:23,0
DA:24,0
DA:25,0
DA:26,0
DA:27,0
DA:28,0
DA:30,0
DA:31,0
LF:12
LH:0
end_of_record
SF:lib/presentation/core/de_messages.dart
DA:4,0
LF:1
LH:0
end_of_record
SF:lib/presentation/android/core/app_widget.dart
DA:5,0
DA:7,0
DA:9,0
LF:3
LH:0
end_of_record
SF:lib/presentation/ios/core/app_widget.dart
DA:7,0
DA:11,0
DA:13,0
DA:14,0
DA:15,0
DA:17,0
DA:22,0
DA:23,0
DA:24,0
DA:26,0
DA:32,0
DA:33,0
DA:34,0
DA:35,0
DA:36,0
DA:37,0
DA:38,0
DA:39,0
LF:18
LH:0
end_of_record
SF:lib/presentation/ios/router.gr.dart
DA:45,0
DA:46,0
DA:50,0
DA:51,0
DA:58,0
DA:59,0
DA:65,0
DA:66,0
DA:68,0
DA:72,0
DA:73,0
DA:80,0
DA:81,0
DA:84,0
DA:85,0
DA:88,0
DA:89,0
DA:92,0
DA:93,0
DA:96,0
DA:97,0
DA:100,0
DA:101,0
DA:102,0
DA:104,0
DA:105,0
DA:107,0
DA:108,0
DA:111,0
DA:112,0
DA:115,0
DA:116,0
DA:119,0
DA:120,0
DA:127,0
DA:128,0
DA:131,0
DA:132,0
DA:135,0
DA:136,0
DA:139,0
DA:140,0
DA:147,0
DA:148,0
DA:155,0
DA:156,0
DA:159,0
DA:160,0
DA:167,0
DA:168,0
DA:175,0
DA:176,0
DA:179,0
DA:180,0
DA:183,0
DA:184,0
DA:187,0
DA:188,0
DA:193,0
DA:194,0
DA:195,0
DA:196,0
DA:197,0
DA:199,0
DA:201,0
DA:203,0
DA:205,0
DA:207,0
DA:210,0
DA:211,0
DA:216,0
DA:219,0
DA:222,0
DA:224,0
DA:227,0
DA:228,0
DA:233,0
DA:236,0
DA:240,0
DA:243,0
DA:244,0
DA:246,0
DA:249,0
DA:253,0
DA:256,0
DA:257,0
DA:259,0
DA:262,0
DA:266,0
DA:269,0
DA:270,0
DA:272,0
DA:274,0
DA:283,128
DA:290,192
DA:291,0
DA:298,448
DA:305,64
DA:312,64
DA:319,64
DA:326,64
DA:333,64
DA:334,0
DA:341,64
DA:349,0
DA:353,0
DA:355,0
DA:363,0
DA:369,0
DA:371,0
DA:377,64
DA:378,0
DA:385,128
DA:386,0
DA:393,64
DA:394,0
DA:401,0
DA:408,64
DA:415,0
DA:416,0
DA:423,64
DA:424,0
DA:431,0
DA:438,64
DA:445,64
DA:446,0
DA:453,0
DA:460,64
DA:467,64
DA:474,0
DA:481,64
DA:488,64
LF:132
LH:20
end_of_record
SF:lib/presentation/core/shared/app_column.dart
DA:14,0
DA:24,0
DA:26,0
DA:28,0
DA:29,0
DA:30,0
DA:31,0
DA:32,0
DA:33,0
DA:34,0
DA:35,0
DA:36,0
DA:40,0
DA:41,0
LF:14
LH:0
end_of_record
SF:lib/presentation/core/shared/app_row.dart
DA:14,0
DA:24,0
DA:26,0
DA:28,0
DA:29,0
DA:30,0
DA:31,0
DA:32,0
DA:33,0
DA:34,0
DA:35,0
DA:36,0
DA:40,0
DA:41,0
LF:14
LH:0
end_of_record
SF:lib/presentation/ios/auth/auth_flow.dart
DA:9,64
DA:11,0
DA:13,0
DA:15,0
DA:17,0
DA:19,0
LF:6
LH:1
end_of_record
SF:lib/presentation/ios/auth/sign_in/sign_in_page.dart
DA:15,64
DA:17,0
DA:19,0
DA:21,0
DA:22,0
DA:23,0
DA:24,0
DA:25,0
DA:26,0
DA:27,0
DA:28,0
DA:29,0
DA:33,0
DA:34,0
DA:35,0
DA:36,0
DA:37,0
DA:38,0
DA:39,0
DA:40,0
DA:41,0
DA:49,0
DA:50,0
DA:51,0
DA:52,0
DA:53,0
DA:55,0
DA:56,0
DA:59,0
DA:60,0
DA:61,0
LF:31
LH:1
end_of_record
SF:lib/presentation/ios/auth/sign_in/widgets.dart
DA:4,64
DA:6,0
DA:8,0
DA:10,0
DA:12,0
DA:13,0
DA:14,0
DA:15,0
DA:18,0
DA:19,0
DA:21,0
DA:22,0
DA:25,0
DA:26,0
DA:27,0
DA:30,0
DA:32,0
DA:34,0
DA:35,0
DA:36,0
DA:39,0
DA:40,0
DA:41,0
DA:42,0
DA:43,0
DA:44,0
DA:45,0
DA:46,0
DA:52,0
DA:53,0
DA:55,0
DA:57,0
DA:58,0
DA:59,0
DA:60,0
DA:61,0
DA:64,0
DA:68,0
DA:69,0
DA:70,0
DA:71,0
DA:81,0
DA:83,0
DA:84,0
DA:85,0
DA:88,0
DA:90,0
DA:91,0
DA:94,0
DA:96,0
DA:97,0
DA:100,0
DA:113,0
DA:117,0
DA:119,0
DA:121,0
DA:122,0
DA:123,0
DA:124,0
DA:125,0
DA:126,0
LF:61
LH:1
end_of_record
SF:lib/presentation/ios/auth/sign_up/widgets.dart
DA:4,64
DA:6,0
DA:8,0
DA:10,0
DA:12,0
DA:13,0
DA:14,0
DA:15,0
DA:16,0
DA:17,0
DA:18,0
DA:21,0
DA:22,0
DA:24,0
DA:25,0
DA:28,0
DA:29,0
DA:30,0
DA:31,0
DA:34,0
DA:35,0
DA:36,0
DA:37,0
DA:39,0
DA:41,0
DA:42,0
DA:44,0
DA:45,0
DA:46,0
DA:48,0
DA:49,0
DA:50,0
DA:51,0
DA:53,0
DA:55,0
DA:57,0
DA:59,0
DA:60,0
DA:61,0
DA:63,0
DA:64,0
DA:65,0
DA:66,0
DA:68,0
DA:70,0
DA:72,0
DA:74,0
DA:75,0
DA:76,0
DA:77,0
DA:81,0
DA:82,0
DA:83,0
DA:84,0
DA:85,0
DA:86,0
DA:88,0
DA:90,0
DA:91,0
DA:92,0
DA:93,0
DA:94,0
DA:95,0
DA:96,0
DA:97,0
DA:103,0
DA:104,0
DA:106,0
DA:107,0
DA:108,0
DA:109,0
LF:71
LH:1
end_of_record
SF:lib/presentation/ios/auth/sign_up/sign_up_page.dart
DA:12,64
DA:14,0
DA:16,0
DA:18,0
DA:19,0
DA:20,0
DA:21,0
DA:22,0
DA:23,0
DA:24,0
DA:25,0
DA:26,0
DA:30,0
DA:31,0
DA:32,0
DA:33,0
DA:34,0
DA:35,0
DA:36,0
DA:43,0
DA:44,0
DA:45,0
DA:46,0
DA:47,0
DA:49,0
DA:50,0
DA:53,0
DA:54,0
DA:55,0
LF:29
LH:1
end_of_record
SF:lib/presentation/ios/auth/sign_in/modals/forgot_password/success/success_page.dart
DA:4,64
DA:6,0
DA:8,0
LF:3
LH:1
end_of_record
SF:lib/presentation/ios/auth/sign_in/modals/forgot_password/initial/widgets.dart
DA:4,64
DA:6,0
DA:9,0
DA:11,0
DA:12,0
DA:13,0
DA:14,0
DA:15,0
DA:18,0
DA:19,0
DA:21,0
DA:22,0
DA:23,0
DA:24,0
DA:27,0
DA:30,0
DA:31,0
DA:34,0
DA:35,0
DA:36,0
DA:37,0
DA:39,0
DA:40,0
DA:41,0
DA:42,0
DA:43,0
DA:44,0
DA:45,0
DA:47,0
DA:49,0
DA:50,0
DA:51,0
DA:52,0
LF:33
LH:1
end_of_record
SF:lib/presentation/ios/auth/sign_in/modals/forgot_password/success/widgets.dart
DA:4,64
DA:6,0
DA:8,0
DA:10,0
DA:11,0
DA:12,0
DA:13,0
DA:16,0
DA:17,0
DA:19,0
DA:20,0
DA:21,0
DA:22,0
DA:23,0
DA:24,0
DA:27,0
DA:29,0
DA:30,0
DA:32,0
DA:36,0
DA:37,0
DA:38,0
LF:22
LH:1
end_of_record
SF:lib/presentation/ios/auth/sign_in/modals/forgot_password/forgot_password_modal.dart
DA:19,64
DA:21,0
DA:23,0
DA:25,0
DA:26,0
DA:27,0
DA:29,0
DA:30,0
DA:31,0
DA:32,0
DA:33,0
DA:34,0
DA:35,0
DA:36,0
DA:37,0
DA:38,0
DA:39,0
DA:40,0
DA:44,0
DA:45,0
DA:46,0
DA:48,0
DA:49,0
DA:51,0
DA:60,0
DA:61,0
DA:62,0
LF:27
LH:1
end_of_record
SF:lib/presentation/ios/auth/sign_in/modals/forgot_password/initial/initial_page.dart
DA:4,64
DA:6,0
DA:8,0
DA:10,0
DA:11,0
DA:12,0
DA:13,0
DA:14,0
DA:15,0
DA:17,0
DA:18,0
DA:19,0
DA:20,0
LF:13
LH:1
end_of_record
SF:lib/presentation/ios/core/shared/app_action_button.dart
DA:4,64
DA:19,0
DA:29,0
DA:31,0
DA:41,0
DA:43,0
DA:53,0
DA:55,0
DA:65,0
DA:67,0
DA:69,0
DA:71,0
DA:73,0
DA:74,0
DA:75,0
DA:76,0
DA:77,0
DA:78,0
DA:79,0
DA:81,0
DA:84,0
DA:85,0
DA:87,0
DA:88,0
DA:89,0
DA:90,0
DA:91,0
DA:92,0
DA:94,0
DA:95,0
DA:96,0
DA:98,0
DA:99,0
DA:100,0
DA:104,0
DA:105,0
DA:106,0
DA:108,0
DA:117,0
DA:118,0
DA:120,0
DA:121,0
DA:122,0
DA:123,0
DA:124,0
DA:125,0
LF:46
LH:1
end_of_record
SF:lib/presentation/ios/core/shared/app_card/widgets.dart
DA:3,64
DA:12,0
DA:18,0
DA:20,0
DA:26,0
DA:28,0
DA:34,0
DA:36,0
DA:42,0
DA:44,0
DA:47,0
DA:48,0
DA:49,0
DA:51,0
DA:52,0
DA:54,0
DA:55,0
DA:58,0
DA:61,0
DA:63,0
DA:64,0
DA:65,0
DA:66,0
DA:69,0
LF:24
LH:1
end_of_record
SF:lib/presentation/ios/core/shared/app_card/app_card.dart
DA:16,0
DA:26,0
DA:28,0
DA:29,0
DA:30,0
DA:31,0
DA:32,0
DA:33,0
DA:34,0
DA:35,0
DA:36,0
DA:38,0
DA:40,0
DA:41,0
DA:42,0
DA:44,0
DA:46,0
DA:47,0
DA:49,0
DA:50,0
DA:52,0
DA:54,0
DA:55,0
DA:57,0
DA:58,0
DA:60,0
DA:62,0
DA:63,0
DA:68,0
DA:69,0
DA:70,0
LF:31
LH:0
end_of_record
SF:lib/presentation/ios/core/shared/app_icon_button.dart
DA:9,0
DA:14,0
DA:16,0
DA:18,0
DA:20,0
DA:21,0
DA:22,0
LF:7
LH:0
end_of_record
SF:lib/presentation/ios/core/shared/app_link_button.dart
DA:8,0
DA:13,0
DA:15,0
DA:17,0
DA:18,0
DA:19,0
DA:21,0
DA:23,0
LF:8
LH:0
end_of_record
SF:lib/presentation/ios/core/shared/app_modal.dart
DA:7,192
DA:10,0
DA:12,0
DA:14,0
DA:16,0
DA:18,0
LF:6
LH:1
end_of_record
SF:lib/presentation/ios/core/shared/app_navigation_bar/widgets.dart
DA:9,0
DA:15,0
DA:16,0
DA:18,0
DA:20,0
DA:22,0
DA:23,0
DA:24,0
DA:25,0
DA:26,0
DA:27,0
DA:28,0
DA:29,0
DA:30,0
DA:31,0
LF:15
LH:0
end_of_record
SF:lib/presentation/ios/core/shared/app_navigation_bar/app_navigation_bar.dart
DA:8,0
DA:22,0
DA:40,128
DA:45,0
DA:47,0
DA:49,0
DA:50,0
DA:51,0
DA:53,0
DA:55,0
DA:56,0
DA:58,0
DA:59,0
DA:61,0
DA:64,0
DA:65,0
DA:67,0
DA:68,0
LF:18
LH:1
end_of_record
SF:lib/presentation/ios/core/shared/app_number_picker.dart
DA:9,0
DA:13,0
DA:15,0
DA:16,0
DA:22,0
DA:24,0
DA:25,0
DA:26,0
DA:27,0
DA:28,0
DA:31,0
DA:32,0
DA:36,0
DA:37,0
DA:38,0
DA:41,0
DA:42,0
DA:43,0
DA:44,0
DA:46,0
DA:49,0
DA:50,0
DA:51,0
DA:53,0
DA:55,0
DA:56,0
DA:59,0
DA:60,0
DA:62,0
DA:63,0
DA:65,0
DA:68,0
DA:69,0
DA:73,0
DA:74,0
DA:75,0
DA:84,0
DA:85,0
DA:86,0
DA:87,0
DA:88,0
DA:93,0
DA:94,0
DA:95,0
DA:96,0
DA:97,0
LF:46
LH:0
end_of_record
SF:lib/presentation/ios/core/shared/app_page.dart
DA:15,512
DA:22,0
DA:24,0
DA:26,0
DA:27,0
DA:28,0
DA:29,0
DA:30,0
DA:31,0
DA:32,0
DA:33,0
DA:34,0
DA:35,0
DA:36,0
DA:37,0
DA:38,0
DA:41,0
DA:42,0
DA:53,0
LF:19
LH:1
end_of_record
SF:lib/presentation/ios/core/shared/app_primary_button.dart
DA:12,0
DA:21,0
DA:23,0
DA:24,0
DA:25,0
DA:27,0
DA:28,0
DA:30,0
DA:32,0
DA:34,0
DA:35,0
DA:40,0
DA:41,0
DA:42,0
DA:43,0
DA:45,0
DA:46,0
DA:47,0
DA:48,0
DA:49,0
DA:52,0
DA:53,0
DA:54,0
LF:23
LH:0
end_of_record
SF:lib/presentation/ios/core/shared/app_rounded_image.dart
DA:4,64
DA:17,256
DA:22,320
DA:27,0
DA:32,64
DA:38,0
DA:40,0
DA:41,0
DA:42,0
DA:43,0
DA:44,0
DA:45,0
DA:46,0
DA:47,0
DA:48,0
DA:49,0
DA:50,0
DA:51,0
DA:52,0
DA:53,0
DA:54,0
DA:55,0
DA:57,0
DA:58,0
DA:59,0
DA:60,0
DA:61,0
LF:27
LH:4
end_of_record
SF:lib/presentation/ios/core/shared/app_search_field.dart
DA:17,0
DA:29,0
DA:30,0
DA:40,0
DA:42,0
DA:43,0
DA:46,0
DA:47,0
DA:48,0
DA:49,0
DA:50,0
DA:51,0
DA:52,0
DA:53,0
DA:54,0
DA:55,0
DA:61,0
DA:63,0
DA:64,0
DA:65,0
DA:66,0
DA:67,0
DA:68,0
DA:71,0
DA:73,0
DA:74,0
DA:75,0
DA:76,0
DA:78,0
DA:79,0
DA:82,0
DA:83,0
DA:84,0
DA:85,0
DA:86,0
DA:87,0
DA:88,0
DA:89,0
DA:90,0
DA:91,0
DA:92,0
DA:93,0
DA:95,0
DA:96,0
DA:97,0
DA:101,0
DA:102,0
DA:103,0
DA:104,0
DA:105,0
DA:107,0
DA:122,0
DA:126,0
DA:128,0
DA:130,0
DA:132,0
DA:133,0
DA:137,0
DA:139,0
DA:140,0
DA:141,0
LF:61
LH:0
end_of_record
SF:lib/presentation/ios/core/shared/app_text_field/app_text_field.dart
DA:23,0
DA:40,0
DA:42,0
DA:44,0
DA:45,0
DA:46,0
DA:47,0
DA:48,0
DA:50,0
DA:51,0
DA:55,0
DA:56,0
DA:57,0
DA:58,0
DA:59,0
DA:60,0
DA:61,0
DA:62,0
DA:63,0
DA:64,0
DA:65,0
DA:66,0
DA:67,0
DA:69,0
DA:70,0
DA:72,0
DA:74,0
DA:75,0
DA:79,0
DA:80,0
DA:82,0
DA:83,0
DA:84,0
DA:85,0
DA:86,0
DA:88,0
DA:91,0
DA:96,0
DA:97,0
DA:98,0
DA:100,0
DA:101,0
DA:102,0
DA:105,0
DA:113,0
DA:114,0
DA:115,0
DA:116,0
DA:118,0
DA:119,0
DA:120,0
DA:145,0
DA:162,0
DA:164,0
DA:166,0
DA:167,0
DA:168,0
DA:169,0
DA:170,0
DA:172,0
DA:173,0
DA:177,0
DA:178,0
DA:179,0
DA:180,0
DA:181,0
DA:182,0
DA:183,0
DA:184,0
DA:185,0
DA:186,0
DA:187,0
DA:188,0
DA:189,0
DA:191,0
DA:192,0
DA:194,0
DA:196,0
DA:197,0
DA:201,0
DA:202,0
DA:204,0
DA:205,0
DA:206,0
DA:207,0
DA:208,0
DA:210,0
DA:213,0
DA:218,0
DA:219,0
DA:220,0
DA:222,0
DA:223,0
DA:224,0
DA:227,0
DA:235,0
DA:236,0
DA:237,0
DA:239,0
DA:240,0
DA:241,0
LF:101
LH:0
end_of_record
SF:lib/presentation/ios/core/shared/app_text_field/widgets.dart
DA:6,0
DA:9,0
DA:11,0
DA:13,0
DA:14,0
DA:15,0
DA:17,0
DA:19,0
DA:20,0
LF:9
LH:0
end_of_record
SF:lib/presentation/ios/core/shared/loading_widget.dart
DA:5,192
DA:7,0
DA:9,0
DA:10,0
DA:12,0
DA:13,0
LF:6
LH:1
end_of_record
SF:lib/presentation/ios/core/shared/logo_displayer.dart
DA:5,768
DA:7,0
DA:9,0
DA:11,0
DA:12,0
DA:13,0
DA:14,0
LF:7
LH:1
end_of_record
SF:lib/presentation/ios/core/shared/values.dart
DA:5,0
DA:17,0
DA:19,0
DA:27,0
DA:41,0
DA:47,0
DA:54,0
DA:67,0
DA:80,0
DA:93,0
DA:106,0
DA:119,0
DA:132,0
DA:138,0
DA:147,0
DA:156,0
DA:165,0
DA:174,0
DA:183,0
DA:192,0
DA:201,0
DA:210,0
DA:219,0
DA:231,0
DA:239,0
DA:240,0
DA:243,0
LF:27
LH:0
end_of_record
SF:lib/presentation/ios/core/toast_x.dart
DA:9,0
DA:13,0
LF:2
LH:0
end_of_record
SF:lib/presentation/ios/main/contact/contact_page.dart
DA:9,64
DA:11,0
DA:13,0
DA:15,0
DA:16,0
DA:17,0
DA:18,0
LF:7
LH:1
end_of_record
SF:lib/presentation/ios/main/contact/widgets.dart
DA:5,64
DA:7,0
DA:9,0
DA:11,0
DA:12,0
DA:13,0
DA:14,0
DA:17,0
DA:18,0
DA:20,0
DA:22,0
LF:11
LH:1
end_of_record
SF:lib/presentation/ios/main/shared/widgets.dart
DA:7,0
DA:10,0
DA:12,0
DA:14,0
DA:15,0
DA:18,0
DA:20,0
DA:21,0
DA:22,0
DA:23,0
DA:24,0
DA:25,0
DA:27,0
DA:28,0
DA:30,0
DA:31,0
DA:32,0
DA:33,0
DA:37,0
DA:38,0
DA:39,0
DA:40,0
DA:41,0
DA:44,0
DA:48,0
DA:49,0
DA:52,0
DA:69,0
DA:72,0
DA:74,0
DA:76,0
DA:77,0
DA:78,0
DA:79,0
DA:91,576
DA:93,0
DA:95,0
DA:97,0
DA:99,0
DA:100,0
DA:172,0
DA:175,0
DA:177,0
DA:179,0
DA:181,0
DA:182,0
LF:46
LH:1
end_of_record
SF:lib/presentation/ios/main/friends/friends_flow.dart
DA:8,64
DA:10,0
DA:12,0
DA:14,0
DA:15,0
LF:5
LH:1
end_of_record
SF:lib/presentation/ios/main/friends/overview/modals/more/widgets.dart
DA:6,64
DA:8,0
DA:10,0
DA:12,0
DA:13,0
DA:16,0
DA:17,0
DA:18,0
DA:20,0
DA:22,0
DA:23,0
DA:24,0
DA:25,0
DA:28,0
DA:30,0
DA:31,0
DA:32,0
DA:33,0
DA:34,0
DA:37,0
DA:40,0
DA:41,0
DA:42,0
DA:44,0
DA:45,0
LF:25
LH:1
end_of_record
SF:lib/presentation/ios/main/friends/overview/modals/more/more_modal.dart
DA:16,0
DA:18,0
DA:19,0
LF:3
LH:0
end_of_record
SF:lib/presentation/ios/main/friends/overview/modals/search_user/widgets.dart
DA:5,64
DA:7,0
DA:9,0
DA:10,0
DA:14,0
DA:16,0
DA:17,0
DA:18,0
DA:20,0
DA:21,0
DA:22,0
DA:23,0
DA:24,0
DA:28,0
DA:29,0
DA:30,0
DA:31,0
DA:37,0
DA:38,0
DA:39,0
DA:40,0
DA:41,0
DA:42,0
DA:43,0
DA:45,0
DA:46,0
DA:47,0
DA:52,0
DA:53,0
DA:55,0
DA:56,0
DA:57,0
DA:60,0
DA:79,0
DA:82,0
DA:84,0
DA:86,0
DA:87,0
DA:89,0
DA:98,0
DA:99,0
DA:104,0
DA:108,0
DA:109,0
DA:110,0
LF:45
LH:1
end_of_record
SF:lib/presentation/ios/main/friends/overview/modals/search_user/search_user_modal.dart
DA:11,64
DA:13,0
DA:15,0
DA:17,0
DA:18,0
DA:19,0
DA:20,0
DA:21,0
LF:8
LH:1
end_of_record
SF:lib/presentation/ios/main/friends/overview/widgets.dart
DA:5,64
DA:7,0
DA:9,0
DA:11,0
DA:12,0
DA:13,0
DA:14,0
DA:15,0
DA:18,0
DA:19,0
DA:28,64
DA:30,0
DA:32,0
DA:34,0
DA:35,0
DA:36,0
DA:38,0
DA:39,0
DA:40,0
DA:41,0
DA:42,0
DA:43,0
DA:44,0
DA:46,0
DA:47,0
DA:48,0
DA:49,0
DA:51,0
DA:61,0
DA:64,0
DA:66,0
DA:68,0
DA:69,0
DA:70,0
DA:71,0
DA:72,0
DA:78,0
DA:79,0
DA:82,0
DA:83,0
DA:84,0
DA:85,0
DA:86,0
DA:87,0
DA:88,0
DA:92,0
DA:93,0
DA:94,0
DA:95,0
DA:96,0
DA:109,64
DA:111,0
DA:113,0
DA:115,0
DA:116,0
DA:117,0
DA:119,0
DA:120,0
DA:121,0
DA:122,0
DA:123,0
DA:124,0
DA:125,0
DA:127,0
DA:128,0
DA:129,0
DA:131,0
DA:141,0
DA:144,0
DA:146,0
DA:148,0
DA:150,0
DA:151,0
DA:152,0
DA:153,0
DA:154,0
DA:156,0
DA:157,0
DA:158,0
DA:160,0
DA:165,0
DA:166,0
DA:167,0
DA:169,0
DA:170,0
DA:171,0
DA:172,0
DA:173,0
DA:174,0
DA:178,0
DA:181,0
DA:184,0
LF:92
LH:3
end_of_record
SF:lib/presentation/ios/main/friends/overview/overview_page.dart
DA:20,64
DA:22,0
DA:24,0
DA:26,0
DA:27,0
DA:28,0
DA:30,0
DA:31,0
DA:33,0
DA:35,0
DA:37,0
LF:11
LH:1
end_of_record
SF:lib/presentation/ios/main/friends/profile/widgets.dart
DA:6,64
DA:8,0
DA:10,0
DA:12,0
DA:13,0
DA:14,0
DA:16,0
DA:17,0
DA:26,64
DA:28,0
DA:30,0
DA:32,0
DA:33,0
DA:34,0
DA:35,0
DA:37,0
DA:38,0
DA:39,0
DA:40,0
DA:42,0
DA:45,0
DA:46,0
DA:49,0
DA:50,0
DA:52,0
DA:53,0
DA:54,0
DA:55,0
DA:56,0
DA:57,0
DA:58,0
DA:73,64
DA:75,0
DA:77,0
DA:79,0
DA:80,0
DA:82,0
DA:84,0
DA:85,0
DA:86,0
DA:87,0
DA:88,0
DA:89,0
DA:90,0
DA:92,0
DA:93,0
DA:94,0
DA:95,0
DA:97,0
DA:98,0
DA:99,0
DA:100,0
DA:113,0
DA:114,0
DA:115,0
DA:117,0
DA:118,0
DA:119,0
DA:121,0
DA:122,0
DA:123,0
DA:137,0
DA:142,0
DA:144,0
DA:146,0
DA:147,0
DA:149,0
DA:150,0
DA:151,0
DA:152,0
DA:153,0
DA:154,0
DA:155,0
DA:159,0
DA:160,0
DA:164,0
DA:165,0
DA:166,0
DA:167,0
DA:168,0
DA:169,0
DA:173,0
DA:174,0
DA:176,0
DA:177,0
DA:178,0
DA:179,0
DA:181,0
DA:182,0
DA:183,0
DA:184,0
DA:185,0
DA:186,0
DA:202,0
DA:205,0
DA:207,0
DA:209,0
DA:210,0
DA:211,0
DA:212,0
DA:214,0
LF:101
LH:3
end_of_record
SF:lib/presentation/ios/main/friends/profile/profile_page.dart
DA:16,64
DA:18,0
DA:20,0
LF:3
LH:1
end_of_record
SF:lib/presentation/ios/main/game_history/details/details_page.dart
DA:15,64
DA:17,0
DA:19,0
DA:21,0
DA:22,0
DA:23,0
DA:25,0
DA:26,0
DA:28,0
DA:29,0
LF:10
LH:1
end_of_record
SF:lib/presentation/ios/main/game_history/details/widgets.dart
DA:5,64
DA:7,0
DA:9,0
DA:11,0
DA:12,0
DA:13,0
DA:16,0
DA:25,0
DA:28,0
DA:30,0
DA:31,0
DA:37,0
DA:39,0
DA:40,0
DA:41,0
DA:42,0
DA:43,0
DA:45,0
DA:46,0
DA:47,0
DA:48,0
DA:50,0
DA:51,0
DA:52,0
DA:53,0
DA:54,0
DA:57,0
DA:69,0
DA:72,0
DA:74,0
DA:76,0
DA:77,0
DA:79,0
DA:80,0
DA:81,0
DA:82,0
DA:83,0
DA:84,0
DA:85,0
DA:88,0
DA:89,0
DA:90,0
DA:91,0
DA:92,0
DA:93,0
DA:94,0
DA:95,0
DA:96,0
DA:99,0
DA:100,0
DA:101,0
DA:102,0
DA:103,0
DA:104,0
DA:105,0
DA:106,0
DA:107,0
DA:108,0
DA:109,0
DA:112,0
DA:113,0
DA:114,0
DA:115,0
DA:116,0
DA:117,0
DA:118,0
DA:119,0
DA:120,0
DA:121,0
DA:140,0
DA:144,0
DA:146,0
DA:150,0
DA:151,0
DA:153,0
DA:157,0
DA:158,0
DA:160,0
DA:161,0
DA:162,0
DA:163,0
DA:167,0
DA:172,0
DA:173,0
DA:174,0
DA:175,0
DA:176,0
DA:177,0
DA:179,0
DA:180,0
DA:186,0
DA:187,0
DA:189,0
DA:190,0
DA:191,0
DA:192,0
DA:193,0
DA:195,0
DA:196,0
DA:199,0
DA:200,0
DA:202,0
DA:203,0
DA:205,0
DA:206,0
DA:208,0
DA:209,0
DA:210,0
DA:211,0
DA:212,0
DA:213,0
DA:214,0
DA:215,0
DA:247,0
DA:272,0
DA:274,0
DA:276,0
DA:277,0
DA:278,0
DA:279,0
DA:280,0
DA:281,0
DA:284,0
DA:286,0
DA:287,0
DA:288,0
DA:290,0
DA:291,0
DA:292,0
DA:294,0
DA:295,0
DA:297,0
DA:299,0
DA:300,0
DA:301,0
DA:303,0
DA:304,0
DA:305,0
DA:307,0
DA:308,0
DA:309,0
DA:311,0
DA:312,0
DA:313,0
DA:315,0
DA:316,0
DA:318,0
DA:320,0
DA:321,0
DA:322,0
DA:324,0
DA:325,0
DA:326,0
DA:328,0
DA:329,0
DA:330,0
DA:332,0
DA:333,0
DA:335,0
DA:337,0
DA:338,0
DA:339,0
DA:341,0
DA:342,0
DA:343,0
DA:345,0
DA:346,0
DA:347,0
DA:349,0
DA:350,0
DA:351,0
DA:353,0
DA:354,0
DA:355,0
DA:357,0
DA:358,0
DA:359,0
DA:361,0
DA:362,0
DA:363,0
DA:365,0
DA:366,0
DA:367,0
DA:379,0
DA:383,0
DA:385,0
DA:389,0
DA:394,0
DA:395,0
DA:398,0
DA:399,0
DA:401,0
DA:402,0
DA:405,0
DA:413,0
LF:195
LH:1
end_of_record
SF:lib/presentation/ios/main/game_history/game_history_flow.dart
DA:10,0
DA:13,0
DA:15,0
DA:17,0
DA:18,0
LF:5
LH:0
end_of_record
SF:lib/presentation/ios/main/game_history/overview/overview_page.dart
DA:18,64
DA:20,0
DA:22,0
DA:24,0
DA:25,0
DA:27,0
DA:28,0
LF:7
LH:1
end_of_record
SF:lib/presentation/ios/main/game_history/overview/widgets.dart
DA:5,64
DA:7,0
DA:9,0
DA:11,0
DA:12,0
DA:13,0
DA:14,0
DA:15,0
DA:16,0
DA:18,0
DA:19,0
DA:20,0
DA:24,0
DA:25,0
DA:26,0
DA:27,0
DA:31,0
DA:47,0
DA:50,0
DA:52,0
DA:54,0
DA:56,0
DA:58,0
DA:59,0
DA:60,0
DA:62,0
DA:64,0
DA:65,0
DA:69,0
DA:70,0
DA:71,0
DA:72,0
DA:74,0
DA:75,0
DA:76,0
DA:77,0
DA:82,0
DA:83,0
DA:84,0
DA:85,0
DA:87,0
DA:88,0
DA:89,0
DA:90,0
DA:91,0
DA:92,0
DA:94,0
DA:96,0
DA:98,0
DA:102,0
DA:103,0
DA:104,0
DA:105,0
DA:114,0
DA:115,0
DA:124,0
DA:125,0
DA:126,0
DA:127,0
DA:132,0
DA:133,0
DA:134,0
DA:135,0
DA:149,0
DA:150,0
DA:151,0
LF:66
LH:1
end_of_record
SF:lib/presentation/ios/main/game_invitations/widgets.dart
DA:5,64
DA:7,0
DA:9,0
DA:11,0
DA:12,0
DA:13,0
DA:14,0
DA:15,0
DA:18,0
DA:19,0
DA:28,64
DA:30,0
DA:32,0
DA:34,0
DA:35,0
DA:36,0
DA:38,0
DA:39,0
DA:40,0
DA:41,0
DA:42,0
DA:43,0
DA:44,0
DA:46,0
DA:47,0
DA:48,0
DA:49,0
DA:50,0
DA:51,0
DA:65,0
DA:68,0
DA:70,0
DA:72,0
DA:73,0
DA:74,0
DA:75,0
DA:76,0
DA:82,0
DA:83,0
DA:86,0
DA:87,0
DA:88,0
DA:89,0
DA:90,0
DA:91,0
DA:92,0
DA:96,0
DA:97,0
DA:98,0
DA:99,0
DA:100,0
DA:113,64
DA:115,0
DA:117,0
DA:119,0
DA:120,0
DA:121,0
DA:123,0
DA:124,0
DA:125,0
DA:126,0
DA:127,0
DA:128,0
DA:129,0
DA:131,0
DA:132,0
DA:133,0
DA:134,0
DA:135,0
DA:136,0
DA:150,0
DA:153,0
DA:155,0
DA:157,0
DA:158,0
DA:159,0
DA:160,0
DA:161,0
DA:167,0
DA:168,0
DA:171,0
DA:172,0
DA:173,0
LF:83
LH:3
end_of_record
SF:lib/presentation/ios/main/game_invitations/game_invitations_page.dart
DA:15,64
DA:17,0
DA:19,0
DA:21,0
DA:22,0
DA:23,0
DA:24,0
DA:25,0
DA:26,0
DA:29,0
DA:30,0
DA:34,0
DA:35,0
DA:37,0
LF:14
LH:1
end_of_record
SF:lib/presentation/ios/main/home/widgets.dart
DA:5,64
DA:7,0
DA:9,0
DA:11,0
DA:13,0
DA:14,0
DA:22,64
DA:24,0
DA:26,0
DA:29,0
DA:31,0
DA:32,0
DA:33,0
DA:34,0
DA:39,0
DA:40,0
DA:41,0
DA:42,0
DA:43,0
DA:45,0
DA:46,0
DA:47,0
DA:48,0
DA:49,0
DA:50,0
DA:52,0
DA:55,0
DA:65,64
DA:67,0
DA:69,0
DA:72,0
DA:74,0
DA:75,0
DA:76,0
DA:77,0
DA:82,0
DA:83,0
DA:84,0
DA:85,0
DA:86,0
DA:90,0
DA:93,0
DA:103,64
DA:105,0
DA:107,0
DA:109,0
DA:111,0
DA:112,0
DA:121,0
DA:123,0
DA:125,0
DA:126,0
DA:128,0
DA:134,0
DA:135,0
DA:136,0
DA:138,0
DA:139,0
DA:140,0
DA:142,0
DA:144,0
DA:158,64
DA:160,0
DA:162,0
DA:165,0
DA:167,0
DA:168,0
DA:169,0
DA:171,0
DA:172,0
DA:175,0
DA:176,0
DA:177,0
DA:180,0
DA:181,0
DA:182,0
DA:183,0
DA:184,0
DA:192,0
DA:194,0
DA:195,0
DA:198,0
DA:199,0
DA:205,0
DA:207,0
DA:208,0
DA:211,0
DA:212,0
DA:218,0
DA:220,0
DA:221,0
DA:222,0
DA:225,0
DA:226,0
DA:232,64
DA:234,0
DA:236,0
DA:238,0
DA:239,0
DA:240,0
DA:241,0
DA:243,0
DA:244,0
DA:245,0
DA:246,0
DA:253,64
DA:255,0
DA:257,0
DA:259,0
DA:260,0
DA:262,0
DA:265,0
DA:266,0
DA:267,0
DA:268,0
LF:115
LH:7
end_of_record
SF:lib/presentation/ios/main/home/home_page.dart
DA:13,0
DA:15,0
DA:16,0
DA:17,0
DA:18,0
DA:20,0
DA:21,0
DA:24,0
DA:25,0
DA:26,0
DA:27,0
DA:28,0
DA:29,0
DA:34,0
DA:35,0
DA:36,0
DA:37,0
DA:39,0
DA:40,0
DA:42,0
DA:43,0
DA:45,0
DA:53,0
DA:57,0
LF:24
LH:0
end_of_record
SF:lib/presentation/ios/main/main_flow.dart
DA:5,64
DA:7,0
DA:9,0
LF:3
LH:1
end_of_record
SF:lib/presentation/ios/main/play/offline/create_game/widgets.dart
DA:5,64
DA:7,0
DA:9,0
DA:11,0
DA:12,0
DA:14,0
DA:16,0
DA:17,0
DA:18,0
DA:20,0
DA:21,0
DA:23,0
DA:24,0
DA:25,0
DA:26,0
DA:27,0
DA:29,0
DA:31,0
DA:32,0
DA:33,0
DA:38,0
DA:39,0
DA:40,0
DA:44,0
DA:45,0
DA:46,0
DA:51,0
DA:52,0
DA:53,0
DA:60,0
DA:61,0
DA:63,0
DA:64,0
DA:65,0
DA:66,0
DA:74,64
DA:76,0
DA:78,0
DA:80,0
DA:81,0
DA:82,0
DA:84,0
DA:85,0
DA:86,0
DA:88,0
DA:89,0
DA:93,0
DA:94,0
DA:95,0
DA:96,0
DA:98,0
DA:102,0
DA:103,0
DA:104,0
DA:105,0
DA:107,0
DA:111,0
DA:114,0
DA:116,0
DA:117,0
DA:129,0
DA:132,0
DA:134,0
DA:136,0
DA:137,0
DA:138,0
DA:139,0
DA:140,0
DA:141,0
DA:146,0
DA:147,0
DA:148,0
DA:149,0
DA:150,0
DA:159,64
DA:161,0
DA:163,0
DA:165,0
DA:166,0
DA:167,0
DA:168,0
DA:169,0
DA:171,0
DA:172,0
DA:174,0
DA:176,0
DA:177,0
DA:178,0
DA:179,0
DA:180,0
DA:183,0
DA:184,0
DA:185,0
DA:186,0
DA:188,0
DA:189,0
DA:190,0
DA:191,0
DA:193,0
DA:194,0
DA:200,0
DA:201,0
DA:208,0
DA:209,0
DA:210,0
DA:211,0
DA:214,0
DA:215,0
DA:233,0
DA:238,0
DA:240,0
DA:242,0
DA:243,0
DA:244,0
DA:245,0
DA:247,0
DA:250,0
DA:251,0
DA:252,0
DA:254,0
DA:255,0
DA:256,0
DA:257,0
DA:258,0
DA:259,0
DA:260,0
DA:261,0
DA:264,0
DA:269,0
DA:270,0
DA:271,0
DA:272,0
DA:273,0
DA:274,0
DA:275,0
DA:278,0
DA:281,0
DA:287,0
DA:298,0
DA:303,0
DA:305,0
DA:307,0
DA:308,0
DA:309,0
DA:310,0
DA:312,0
DA:315,0
DA:316,0
DA:317,0
DA:319,0
DA:320,0
DA:321,0
DA:322,0
DA:323,0
DA:328,0
DA:329,0
DA:331,0
DA:332,0
DA:334,0
DA:335,0
DA:336,0
DA:338,0
DA:339,0
DA:340,0
DA:341,0
DA:342,0
DA:350,0
DA:351,0
DA:353,0
DA:354,0
DA:355,0
DA:356,0
DA:359,0
DA:362,0
DA:370,0
DA:379,0
DA:382,0
DA:384,0
DA:386,0
DA:387,0
DA:388,0
DA:389,0
DA:391,0
DA:392,0
DA:393,0
DA:394,0
DA:395,0
DA:398,0
DA:399,0
DA:400,0
DA:401,0
DA:402,0
DA:408,0
DA:409,0
DA:412,0
DA:413,0
DA:414,0
DA:415,0
DA:418,0
DA:421,0
DA:429,0
LF:201
LH:3
end_of_record
SF:lib/presentation/ios/main/play/offline/create_game/create_offline_game_page.dart
DA:24,64
DA:26,0
DA:28,0
DA:30,0
DA:32,0
DA:33,0
DA:34,0
DA:35,0
DA:38,0
DA:39,0
DA:40,0
DA:44,0
DA:45,0
DA:46,0
DA:47,0
DA:48,0
DA:51,0
DA:54,0
DA:58,0
DA:61,0
DA:62,0
DA:63,0
DA:64,0
DA:65,0
DA:66,0
DA:67,0
DA:70,0
DA:71,0
DA:72,0
DA:73,0
DA:74,0
DA:75,0
DA:85,0
DA:86,0
LF:34
LH:1
end_of_record
SF:lib/presentation/ios/main/play/shared/create_game/modals/advanced_settings/advanced_settings_modal.dart
DA:8,0
LF:1
LH:0
end_of_record
SF:lib/presentation/ios/main/play/shared/create_game/modals/advanced_settings/widgets.dart
DA:6,64
DA:8,0
DA:10,0
DA:12,0
DA:13,0
DA:16,0
DA:17,0
DA:18,0
DA:20,0
DA:21,0
DA:22,0
DA:23,0
DA:24,0
DA:28,0
DA:29,0
DA:30,0
DA:31,0
DA:33,0
DA:34,0
DA:35,0
DA:36,0
DA:39,0
DA:41,0
DA:42,0
DA:48,0
DA:49,0
DA:50,0
DA:51,0
DA:53,0
DA:54,0
DA:55,0
DA:56,0
DA:59,0
DA:61,0
DA:62,0
DA:76,0
DA:77,0
DA:78,0
DA:80,0
DA:81,0
LF:40
LH:1
end_of_record
SF:lib/presentation/ios/main/play/shared/create_game/widgets.dart
DA:13,0
DA:17,0
DA:19,0
DA:21,0
DA:22,0
DA:23,0
DA:27,0
DA:28,0
DA:29,0
DA:30,0
DA:32,0
DA:33,0
DA:34,0
DA:35,0
DA:46,0
DA:49,0
DA:51,0
DA:53,0
DA:54,0
DA:55,0
DA:69,0
DA:78,0
DA:80,0
DA:82,0
DA:83,0
DA:84,0
DA:88,0
DA:89,0
DA:90,0
DA:91,0
DA:93,0
DA:94,0
DA:95,0
DA:96,0
DA:98,0
DA:99,0
DA:100,0
DA:102,0
DA:103,0
DA:105,0
DA:106,0
DA:107,0
DA:118,0
DA:122,0
DA:124,0
DA:126,0
DA:127,0
DA:128,0
DA:129,0
DA:130,0
DA:132,0
DA:133,0
DA:137,0
DA:138,0
DA:140,0
DA:141,0
DA:145,0
DA:146,0
DA:148,0
DA:149,0
DA:162,0
DA:166,0
DA:168,0
DA:170,0
DA:171,0
DA:172,0
DA:173,0
DA:174,0
DA:175,0
DA:176,0
DA:180,0
DA:181,0
DA:182,0
DA:183,0
DA:195,0
DA:198,0
DA:200,0
DA:202,0
DA:203,0
DA:212,0
DA:216,0
DA:218,0
DA:220,0
DA:221,0
DA:222,0
DA:223,0
DA:224,0
DA:225,0
DA:226,0
DA:230,0
DA:231,0
DA:232,0
DA:233,0
DA:246,0
DA:249,0
DA:251,0
DA:253,0
DA:254,0
DA:255,0
DA:256,0
LF:100
LH:0
end_of_record
SF:lib/presentation/ios/main/play/offline/in_game/widgets.dart
DA:5,64
DA:7,0
DA:9,0
DA:11,0
DA:12,0
DA:13,0
DA:14,0
DA:16,0
DA:17,0
DA:20,0
DA:22,0
DA:24,0
DA:32,0
DA:34,0
DA:35,0
DA:36,0
DA:37,0
DA:38,0
DA:39,0
DA:40,0
DA:41,0
DA:45,0
DA:46,0
DA:47,0
DA:48,0
DA:65,0
DA:70,0
DA:71,0
DA:73,0
DA:75,0
DA:76,0
DA:78,0
DA:80,0
DA:81,0
DA:89,64
DA:91,0
DA:93,0
DA:95,0
DA:96,0
DA:116,64
DA:118,0
DA:120,0
DA:122,0
DA:123,0
DA:124,0
DA:126,0
DA:127,0
DA:128,0
DA:130,0
DA:131,0
DA:132,0
DA:134,0
DA:135,0
DA:136,0
DA:138,0
DA:139,0
DA:142,0
DA:143,0
DA:144,0
DA:145,0
DA:146,0
DA:147,0
DA:148,0
DA:154,0
DA:156,0
DA:158,0
DA:159,0
DA:171,64
DA:173,0
DA:175,0
DA:177,0
DA:179,0
DA:183,0
DA:185,0
DA:186,0
DA:205,64
DA:207,0
DA:209,0
DA:211,0
DA:212,0
DA:213,0
DA:215,0
DA:217,0
DA:218,0
DA:219,0
DA:221,0
DA:222,0
DA:223,0
DA:224,0
DA:225,0
DA:226,0
DA:227,0
DA:228,0
DA:231,0
DA:232,0
DA:233,0
DA:234,0
DA:235,0
DA:236,0
DA:248,64
DA:250,0
DA:252,0
DA:254,0
DA:255,0
DA:256,0
DA:258,0
DA:259,0
DA:260,0
DA:261,0
DA:264,0
DA:266,0
DA:267,0
DA:269,0
DA:270,0
DA:271,0
DA:272,0
DA:273,0
DA:274,0
DA:275,0
DA:280,0
DA:282,0
DA:283,0
DA:284,0
DA:300,64
DA:302,0
DA:304,0
DA:306,0
DA:307,0
DA:308,0
DA:310,0
DA:312,0
DA:313,0
DA:314,0
DA:316,0
DA:317,0
DA:318,0
DA:319,0
DA:320,0
DA:322,0
DA:335,64
DA:337,0
DA:339,0
DA:341,0
DA:343,0
DA:344,0
DA:345,0
DA:346,0
DA:347,0
DA:349,0
DA:351,0
DA:352,0
DA:354,0
DA:356,0
DA:358,0
DA:360,0
DA:362,0
DA:363,0
DA:379,0
DA:383,0
DA:385,0
DA:387,0
DA:388,0
DA:389,0
DA:390,0
DA:392,0
DA:393,0
DA:397,0
DA:399,0
DA:400,0
DA:401,0
DA:402,0
DA:403,0
DA:404,0
DA:414,64
DA:416,0
DA:418,0
DA:420,0
DA:421,0
DA:422,0
DA:424,0
DA:425,0
DA:426,0
DA:427,0
DA:428,0
DA:429,0
DA:432,0
DA:433,0
DA:434,0
DA:446,64
DA:448,0
DA:450,0
DA:452,0
DA:454,0
DA:455,0
DA:456,0
DA:457,0
DA:459,0
DA:461,0
DA:522,0
DA:523,0
DA:525,0
DA:526,0
DA:527,0
DA:531,0
DA:532,0
DA:533,0
DA:534,0
DA:535,0
DA:537,0
DA:539,0
DA:545,0
DA:580,0
DA:582,0
DA:584,0
DA:586,0
DA:587,0
DA:588,0
DA:589,0
DA:591,0
DA:592,0
DA:593,0
DA:594,0
DA:596,0
DA:597,0
DA:598,0
DA:599,0
DA:600,0
DA:602,0
DA:603,0
DA:608,0
DA:610,0
DA:611,0
DA:612,0
DA:613,0
DA:614,0
DA:616,0
DA:617,0
DA:622,0
DA:623,0
DA:624,0
DA:625,0
DA:626,0
DA:641,0
DA:646,0
DA:648,0
DA:650,0
DA:652,0
DA:653,0
DA:655,0
DA:657,0
DA:659,0
DA:663,0
DA:665,0
DA:667,0
DA:671,0
DA:673,0
DA:675,0
DA:676,0
DA:691,0
DA:695,0
DA:697,0
DA:699,0
DA:700,0
DA:701,0
DA:702,0
DA:704,0
DA:705,0
DA:707,0
DA:708,0
DA:709,0
DA:711,0
DA:713,0
DA:714,0
DA:720,0
DA:722,0
DA:723,0
DA:725,0
DA:727,0
DA:728,0
DA:729,0
DA:730,0
DA:731,0
DA:732,0
DA:733,0
DA:734,0
DA:735,0
LF:286
LH:10
end_of_record
SF:lib/presentation/ios/main/play/offline/in_game/in_offline_game_page.dart
DA:28,64
DA:30,0
DA:32,0
DA:34,0
DA:35,0
DA:36,0
DA:37,0
DA:39,0
DA:40,0
DA:42,0
DA:43,0
DA:46,0
DA:47,0
DA:50,0
DA:51,0
DA:52,0
DA:53,0
DA:56,0
DA:59,0
DA:60,0
DA:62,0
DA:65,0
DA:66,0
DA:72,0
DA:73,0
DA:74,0
DA:75,0
DA:77,0
DA:78,0
DA:81,0
DA:82,0
DA:83,0
DA:84,0
DA:85,0
DA:86,0
DA:87,0
DA:97,0
DA:98,0
DA:100,0
DA:101,0
DA:102,0
DA:105,0
DA:107,0
LF:43
LH:1
end_of_record
SF:lib/presentation/ios/main/play/shared/in_game/modals/stats/stats_modal.dart
DA:12,128
DA:14,0
DA:16,0
DA:18,0
DA:19,0
LF:5
LH:1
end_of_record
SF:lib/presentation/ios/main/play/shared/in_game/modals/stats/widgets.dart
DA:5,64
DA:7,0
DA:9,0
DA:11,0
DA:13,0
LF:5
LH:1
end_of_record
SF:lib/presentation/ios/main/play/shared/in_game/modals/checkout_details/checkout_details_modal.dart
DA:11,128
DA:13,0
DA:15,0
LF:3
LH:1
end_of_record
SF:lib/presentation/ios/main/play/shared/in_game/modals/checkout_details/widgets.dart
DA:5,64
DA:7,0
DA:9,0
DA:11,0
DA:12,0
DA:13,0
DA:14,0
DA:15,0
DA:16,0
DA:17,0
DA:18,0
DA:20,0
DA:21,0
DA:22,0
DA:24,0
DA:25,0
DA:26,0
DA:27,0
DA:28,0
DA:29,0
DA:30,0
DA:31,0
DA:33,0
DA:34,0
DA:35,0
DA:36,0
DA:37,0
DA:38,0
DA:39,0
DA:40,0
DA:41,0
[...]
DA:2122,0
DA:2124,0
DA:2126,0
DA:2127,0
DA:2128,0
DA:2129,0
DA:2130,0
DA:2134,0
DA:2148,0
DA:2151,0
DA:2153,0
DA:2155,0
DA:2157,0
DA:2158,0
DA:2159,0
DA:2161,0
DA:2162,0
DA:2163,0
DA:2164,0
DA:2166,0
DA:2167,0
DA:2168,0
DA:2169,0
DA:2172,0
DA:2173,0
DA:2174,0
DA:2175,0
DA:2177,0
DA:2178,0
DA:2179,0
DA:2180,0
DA:2183,0
DA:2184,0
DA:2185,0
DA:2186,0
DA:2188,0
DA:2189,0
DA:2190,0
DA:2191,0
DA:2199,0
DA:2206,0
DA:2207,0
DA:2208,0
DA:2210,0
DA:2211,0
DA:2213,0
DA:2214,0
DA:2218,0
DA:2227,0
DA:2230,0
DA:2232,0
DA:2234,0
DA:2237,0
DA:2238,0
DA:2239,0
DA:2240,0
DA:2242,0
DA:2245,0
DA:2246,0
DA:2259,0
DA:2263,0
DA:2265,0
DA:2267,0
DA:2268,0
DA:2269,0
DA:2270,0
DA:2271,0
DA:2272,0
DA:2273,0
DA:2274,0
DA:2277,0
DA:2278,0
DA:2279,0
DA:2280,0
DA:2281,0
DA:2282,0
DA:2286,0
DA:2287,0
DA:2288,0
DA:2301,0
DA:2304,0
DA:2306,0
DA:2308,0
DA:2309,0
DA:2310,0
DA:2311,0
DA:2314,0
DA:2315,0
DA:2316,0
DA:2327,0
DA:2330,0
DA:2332,0
DA:2334,0
DA:2337,0
DA:2338,0
DA:2339,0
DA:2340,0
DA:2342,0
DA:2345,0
DA:2346,0
LF:971
LH:8
end_of_record
SF:lib/presentation/ios/main/play/offline/play_offline_flow.dart
DA:8,64
DA:10,0
DA:12,0
DA:14,0
DA:15,0
LF:5
LH:1
end_of_record
SF:lib/presentation/ios/main/play/offline/post_game/post_offline_game_page.dart
DA:16,64
DA:18,0
DA:20,0
DA:22,0
DA:23,0
DA:24,0
DA:25,0
DA:26,0
DA:27,0
DA:30,0
DA:31,0
LF:11
LH:1
end_of_record
SF:lib/presentation/ios/main/play/shared/post_game/widgets.dart
DA:13,128
DA:15,0
DA:17,0
DA:19,0
DA:21,0
DA:22,0
DA:23,0
DA:24,0
DA:25,0
DA:34,64
DA:36,0
DA:38,0
DA:40,0
DA:41,0
DA:45,0
LF:15
LH:2
end_of_record
SF:lib/presentation/ios/main/play/online/create_game/widgets.dart
DA:5,64
DA:7,0
DA:9,0
DA:11,0
DA:12,0
DA:13,0
DA:15,0
DA:17,0
DA:20,0
DA:21,0
DA:23,0
DA:24,0
DA:25,0
DA:26,0
DA:27,0
DA:29,0
DA:31,0
DA:32,0
DA:33,0
DA:38,0
DA:39,0
DA:40,0
DA:44,0
DA:45,0
DA:46,0
DA:51,0
DA:52,0
DA:53,0
DA:60,0
DA:61,0
DA:63,0
DA:64,0
DA:65,0
DA:66,0
DA:74,64
DA:76,0
DA:78,0
DA:80,0
DA:81,0
DA:82,0
DA:83,0
DA:84,0
DA:86,0
DA:87,0
DA:89,0
DA:91,0
DA:92,0
DA:93,0
DA:94,0
DA:96,0
DA:98,0
DA:99,0
DA:100,0
DA:102,0
DA:103,0
DA:109,0
DA:110,0
DA:111,0
DA:112,0
DA:115,0
DA:116,0
DA:134,0
DA:139,0
DA:141,0
DA:143,0
DA:144,0
DA:145,0
DA:146,0
DA:148,0
DA:151,0
DA:152,0
DA:153,0
DA:155,0
DA:156,0
DA:157,0
DA:158,0
DA:159,0
DA:160,0
DA:161,0
DA:162,0
DA:165,0
DA:170,0
DA:171,0
DA:172,0
DA:173,0
DA:174,0
DA:175,0
DA:176,0
DA:179,0
DA:182,0
DA:188,0
LF:91
LH:2
end_of_record
SF:lib/presentation/ios/main/play/online/create_game/create_online_game_page.dart
DA:25,64
DA:27,0
DA:29,0
DA:31,0
DA:33,0
DA:34,0
DA:35,0
DA:36,0
DA:39,0
DA:40,0
DA:41,0
DA:42,0
DA:45,0
DA:46,0
DA:47,0
DA:48,0
DA:49,0
DA:50,0
DA:51,0
DA:54,0
DA:55,0
DA:56,0
DA:57,0
DA:58,0
DA:59,0
DA:69,0
DA:70,0
LF:27
LH:1
end_of_record
SF:lib/presentation/ios/main/play/shared/create_game/modals/add_player/widgets.dart
DA:7,64
DA:9,0
DA:11,0
DA:12,0
DA:16,0
DA:18,0
DA:19,0
DA:22,0
DA:23,0
DA:24,0
DA:25,0
DA:32,0
DA:33,0
DA:87,0
DA:90,0
DA:92,0
DA:94,0
DA:95,0
DA:97,0
DA:106,0
DA:107,0
DA:112,0
DA:116,0
DA:117,0
DA:118,0
LF:25
LH:1
end_of_record
SF:lib/presentation/ios/main/play/shared/create_game/modals/add_player/add_player_modal.dart
DA:11,64
DA:13,0
DA:15,0
DA:17,0
DA:18,0
DA:19,0
DA:20,0
DA:21,0
LF:8
LH:1
end_of_record
SF:lib/presentation/ios/main/play/online/in_game/widgets.dart
DA:4,64
DA:6,0
DA:8,0
DA:10,0
DA:11,0
DA:12,0
DA:13,0
DA:15,0
DA:16,0
DA:19,0
DA:21,0
DA:23,0
DA:31,0
DA:33,0
DA:34,0
DA:35,0
DA:36,0
DA:37,0
DA:38,0
DA:39,0
DA:40,0
DA:44,0
DA:45,0
DA:46,0
DA:47,0
DA:64,0
DA:69,0
DA:70,0
DA:72,0
DA:74,0
DA:75,0
DA:77,0
DA:79,0
DA:80,0
DA:88,64
DA:90,0
DA:92,0
DA:94,0
DA:95,0
DA:115,64
DA:117,0
DA:119,0
DA:121,0
DA:122,0
DA:123,0
DA:125,0
DA:126,0
DA:127,0
DA:129,0
DA:130,0
DA:131,0
DA:133,0
DA:134,0
DA:135,0
DA:137,0
DA:138,0
DA:141,0
DA:142,0
DA:143,0
DA:144,0
DA:145,0
DA:146,0
DA:147,0
DA:153,0
DA:155,0
DA:157,0
DA:158,0
DA:170,64
DA:172,0
DA:174,0
DA:176,0
DA:178,0
DA:182,0
DA:184,0
DA:185,0
DA:204,64
DA:206,0
DA:208,0
DA:210,0
DA:211,0
DA:212,0
DA:214,0
DA:216,0
DA:217,0
DA:218,0
DA:220,0
DA:221,0
DA:222,0
DA:223,0
DA:224,0
DA:225,0
DA:226,0
DA:227,0
DA:230,0
DA:231,0
DA:232,0
DA:233,0
DA:234,0
DA:235,0
DA:247,64
DA:249,0
DA:251,0
DA:253,0
DA:254,0
DA:255,0
DA:257,0
DA:258,0
DA:259,0
DA:260,0
DA:263,0
DA:265,0
DA:266,0
DA:268,0
DA:269,0
DA:270,0
DA:271,0
DA:272,0
DA:273,0
DA:274,0
DA:279,0
DA:281,0
DA:282,0
DA:283,0
DA:299,64
DA:301,0
DA:303,0
DA:305,0
DA:306,0
DA:307,0
DA:309,0
DA:311,0
DA:312,0
DA:313,0
DA:315,0
DA:316,0
DA:317,0
DA:318,0
DA:319,0
DA:321,0
DA:334,64
DA:336,0
DA:338,0
DA:340,0
DA:342,0
DA:343,0
DA:344,0
DA:345,0
DA:346,0
DA:348,0
DA:350,0
DA:351,0
DA:353,0
DA:355,0
DA:357,0
DA:359,0
DA:361,0
DA:362,0
DA:378,0
DA:382,0
DA:384,0
DA:386,0
DA:387,0
DA:388,0
DA:389,0
DA:391,0
DA:392,0
DA:396,0
DA:398,0
DA:399,0
DA:400,0
DA:401,0
DA:402,0
DA:403,0
DA:413,64
DA:415,0
DA:417,0
DA:419,0
DA:420,0
DA:421,0
DA:423,0
DA:424,0
DA:425,0
DA:426,0
DA:427,0
DA:428,0
DA:431,0
DA:432,0
DA:433,0
DA:445,64
DA:447,0
DA:449,0
DA:451,0
DA:453,0
DA:454,0
DA:455,0
DA:456,0
DA:458,0
DA:460,0
DA:521,0
DA:522,0
DA:524,0
DA:525,0
DA:526,0
DA:530,0
DA:531,0
DA:532,0
DA:533,0
DA:534,0
DA:536,0
DA:538,0
DA:544,0
DA:579,0
DA:581,0
DA:583,0
DA:585,0
DA:586,0
DA:587,0
DA:588,0
DA:590,0
DA:591,0
DA:592,0
DA:593,0
DA:595,0
DA:596,0
DA:597,0
DA:598,0
DA:599,0
DA:601,0
DA:602,0
DA:607,0
DA:609,0
DA:610,0
DA:611,0
DA:612,0
DA:613,0
DA:615,0
DA:616,0
DA:621,0
DA:622,0
DA:623,0
DA:624,0
DA:625,0
DA:640,0
DA:645,0
DA:647,0
DA:649,0
DA:651,0
DA:652,0
DA:654,0
DA:656,0
DA:658,0
DA:662,0
DA:664,0
DA:666,0
DA:670,0
DA:672,0
DA:674,0
DA:675,0
DA:690,0
DA:694,0
DA:696,0
DA:698,0
DA:699,0
DA:700,0
DA:701,0
DA:703,0
DA:704,0
DA:706,0
DA:707,0
DA:708,0
DA:710,0
DA:712,0
DA:713,0
DA:719,0
DA:721,0
DA:722,0
DA:724,0
DA:726,0
DA:727,0
DA:728,0
DA:729,0
DA:730,0
DA:731,0
DA:732,0
DA:733,0
DA:734,0
LF:286
LH:10
end_of_record
SF:lib/presentation/ios/main/play/online/in_game/in_online_game_page.dart
DA:28,64
DA:30,0
DA:32,0
DA:34,0
DA:35,0
DA:36,0
DA:37,0
DA:39,0
DA:40,0
DA:42,0
DA:43,0
DA:46,0
DA:47,0
DA:50,0
DA:51,0
DA:52,0
DA:53,0
DA:56,0
DA:59,0
DA:60,0
DA:62,0
DA:65,0
DA:66,0
DA:72,0
DA:73,0
DA:74,0
DA:75,0
DA:77,0
DA:78,0
DA:81,0
DA:82,0
DA:83,0
DA:84,0
DA:85,0
DA:86,0
DA:87,0
DA:97,0
DA:98,0
DA:100,0
DA:101,0
DA:102,0
DA:105,0
DA:107,0
LF:43
LH:1
end_of_record
SF:lib/presentation/ios/main/play/online/play_online_flow.dart
DA:9,64
DA:11,0
DA:13,0
DA:15,0
DA:16,0
LF:5
LH:1
end_of_record
SF:lib/presentation/ios/main/play/online/post_game/post_online_game_page.dart
DA:16,64
DA:18,0
DA:20,0
DA:22,0
DA:23,0
DA:24,0
DA:25,0
DA:26,0
DA:27,0
DA:30,0
DA:31,0
LF:11
LH:1
end_of_record
SF:lib/presentation/ios/main/play/shared/widgets.dart
DA:12,0
DA:15,0
DA:17,0
DA:18,0
DA:24,0
DA:26,0
DA:27,0
DA:28,0
DA:29,0
DA:30,0
DA:32,0
DA:33,0
DA:34,0
DA:35,0
DA:37,0
DA:38,0
DA:39,0
DA:40,0
DA:41,0
DA:44,0
DA:56,0
DA:59,0
DA:61,0
DA:63,0
DA:64,0
DA:66,0
DA:67,0
DA:68,0
DA:69,0
DA:70,0
DA:71,0
DA:72,0
DA:75,0
DA:76,0
DA:77,0
DA:78,0
DA:79,0
DA:80,0
DA:81,0
DA:82,0
DA:83,0
DA:86,0
DA:87,0
DA:88,0
DA:89,0
DA:90,0
DA:91,0
DA:92,0
DA:93,0
DA:94,0
DA:95,0
DA:96,0
DA:99,0
DA:100,0
DA:101,0
DA:102,0
DA:103,0
DA:104,0
DA:105,0
DA:106,0
DA:107,0
DA:108,0
DA:127,0
DA:131,0
DA:133,0
DA:137,0
DA:138,0
DA:139,0
DA:142,0
DA:143,0
DA:145,0
DA:146,0
DA:147,0
DA:148,0
DA:152,0
DA:157,0
DA:158,0
DA:160,0
DA:161,0
DA:167,0
DA:168,0
DA:169,0
DA:170,0
DA:171,0
DA:172,0
DA:174,0
DA:175,0
DA:178,0
DA:179,0
DA:181,0
DA:182,0
DA:184,0
DA:185,0
DA:187,0
DA:188,0
DA:189,0
DA:190,0
DA:191,0
DA:192,0
DA:193,0
DA:194,0
DA:226,0
DA:251,0
DA:253,0
DA:255,0
DA:256,0
DA:257,0
DA:258,0
DA:259,0
DA:260,0
DA:263,0
DA:265,0
DA:266,0
DA:267,0
DA:269,0
DA:270,0
DA:271,0
DA:273,0
DA:274,0
DA:276,0
DA:278,0
DA:279,0
DA:280,0
DA:282,0
DA:283,0
DA:284,0
DA:286,0
DA:287,0
DA:288,0
DA:290,0
DA:291,0
DA:292,0
DA:294,0
DA:295,0
DA:297,0
DA:299,0
DA:300,0
DA:301,0
DA:303,0
DA:304,0
DA:305,0
DA:307,0
DA:308,0
DA:309,0
DA:311,0
DA:312,0
DA:314,0
DA:316,0
DA:317,0
DA:318,0
DA:320,0
DA:321,0
DA:322,0
DA:324,0
DA:325,0
DA:326,0
DA:328,0
DA:329,0
DA:330,0
DA:332,0
DA:333,0
DA:334,0
DA:336,0
DA:337,0
DA:338,0
DA:340,0
DA:341,0
DA:342,0
DA:344,0
DA:345,0
DA:346,0
DA:358,0
DA:362,0
DA:364,0
DA:368,0
DA:373,0
DA:374,0
DA:377,0
DA:378,0
DA:380,0
DA:381,0
DA:384,0
DA:392,0
LF:183
LH:0
end_of_record
SF:lib/presentation/ios/main/privacy_policy/widgets.dart
DA:5,64
DA:7,0
DA:9,0
DA:11,0
DA:12,0
DA:13,0
DA:14,0
DA:17,0
DA:18,0
DA:20,0
DA:21,0
DA:22,0
DA:24,0
DA:26,0
DA:33,0
DA:34,0
LF:16
LH:1
end_of_record
SF:lib/presentation/ios/main/privacy_policy/privacy_policy_page.dart
DA:9,64
DA:11,0
DA:13,0
DA:15,0
DA:16,0
DA:17,0
DA:18,0
LF:7
LH:1
end_of_record
SF:lib/presentation/ios/main/profile/widgets.dart
DA:5,64
DA:7,0
DA:9,0
DA:11,0
DA:12,0
DA:13,0
DA:15,0
DA:16,0
DA:25,64
DA:27,0
DA:29,0
DA:31,0
DA:33,0
DA:35,0
DA:36,0
DA:37,0
DA:38,0
DA:39,0
DA:40,0
DA:42,0
DA:43,0
DA:44,0
DA:45,0
DA:47,0
DA:50,0
DA:51,0
DA:53,0
DA:54,0
DA:56,0
DA:58,0
DA:60,0
DA:61,0
DA:62,0
DA:66,0
DA:68,0
DA:72,0
DA:77,0
DA:78,0
DA:80,0
DA:81,0
DA:82,0
DA:83,0
DA:84,0
DA:85,0
DA:86,0
DA:87,0
DA:88,0
DA:91,0
DA:92,0
DA:96,0
DA:98,0
DA:102,0
DA:111,0
DA:112,0
DA:114,0
DA:116,0
DA:117,0
DA:118,0
DA:119,0
DA:122,0
DA:123,0
DA:126,0
DA:129,0
DA:135,0
DA:136,0
DA:137,0
DA:138,0
DA:139,0
DA:140,0
DA:141,0
DA:142,0
DA:147,0
DA:148,0
DA:149,0
DA:150,0
DA:151,0
DA:158,0
DA:159,0
DA:160,0
DA:161,0
DA:180,0
DA:183,0
DA:185,0
DA:187,0
DA:188,0
DA:189,0
DA:190,0
DA:191,0
DA:192,0
DA:193,0
DA:195,0
DA:196,0
DA:197,0
DA:198,0
DA:200,0
DA:201,0
DA:202,0
DA:203,0
DA:216,0
DA:217,0
DA:218,0
DA:220,0
DA:221,0
DA:222,0
DA:224,0
DA:225,0
DA:226,0
DA:238,0
DA:243,0
DA:245,0
DA:247,0
DA:248,0
DA:250,0
DA:251,0
DA:252,0
DA:253,0
DA:254,0
DA:255,0
DA:256,0
DA:260,0
DA:261,0
DA:265,0
DA:266,0
DA:267,0
DA:268,0
DA:269,0
DA:270,0
DA:274,0
DA:275,0
DA:277,0
DA:278,0
DA:279,0
DA:280,0
DA:282,0
DA:283,0
DA:284,0
DA:285,0
DA:286,0
DA:287,0
DA:303,0
DA:306,0
DA:308,0
DA:310,0
DA:311,0
DA:312,0
DA:313,0
DA:315,0
LF:147
LH:2
end_of_record
SF:lib/presentation/ios/main/profile/profile_page.dart
DA:16,64
DA:18,0
DA:20,0
DA:22,0
DA:23,0
LF:5
LH:1
end_of_record
SF:lib/presentation/ios/main/settings/modals/change_email/success/widgets.dart
DA:5,64
DA:7,0
DA:9,0
DA:11,0
DA:12,0
DA:13,0
DA:14,0
DA:17,0
DA:18,0
DA:20,0
DA:21,0
DA:22,0
DA:23,0
DA:24,0
DA:25,0
DA:28,0
DA:30,0
DA:31,0
DA:33,0
DA:37,0
DA:38,0
DA:39,0
LF:22
LH:1
end_of_record
SF:lib/presentation/ios/main/settings/modals/change_email/change_email_modal.dart
DA:18,64
DA:20,0
DA:22,0
DA:24,0
DA:25,0
DA:26,0
DA:28,0
DA:29,0
DA:30,0
DA:31,0
DA:32,0
DA:33,0
DA:34,0
DA:35,0
DA:36,0
DA:37,0
DA:38,0
DA:39,0
DA:44,0
DA:45,0
DA:51,0
DA:60,0
DA:61,0
DA:62,0
LF:24
LH:1
end_of_record
SF:lib/presentation/ios/main/settings/modals/change_email/initial/widgets.dart
DA:5,64
DA:7,0
DA:9,0
DA:11,0
DA:12,0
DA:13,0
DA:14,0
DA:15,0
DA:18,0
DA:19,0
DA:21,0
DA:22,0
DA:23,0
DA:24,0
DA:27,0
DA:30,0
DA:31,0
DA:34,0
DA:35,0
DA:36,0
DA:41,0
DA:42,0
DA:43,0
DA:44,0
DA:45,0
DA:46,0
DA:47,0
DA:49,0
DA:51,0
DA:52,0
DA:53,0
DA:54,0
LF:32
LH:1
end_of_record
SF:lib/presentation/ios/main/settings/modals/change_email/initial/initial_page.dart
DA:4,64
DA:6,0
DA:8,0
DA:10,0
DA:11,0
DA:12,0
DA:13,0
DA:14,0
DA:15,0
DA:17,0
DA:18,0
DA:19,0
DA:20,0
LF:13
LH:1
end_of_record
SF:lib/presentation/ios/main/settings/modals/change_email/success/success_page.dart
DA:4,64
DA:6,0
DA:8,0
LF:3
LH:1
end_of_record
SF:lib/presentation/ios/main/settings/modals/change_password/success/success_page.dart
DA:4,64
DA:6,0
DA:8,0
LF:3
LH:1
end_of_record
SF:lib/presentation/ios/main/settings/modals/change_password/change_password_modal.dart
DA:18,64
DA:20,0
DA:22,0
DA:24,0
DA:25,0
DA:26,0
DA:28,0
DA:29,0
DA:30,0
DA:31,0
DA:32,0
DA:33,0
DA:34,0
DA:35,0
DA:36,0
DA:37,0
DA:38,0
DA:39,0
DA:43,0
DA:44,0
DA:45,0
DA:54,0
DA:55,0
DA:56,0
LF:24
LH:1
end_of_record
SF:lib/presentation/ios/main/settings/modals/change_password/initial/initial_page.dart
DA:4,64
DA:6,0
DA:8,0
DA:10,0
DA:11,0
DA:12,0
DA:13,0
DA:14,0
DA:15,0
DA:17,0
DA:18,0
DA:19,0
DA:20,0
LF:13
LH:1
end_of_record
SF:lib/presentation/ios/main/settings/modals/change_password/initial/widgets.dart
DA:5,64
DA:7,0
DA:9,0
DA:11,0
DA:12,0
DA:13,0
DA:14,0
DA:15,0
DA:18,0
DA:19,0
DA:21,0
DA:22,0
DA:23,0
DA:24,0
DA:27,0
DA:30,0
DA:31,0
DA:33,0
DA:35,0
DA:36,0
DA:37,0
DA:42,0
DA:43,0
DA:45,0
DA:47,0
DA:48,0
DA:49,0
DA:54,0
DA:55,0
DA:57,0
DA:59,0
DA:60,0
DA:61,0
DA:66,0
DA:67,0
DA:68,0
DA:69,0
DA:70,0
DA:71,0
DA:72,0
DA:74,0
DA:76,0
DA:77,0
DA:78,0
DA:79,0
LF:45
LH:1
end_of_record
SF:lib/presentation/ios/main/settings/modals/change_password/success/widgets.dart
DA:5,64
DA:7,0
DA:9,0
DA:11,0
DA:12,0
DA:13,0
DA:14,0
DA:17,0
DA:18,0
DA:20,0
DA:21,0
DA:22,0
DA:23,0
DA:24,0
DA:25,0
DA:28,0
DA:30,0
DA:31,0
DA:33,0
DA:37,0
DA:38,0
DA:39,0
LF:22
LH:1
end_of_record
SF:lib/presentation/ios/main/settings/modals/change_username/success/widgets.dart
DA:5,64
DA:7,0
DA:9,0
DA:11,0
DA:12,0
DA:13,0
DA:14,0
DA:17,0
DA:18,0
DA:20,0
DA:21,0
DA:22,0
DA:23,0
DA:24,0
DA:25,0
DA:28,0
DA:30,0
DA:31,0
DA:33,0
DA:37,0
DA:38,0
DA:39,0
LF:22
LH:1
end_of_record
SF:lib/presentation/ios/main/settings/modals/change_username/initial/initial_page.dart
DA:4,64
DA:6,0
DA:8,0
DA:10,0
DA:11,0
DA:12,0
DA:13,0
DA:14,0
DA:15,0
DA:17,0
DA:18,0
DA:19,0
DA:20,0
LF:13
LH:1
end_of_record
SF:lib/presentation/ios/main/settings/modals/change_username/initial/widgets.dart
DA:5,64
DA:7,0
DA:9,0
DA:11,0
DA:12,0
DA:13,0
DA:14,0
DA:15,0
DA:18,0
DA:19,0
DA:21,0
DA:22,0
DA:23,0
DA:24,0
DA:27,0
DA:30,0
DA:31,0
DA:33,0
DA:34,0
DA:35,0
DA:36,0
DA:41,0
DA:42,0
DA:43,0
DA:44,0
DA:45,0
DA:46,0
DA:47,0
DA:49,0
DA:51,0
DA:52,0
DA:53,0
DA:54,0
LF:33
LH:1
end_of_record
SF:lib/presentation/ios/main/settings/modals/change_username/change_username_modal.dart
DA:18,64
DA:20,0
DA:22,0
DA:24,0
DA:25,0
DA:26,0
DA:28,0
DA:29,0
DA:30,0
DA:31,0
DA:32,0
DA:33,0
DA:34,0
DA:35,0
DA:36,0
DA:37,0
DA:38,0
DA:39,0
DA:43,0
DA:44,0
DA:45,0
DA:46,0
DA:48,0
DA:57,0
DA:58,0
DA:59,0
LF:26
LH:1
end_of_record
SF:lib/presentation/ios/main/settings/modals/change_username/success/success_page.dart
DA:4,64
DA:6,0
DA:8,0
LF:3
LH:1
end_of_record
SF:lib/presentation/ios/main/settings/modals/edit_profile_image/edit_profile_image_modal.dart
DA:12,0
DA:14,0
DA:15,0
LF:3
LH:0
end_of_record
SF:lib/presentation/ios/main/settings/modals/edit_profile_image/widgets.dart
DA:6,64
DA:8,0
DA:10,0
DA:12,0
DA:13,0
DA:16,0
DA:17,0
DA:18,0
DA:20,0
DA:21,0
DA:23,0
DA:25,0
DA:26,0
DA:27,0
DA:30,0
DA:31,0
DA:32,0
DA:34,0
DA:35,0
DA:36,0
DA:39,0
DA:40,0
DA:41,0
DA:43,0
DA:44,0
DA:45,0
DA:48,0
DA:49,0
DA:50,0
DA:52,0
DA:53,0
LF:31
LH:1
end_of_record
SF:lib/presentation/ios/main/settings/widgets.dart
DA:5,64
DA:7,0
DA:9,0
DA:11,0
DA:12,0
DA:13,0
DA:15,0
DA:16,0
DA:17,0
DA:18,0
DA:19,0
DA:22,0
DA:25,0
DA:29,0
DA:30,0
DA:32,0
DA:33,0
DA:34,0
DA:36,0
DA:37,0
DA:38,0
DA:40,0
DA:41,0
DA:42,0
DA:44,0
DA:45,0
DA:47,0
DA:49,0
DA:50,0
DA:61,0
DA:63,0
DA:64,0
DA:65,0
DA:69,0
DA:70,0
DA:71,0
DA:72,0
DA:89,64
DA:92,0
DA:94,0
DA:96,0
DA:99,0
DA:101,0
DA:102,0
DA:104,0
DA:106,0
DA:107,0
DA:109,0
DA:110,0
DA:111,0
DA:113,0
DA:114,0
DA:116,0
DA:117,0
DA:129,0
DA:132,0
DA:134,0
DA:136,0
DA:137,0
DA:138,0
DA:139,0
DA:148,0
DA:151,0
DA:153,0
DA:155,0
DA:156,0
DA:157,0
DA:158,0
DA:163,0
DA:164,0
DA:165,0
DA:174,0
DA:176,0
DA:177,0
DA:178,0
DA:182,0
DA:183,0
DA:184,0
DA:185,0
DA:187,0
DA:188,0
DA:189,0
DA:190,0
DA:191,0
DA:194,0
DA:198,0
DA:199,0
DA:200,0
DA:201,0
DA:204,0
DA:208,0
DA:209,0
DA:210,0
DA:211,0
DA:214,0
DA:227,0
DA:231,0
DA:233,0
DA:235,0
DA:238,0
DA:239,0
DA:240,0
DA:242,0
DA:243,0
DA:244,0
DA:245,0
DA:246,0
DA:249,0
DA:250,0
DA:251,0
DA:261,0
DA:263,0
DA:264,0
DA:265,0
DA:269,0
DA:270,0
DA:271,0
DA:272,0
DA:274,0
DA:275,0
DA:276,0
DA:277,0
DA:279,0
DA:280,0
DA:281,0
DA:292,0
DA:296,0
DA:298,0
DA:300,0
DA:303,0
DA:304,0
DA:305,0
DA:307,0
DA:308,0
DA:309,0
DA:310,0
DA:311,0
DA:312,0
DA:319,0
DA:320,0
DA:321,0
LF:141
LH:2
end_of_record
SF:lib/presentation/ios/main/settings/settings_page.dart
DA:19,64
DA:21,0
DA:23,0
DA:25,0
DA:26,0
DA:27,0
DA:28,0
DA:29,0
DA:30,0
DA:31,0
DA:34,0
DA:35,0
DA:36,0
DA:37,0
DA:38,0
DA:39,0
DA:40,0
DA:41,0
DA:43,0
DA:44,0
LF:20
LH:1
end_of_record
SF:lib/presentation/ios/main/training/create_training/widgets.dart
DA:5,64
DA:7,0
DA:9,0
DA:11,0
DA:12,0
DA:13,0
DA:14,0
DA:16,0
DA:17,0
DA:19,0
DA:20,0
DA:23,0
DA:24,0
DA:26,0
DA:29,0
DA:32,0
DA:33,0
DA:35,0
DA:45,64
DA:47,0
DA:49,0
DA:51,0
DA:52,0
DA:53,0
DA:57,0
DA:58,0
DA:59,0
DA:60,0
DA:71,64
DA:73,0
DA:75,0
DA:77,0
DA:78,0
DA:79,0
DA:80,0
DA:81,0
DA:83,0
DA:84,0
DA:85,0
DA:87,0
DA:89,0
DA:90,0
DA:91,0
DA:94,0
DA:95,0
DA:98,0
DA:101,0
DA:102,0
DA:108,0
DA:110,0
DA:111,0
DA:128,0
DA:129,0
DA:130,0
DA:131,0
DA:134,0
DA:135,0
DA:153,0
DA:158,0
DA:160,0
DA:162,0
DA:163,0
DA:164,0
DA:165,0
DA:167,0
DA:170,0
DA:171,0
DA:176,0
DA:178,0
DA:179,0
DA:181,0
DA:182,0
DA:183,0
DA:184,0
DA:185,0
DA:190,0
DA:191,0
DA:193,0
DA:194,0
DA:196,0
DA:197,0
DA:198,0
DA:200,0
DA:201,0
DA:202,0
DA:203,0
DA:204,0
DA:213,0
DA:214,0
DA:220,0
DA:231,0
DA:236,0
DA:238,0
DA:247,0
DA:248,0
DA:249,0
DA:250,0
DA:252,0
DA:255,0
DA:256,0
DA:261,0
DA:263,0
DA:264,0
DA:266,0
DA:267,0
DA:268,0
DA:269,0
DA:270,0
DA:272,0
DA:273,0
DA:274,0
DA:278,0
DA:283,0
DA:284,0
DA:285,0
DA:287,0
DA:292,0
DA:299,64
DA:301,0
DA:303,0
DA:305,0
DA:306,0
DA:307,0
DA:309,0
DA:316,64
DA:318,0
DA:320,0
DA:322,0
DA:323,0
DA:324,0
DA:325,0
DA:327,0
DA:328,0
DA:329,0
DA:333,0
DA:334,0
DA:335,0
DA:336,0
DA:338,0
DA:339,0
DA:340,0
DA:341,0
DA:342,0
DA:343,0
DA:344,0
DA:347,0
DA:348,0
DA:357,0
DA:358,0
DA:359,0
DA:362,0
DA:363,0
DA:374,0
DA:375,0
DA:376,0
DA:377,0
DA:378,0
DA:379,0
DA:382,0
DA:383,0
DA:392,0
DA:393,0
DA:394,0
DA:397,0
DA:398,0
DA:418,64
DA:420,0
DA:422,0
DA:424,0
DA:425,0
DA:426,0
DA:427,0
DA:428,0
DA:430,0
DA:431,0
DA:433,0
DA:434,0
DA:439,0
DA:440,0
DA:441,0
DA:442,0
DA:444,0
DA:445,0
DA:446,0
DA:447,0
DA:448,0
DA:449,0
DA:450,0
DA:453,0
DA:458,0
DA:461,0
DA:462,0
DA:463,0
DA:466,0
DA:471,0
DA:474,0
DA:475,0
DA:476,0
DA:479,0
DA:484,0
DA:491,0
DA:492,0
DA:494,0
DA:495,0
DA:496,0
DA:500,0
DA:501,0
DA:502,0
DA:503,0
DA:505,0
DA:506,0
DA:507,0
DA:508,0
DA:509,0
DA:510,0
DA:511,0
DA:514,0
DA:522,0
DA:525,0
DA:526,0
DA:527,0
DA:530,0
DA:538,0
DA:541,0
DA:542,0
DA:543,0
DA:546,0
DA:554,0
DA:563,0
DA:571,64
DA:573,0
DA:575,0
DA:577,0
DA:578,0
DA:583,0
DA:584,0
DA:585,0
DA:586,0
DA:588,0
DA:589,0
DA:590,0
DA:591,0
DA:592,0
DA:605,64
DA:607,0
DA:609,0
DA:611,0
DA:612,0
DA:613,0
DA:615,0
DA:616,0
LF:251
LH:8
end_of_record
SF:lib/presentation/ios/main/training/create_training/create_training_page.dart
DA:24,64
DA:26,0
DA:28,0
DA:30,0
DA:31,0
DA:32,0
DA:33,0
DA:34,0
DA:36,0
DA:37,0
DA:38,0
DA:41,0
DA:42,0
DA:43,0
DA:44,0
DA:45,0
DA:47,0
DA:50,0
DA:54,0
DA:57,0
DA:58,0
DA:59,0
DA:60,0
DA:61,0
DA:62,0
DA:65,0
DA:66,0
DA:67,0
DA:68,0
DA:78,0
DA:79,0
LF:31
LH:1
end_of_record
SF:lib/presentation/ios/main/training/in_training/in_training_page.dart
DA:15,64
DA:17,0
DA:19,0
DA:21,0
DA:22,0
DA:23,0
DA:24,0
DA:25,0
DA:26,0
DA:27,0
DA:28,0
DA:29,0
DA:31,0
DA:32,0
DA:35,0
DA:36,0
DA:37,0
DA:38,0
DA:39,0
DA:40,0
DA:42,0
DA:43,0
DA:46,0
DA:47,0
DA:48,0
DA:49,0
DA:50,0
DA:51,0
DA:61,0
LF:29
LH:1
end_of_record
SF:lib/presentation/ios/main/training/in_training/widgets.dart
DA:5,64
DA:7,0
DA:9,0
LF:3
LH:1
end_of_record
SF:lib/presentation/ios/main/training/post_training/post_training_page.dart
DA:5,64
DA:7,0
DA:9,0
DA:11,0
LF:4
LH:1
end_of_record
SF:lib/presentation/ios/main/training/training_flow.dart
DA:12,64
DA:14,0
DA:16,0
DA:18,0
DA:19,0
DA:20,0
DA:21,0
DA:22,0
DA:24,0
DA:25,0
DA:27,0
DA:28,0
DA:30,0
DA:31,0
DA:33,0
DA:34,0
LF:16
LH:1
end_of_record
SF:lib/presentation/ios/router.dart
DA:155,0
DA:160,0
DA:161,0
DA:163,0
DA:164,0
LF:5
LH:0
end_of_record
SF:lib/infrastructure/friend/user_dto.g.dart
DA:9,2
DA:10,1
DA:11,2
DA:14,1
DA:15,1
DA:16,1
DA:17,2
LF:7
LH:7
end_of_record
SF:lib/infrastructure/friend/user_dto.dart
DA:16,2
DA:18,1
DA:19,1
DA:20,2
DA:21,2
DA:25,1
DA:26,1
DA:27,2
DA:28,2
DA:32,1
DA:33,1
LF:11
LH:11
end_of_record
