TN:
SF:lib/application/auth/forgot_password/forgot_password_bloc.dart
FNF:0
FNH:0
DA:21,1
DA:23,1
DA:25,1
DA:26,1
DA:31,2
DA:32,2
DA:36,1
DA:40,1
DA:42,2
DA:43,1
DA:44,4
DA:46,1
DA:47,1
DA:48,1
DA:49,1
DA:58,1
DA:62,3
DA:63,1
DA:65,1
DA:67,1
DA:68,1
DA:70,2
DA:72,3
DA:75,1
DA:76,1
DA:77,1
DA:84,1
DA:86,2
LF:28
LH:28
end_of_record
TN:
SF:lib/application/auth/sign_in/sign_in_bloc.dart
FNF:0
FNH:0
DA:20,1
DA:22,1
DA:24,1
DA:25,1
DA:26,1
DA:30,2
DA:31,2
DA:32,3
DA:33,1
DA:34,2
DA:36,1
DA:37,2
DA:39,1
DA:40,2
DA:45,1
DA:49,2
DA:50,1
DA:51,5
DA:57,1
DA:61,2
DA:62,1
DA:63,5
DA:69,1
DA:72,3
DA:73,1
DA:74,2
DA:75,2
DA:78,2
DA:79,3
DA:80,1
DA:81,1
DA:86,1
DA:91,1
DA:98,1
DA:101,3
DA:102,1
DA:103,2
DA:104,3
DA:112,1
DA:115,3
DA:116,1
DA:117,2
DA:118,3
DA:126,1
DA:129,3
DA:130,1
DA:131,2
DA:132,3
DA:140,1
DA:144,3
DA:145,1
DA:146,1
DA:148,2
DA:150,2
DA:152,1
DA:153,1
DA:154,2
DA:155,1
DA:157,1
LF:59
LH:59
end_of_record
TN:
SF:lib/application/auth/sign_up/sign_up_bloc.dart
FNF:0
FNH:0
DA:20,1
DA:22,1
DA:24,1
DA:25,1
DA:26,1
DA:27,1
DA:28,1
DA:33,2
DA:34,2
DA:35,2
DA:36,2
DA:37,3
DA:41,1
DA:45,2
DA:46,1
DA:47,5
DA:53,1
DA:57,2
DA:58,1
DA:59,5
DA:65,1
DA:69,2
DA:70,1
DA:71,5
DA:77,1
DA:81,2
DA:82,1
DA:83,5
DA:89,1
DA:92,3
DA:93,1
DA:94,2
DA:95,2
DA:96,2
DA:97,2
DA:98,3
DA:105,1
DA:107,2
DA:110,3
DA:111,1
DA:112,1
DA:113,1
DA:115,1
DA:116,1
DA:117,2
DA:118,3
DA:120,1
DA:123,3
LF:48
LH:48
end_of_record
TN:
SF:lib/application/core/application_error.dart
FNF:0
FNH:0
DA:4,6
DA:6,0
DA:8,0
DA:11,4
DA:15,6
DA:19,0
DA:20,0
DA:25,2
DA:29,2
LF:9
LH:5
end_of_record
TN:
SF:lib/application/core/auto_reset_lazy_singelton.dart
FNF:0
FNH:0
DA:8,0
DA:14,0
LF:2
LH:0
end_of_record
TN:
SF:lib/application/core/bloc_observer.dart
FNF:0
FNH:0
DA:5,0
DA:7,0
DA:8,0
DA:11,0
DA:13,0
DA:14,0
DA:17,0
DA:19,0
DA:20,0
DA:23,0
DA:25,0
DA:26,0
DA:29,0
DA:31,0
DA:32,0
DA:35,0
DA:37,0
DA:38,0
LF:18
LH:0
end_of_record
TN:
SF:lib/application/core/watcher/watcher_cubit.dart
FNF:0
FNH:0
DA:16,6
DA:19,6
DA:25,24
DA:28,6
DA:31,12
DA:33,6
LF:6
LH:6
end_of_record
TN:
SF:lib/application/main/friends/friends_bloc.dart
FNF:0
FNH:0
DA:23,1
DA:25,1
DA:27,1
DA:28,2
DA:29,2
DA:32,2
DA:33,2
DA:36,2
DA:37,2
DA:42,1
DA:43,2
DA:44,1
DA:46,1
DA:47,2
DA:49,1
DA:50,2
DA:52,1
DA:53,2
DA:58,1
DA:64,2
DA:68,2
DA:69,1
DA:70,1
DA:71,2
DA:72,1
DA:73,3
DA:74,1
DA:75,0
DA:76,0
DA:80,1
DA:81,2
DA:82,1
DA:86,3
DA:87,1
DA:88,0
DA:89,0
DA:93,1
DA:94,2
DA:95,1
DA:99,3
DA:100,1
DA:101,0
DA:102,0
DA:113,1
DA:117,5
DA:120,1
DA:124,3
DA:128,1
DA:132,3
LF:49
LH:43
end_of_record
TN:
SF:lib/application/main/friends/more/more_bloc.dart
FNF:0
FNH:0
DA:17,1
DA:20,1
DA:25,3
DA:29,1
DA:30,3
DA:32,3
LF:6
LH:6
end_of_record
TN:
SF:lib/application/main/friends/search_user/search_user_bloc.dart
FNF:0
FNH:0
DA:19,1
DA:21,1
DA:26,1
DA:27,2
DA:28,1
DA:29,1
DA:32,1
DA:34,3
DA:38,1
DA:42,2
DA:43,1
DA:47,1
DA:48,3
DA:49,1
DA:51,1
DA:52,2
DA:53,1
DA:54,2
DA:59,1
DA:62,1
LF:20
LH:20
end_of_record
TN:
SF:lib/application/main/game_history/game_history_bloc.dart
FNF:0
FNH:0
DA:22,1
DA:25,1
DA:30,1
DA:31,2
DA:33,1
DA:34,2
DA:36,1
DA:37,1
DA:38,1
DA:40,1
DA:41,2
DA:46,1
DA:49,2
DA:50,1
DA:51,2
DA:52,2
DA:56,4
DA:58,3
DA:60,1
DA:61,1
DA:62,2
DA:63,2
DA:64,2
DA:65,1
DA:66,1
DA:68,3
DA:69,3
DA:71,1
DA:72,4
DA:75,1
DA:76,3
DA:85,1
DA:89,3
DA:91,1
DA:92,1
DA:93,2
DA:94,2
DA:100,1
DA:104,1
DA:107,2
DA:108,1
DA:109,2
DA:110,2
DA:114,2
DA:115,2
DA:116,1
DA:117,1
DA:118,2
DA:119,2
DA:125,1
DA:129,1
DA:131,1
DA:132,4
LF:53
LH:53
end_of_record
TN:
SF:lib/application/main/game_invitations/game_invitations_bloc.dart
FNF:0
FNH:0
DA:27,1
DA:30,1
DA:32,1
DA:34,2
DA:35,2
DA:38,2
DA:39,2
DA:44,1
DA:45,2
DA:46,1
DA:48,1
DA:49,2
DA:51,1
DA:52,2
DA:57,1
DA:62,2
DA:65,2
DA:66,1
DA:67,1
DA:68,2
DA:69,1
DA:73,2
DA:74,3
DA:76,1
DA:77,0
DA:78,0
DA:81,0
DA:82,0
DA:85,1
DA:86,2
DA:87,1
DA:91,2
DA:92,3
DA:93,1
DA:94,0
DA:95,0
DA:98,0
DA:99,0
DA:102,1
DA:103,2
DA:104,3
DA:105,3
DA:108,0
DA:109,0
DA:118,1
DA:122,2
DA:124,1
DA:125,2
DA:126,3
DA:128,1
DA:129,3
DA:130,1
DA:132,4
DA:138,1
DA:142,3
LF:55
LH:45
end_of_record
TN:
SF:lib/application/main/home/create_online_game/create_online_game_cubit.dart
FNF:0
FNH:0
DA:17,1
DA:19,1
DA:24,1
DA:25,3
DA:27,1
DA:28,3
DA:29,2
LF:7
LH:7
end_of_record
TN:
SF:lib/application/main/home/home_bloc.dart
FNF:0
FNH:0
DA:32,1
DA:36,1
DA:41,1
DA:42,2
DA:43,1
DA:48,1
DA:51,1
DA:52,2
DA:53,1
DA:54,1
DA:55,2
DA:56,2
DA:57,2
DA:59,2
DA:60,1
DA:61,1
DA:62,1
DA:64,1
DA:65,1
DA:66,1
DA:68,1
DA:70,1
DA:71,2
DA:73,0
DA:80,1
DA:87,1
DA:88,1
DA:89,1
DA:91,2
DA:92,1
DA:94,1
DA:96,1
DA:101,1
DA:103,1
DA:106,1
DA:107,3
DA:110,1
DA:111,3
DA:119,0
DA:122,0
DA:123,0
DA:124,0
DA:125,0
DA:126,0
DA:130,0
LF:45
LH:37
end_of_record
TN:
SF:lib/application/main/play/offline/create_game/create_offline_game_bloc.dart
FNF:0
FNH:0
DA:17,1
DA:19,1
DA:24,3
DA:25,3
DA:26,3
DA:27,3
DA:28,3
DA:29,1
DA:30,2
DA:32,3
DA:33,3
DA:34,3
DA:35,3
DA:36,3
DA:37,3
DA:38,1
DA:39,2
DA:44,1
DA:45,2
DA:49,1
DA:52,2
DA:53,1
DA:54,1
DA:59,1
DA:60,2
DA:64,1
DA:67,3
DA:71,1
DA:74,4
DA:78,1
DA:81,2
DA:82,1
DA:87,1
DA:90,3
DA:94,1
DA:97,3
DA:101,1
DA:104,3
DA:108,1
DA:109,2
DA:113,1
DA:114,2
DA:118,1
DA:119,2
DA:123,1
DA:126,2
DA:127,1
LF:47
LH:47
end_of_record
TN:
SF:lib/application/main/play/offline/in_game/detailed_input_area/input_row/input_row_bloc.dart
FNF:0
FNH:0
DA:12,1
DA:15,1
LF:2
LH:2
end_of_record
TN:
SF:lib/application/main/play/offline/in_game/detailed_input_area/key_board/key_board_bloc.dart
FNF:0
FNH:0
DA:14,1
DA:19,1
LF:2
LH:2
end_of_record
TN:
SF:lib/application/main/play/offline/in_game/in_offline_game_bloc.dart
FNF:0
FNH:0
DA:9,1
DA:11,1
LF:2
LH:2
end_of_record
TN:
SF:lib/application/main/play/offline/in_game/standard_input_area/input_row/input_row_bloc.dart
FNF:0
FNH:0
DA:13,1
DA:17,1
LF:2
LH:2
end_of_record
TN:
SF:lib/application/main/play/offline/in_game/standard_input_area/key_board/key_board_bloc.dart
FNF:0
FNH:0
DA:12,1
DA:17,1
LF:2
LH:2
end_of_record
TN:
SF:lib/application/main/play/offline/watcher/play_offline_watcher_cubit.dart
FNF:0
FNH:0
DA:9,1
DA:12,1
DA:13,1
DA:15,1
DA:17,1
DA:19,1
LF:6
LH:6
end_of_record
TN:
SF:lib/application/main/play/online/create_game/add_player/add_player_bloc.dart
FNF:0
FNH:0
DA:13,0
DA:14,0
DA:19,0
LF:3
LH:0
end_of_record
TN:
SF:lib/application/main/play/online/create_game/create_online_game_bloc.dart
FNF:0
FNH:0
DA:17,1
DA:19,1
DA:24,3
DA:25,3
DA:26,3
DA:27,1
DA:28,2
DA:30,3
DA:31,3
DA:32,3
DA:33,3
DA:37,1
DA:38,2
DA:42,1
DA:45,2
DA:46,1
DA:47,1
DA:52,1
DA:55,3
DA:59,1
DA:62,2
DA:63,1
DA:68,1
DA:71,3
DA:75,1
DA:78,3
DA:82,1
DA:85,3
DA:89,1
DA:90,2
LF:30
LH:30
end_of_record
TN:
SF:lib/application/main/play/online/in_game/detailed_input_area/input_row/input_row_bloc.dart
FNF:0
FNH:0
DA:12,1
DA:15,1
LF:2
LH:2
end_of_record
TN:
SF:lib/application/main/play/online/in_game/detailed_input_area/key_board/key_board_bloc.dart
FNF:0
FNH:0
DA:14,1
DA:19,1
LF:2
LH:2
end_of_record
TN:
SF:lib/application/main/play/online/in_game/in_online_game_bloc.dart
FNF:0
FNH:0
DA:10,1
DA:12,1
LF:2
LH:2
end_of_record
TN:
SF:lib/application/main/play/online/in_game/standard_input_area/input_row/input_row_bloc.dart
FNF:0
FNH:0
DA:13,1
DA:17,1
LF:2
LH:2
end_of_record
TN:
SF:lib/application/main/play/online/in_game/standard_input_area/key_board/key_board_bloc.dart
FNF:0
FNH:0
DA:13,1
DA:18,1
LF:2
LH:2
end_of_record
TN:
SF:lib/application/main/play/online/watcher/play_online_watcher_cubit.dart
FNF:0
FNH:0
DA:8,1
DA:10,1
DA:11,1
DA:12,1
LF:4
LH:4
end_of_record
TN:
SF:lib/application/main/play/shared/advanced_settings/advanced_settings_bloc.dart
FNF:0
FNH:0
DA:19,0
DA:22,0
DA:24,0
DA:25,0
DA:26,0
DA:27,0
DA:32,0
DA:35,0
DA:36,0
DA:37,0
DA:39,0
DA:40,0
DA:42,0
DA:43,0
DA:45,0
DA:46,0
DA:50,0
DA:54,0
DA:55,0
DA:59,0
DA:63,0
DA:64,0
DA:65,0
DA:66,0
DA:67,0
DA:68,0
DA:70,0
DA:71,0
DA:74,0
DA:76,0
DA:77,0
DA:78,0
DA:79,0
DA:80,0
DA:81,0
DA:83,0
DA:87,0
DA:88,0
DA:89,0
DA:95,0
DA:101,0
DA:105,0
DA:106,0
DA:107,0
DA:108,0
DA:109,0
DA:110,0
DA:112,0
DA:113,0
DA:116,0
DA:118,0
DA:119,0
DA:120,0
DA:121,0
DA:122,0
DA:123,0
DA:125,0
DA:129,0
DA:130,0
DA:131,0
DA:137,0
DA:143,0
DA:147,0
DA:148,0
DA:149,0
DA:150,0
DA:151,0
DA:152,0
DA:154,0
DA:155,0
DA:158,0
DA:160,0
DA:161,0
DA:162,0
DA:163,0
DA:164,0
DA:165,0
DA:167,0
DA:171,0
DA:172,0
DA:173,0
DA:179,0
DA:185,0
DA:189,0
DA:190,0
DA:191,0
DA:192,0
DA:193,0
DA:194,0
DA:196,0
DA:197,0
DA:198,0
DA:199,0
DA:200,0
DA:201,0
DA:203,0
DA:204,0
DA:213,0
DA:214,0
DA:219,0
DA:220,0
DA:221,0
DA:222,0
DA:224,0
DA:229,0
DA:230,0
DA:231,0
DA:233,0
LF:108
LH:0
end_of_record
TN:
SF:lib/application/main/play/shared/in_game/darts_displayer/darts_displayer_bloc.dart
FNF:0
FNH:0
DA:23,1
DA:27,1
DA:32,3
DA:33,3
DA:34,3
DA:38,1
DA:43,1
DA:45,2
DA:46,4
DA:50,1
DA:51,1
DA:52,1
DA:59,1
DA:61,2
DA:63,1
DA:65,2
DA:67,1
DA:70,1
DA:72,2
DA:74,3
DA:76,1
DA:83,1
DA:86,2
DA:88,1
DA:90,2
DA:92,1
DA:96,1
DA:97,1
DA:98,1
DA:99,3
DA:109,1
DA:113,1
LF:32
LH:32
end_of_record
TN:
SF:lib/application/main/play/shared/in_game/detailed_input_area/input_row/input_row_bloc.dart
FNF:0
FNH:0
DA:17,2
DA:21,2
DA:23,2
DA:24,0
DA:25,2
DA:27,2
DA:28,2
DA:30,2
DA:33,0
DA:37,0
DA:38,0
DA:39,0
DA:40,0
DA:42,0
DA:44,0
DA:46,0
DA:48,0
DA:49,0
DA:51,0
DA:53,0
DA:57,0
DA:69,0
DA:71,0
DA:74,0
DA:78,0
DA:81,0
DA:83,0
DA:86,0
DA:87,0
DA:88,0
DA:90,0
DA:97,0
DA:102,0
DA:103,0
DA:104,0
DA:105,0
DA:106,0
DA:111,0
DA:112,0
DA:118,0
DA:121,0
DA:126,0
DA:129,0
LF:43
LH:7
end_of_record
TN:
SF:lib/application/main/play/shared/in_game/detailed_input_area/key_board/key_board_bloc.dart
FNF:0
FNH:0
DA:33,2
DA:38,2
DA:40,2
DA:41,2
DA:42,2
DA:43,2
DA:48,2
DA:49,0
DA:50,2
DA:52,2
DA:53,2
DA:54,2
DA:55,2
DA:59,0
DA:62,0
DA:63,0
DA:64,0
DA:65,0
DA:66,0
DA:67,0
DA:69,0
DA:72,0
DA:77,0
DA:81,0
DA:82,0
DA:83,0
DA:85,0
DA:87,0
DA:92,0
DA:96,0
DA:99,0
DA:104,0
DA:108,0
DA:109,0
DA:110,0
DA:111,0
DA:112,0
DA:115,0
DA:116,0
DA:120,0
DA:126,0
DA:128,0
DA:130,0
DA:132,0
DA:137,0
DA:141,0
DA:147,0
DA:148,0
DA:149,0
DA:150,0
DA:152,0
DA:153,0
DA:155,0
DA:162,0
DA:163,0
DA:164,0
DA:165,0
DA:166,0
DA:167,0
DA:172,0
DA:173,0
DA:175,0
DA:176,0
DA:180,0
DA:182,0
DA:183,0
DA:184,0
DA:185,0
DA:187,0
DA:188,0
DA:190,0
DA:191,0
DA:196,0
DA:198,0
DA:200,0
DA:201,0
DA:202,0
DA:203,0
DA:205,0
DA:206,0
DA:208,0
DA:209,0
DA:214,0
DA:216,0
DA:218,0
DA:219,0
DA:220,0
DA:221,0
DA:223,0
DA:224,0
DA:226,0
DA:227,0
DA:232,0
DA:234,0
DA:236,0
DA:237,0
DA:238,0
DA:239,0
DA:241,0
DA:242,0
DA:244,0
DA:245,0
DA:250,0
DA:252,0
DA:254,0
DA:255,0
DA:256,0
DA:257,0
DA:259,0
DA:260,0
DA:262,0
DA:263,0
DA:268,0
DA:270,0
DA:272,0
DA:273,0
DA:274,0
DA:275,0
DA:277,0
DA:278,0
DA:280,0
DA:281,0
DA:286,0
DA:288,0
DA:290,0
DA:291,0
DA:292,0
DA:293,0
DA:295,0
DA:296,0
DA:298,0
DA:299,0
DA:304,0
DA:306,0
DA:308,0
DA:309,0
DA:310,0
DA:311,0
DA:313,0
DA:314,0
DA:316,0
DA:317,0
DA:322,0
DA:324,0
DA:326,0
DA:327,0
DA:328,0
DA:329,0
DA:331,0
DA:332,0
DA:334,0
DA:335,0
DA:340,0
DA:342,0
DA:344,0
DA:345,0
DA:346,0
DA:347,0
DA:349,0
DA:350,0
DA:352,0
DA:353,0
DA:358,0
DA:360,0
DA:362,0
DA:363,0
DA:364,0
DA:365,0
DA:367,0
DA:368,0
DA:370,0
DA:371,0
DA:376,0
DA:378,0
DA:380,0
DA:381,0
DA:382,0
DA:383,0
DA:385,0
DA:386,0
DA:388,0
DA:389,0
DA:394,0
DA:396,0
DA:398,0
DA:399,0
DA:400,0
DA:401,0
DA:403,0
DA:404,0
DA:406,0
DA:407,0
DA:412,0
DA:414,0
DA:416,0
DA:417,0
DA:418,0
DA:419,0
DA:421,0
DA:422,0
DA:424,0
DA:425,0
DA:430,0
DA:432,0
DA:434,0
DA:435,0
DA:436,0
DA:437,0
DA:439,0
DA:440,0
DA:442,0
DA:443,0
DA:448,0
DA:450,0
DA:452,0
DA:453,0
DA:454,0
DA:455,0
DA:457,0
DA:458,0
DA:460,0
DA:461,0
DA:466,0
DA:468,0
DA:470,0
DA:471,0
DA:472,0
DA:473,0
DA:475,0
DA:476,0
DA:478,0
DA:479,0
DA:484,0
DA:486,0
DA:488,0
DA:489,0
DA:490,0
DA:491,0
DA:493,0
DA:494,0
DA:496,0
DA:497,0
DA:502,0
DA:504,0
DA:506,0
DA:507,0
DA:508,0
DA:509,0
DA:511,0
DA:512,0
DA:514,0
DA:515,0
DA:520,0
DA:522,0
DA:524,0
DA:525,0
DA:526,0
DA:527,0
DA:529,0
DA:530,0
DA:532,0
DA:533,0
DA:538,0
DA:540,0
DA:542,0
DA:543,0
DA:544,0
DA:545,0
DA:547,0
DA:548,0
DA:553,0
DA:556,0
DA:561,0
DA:562,0
DA:566,0
DA:567,0
DA:571,0
DA:572,0
DA:580,0
DA:583,0
DA:585,0
DA:586,0
DA:587,0
DA:592,2
DA:606,0
DA:607,0
DA:611,0
DA:613,0
DA:614,0
DA:615,0
DA:624,0
DA:625,0
DA:628,0
DA:629,0
DA:630,0
DA:631,0
DA:632,0
DA:633,0
DA:634,0
DA:635,0
DA:636,0
DA:637,0
DA:638,0
DA:639,0
DA:640,0
DA:641,0
DA:642,0
DA:643,0
DA:644,0
DA:645,0
DA:646,0
DA:647,0
DA:648,0
DA:649,0
DA:654,2
DA:659,2
DA:662,4
DA:663,0
DA:664,2
DA:665,4
DA:670,2
DA:673,4
DA:674,2
DA:675,0
DA:680,2
DA:683,6
DA:687,0
DA:694,0
DA:696,0
DA:703,0
DA:706,0
DA:709,0
DA:711,0
DA:714,0
DA:715,0
DA:720,0
DA:729,0
DA:733,0
DA:738,0
LF:339
LH:23
end_of_record
TN:
SF:lib/application/main/play/shared/in_game/in_game_bloc.dart
FNF:0
FNH:0
DA:12,3
DA:14,3
DA:19,6
DA:20,5
DA:24,1
DA:28,1
DA:29,4
DA:33,1
DA:34,2
LF:9
LH:9
end_of_record
TN:
SF:lib/application/main/play/shared/in_game/standard_input_area/input_row/input_row_bloc.dart
FNF:0
FNH:0
DA:16,2
DA:21,2
DA:23,2
DA:24,2
DA:25,2
DA:28,0
DA:32,0
DA:35,0
DA:38,0
DA:42,0
DA:45,0
DA:48,0
DA:51,0
DA:54,0
DA:57,0
DA:59,0
DA:60,0
DA:65,0
DA:73,0
DA:74,0
DA:82,0
DA:86,0
DA:91,0
DA:94,0
LF:24
LH:5
end_of_record
TN:
SF:lib/application/main/play/shared/in_game/standard_input_area/key_board/key_board_bloc.dart
FNF:0
FNH:0
DA:21,2
DA:26,2
DA:28,2
DA:31,2
DA:32,0
DA:33,2
DA:35,2
DA:36,2
DA:40,0
DA:44,0
DA:45,0
DA:46,0
DA:47,0
DA:54,0
DA:58,0
DA:61,0
DA:64,0
DA:69,0
DA:71,0
DA:74,0
DA:79,0
DA:85,0
DA:88,0
DA:90,0
DA:96,0
DA:98,0
DA:101,0
DA:106,0
DA:108,0
DA:111,0
DA:116,0
DA:118,0
DA:121,0
DA:127,0
DA:131,0
DA:136,0
DA:142,0
DA:143,0
DA:144,0
DA:147,0
DA:150,0
DA:153,0
DA:156,0
DA:159,0
DA:162,0
DA:165,0
DA:168,0
DA:171,0
DA:173,0
DA:176,0
DA:182,0
DA:187,0
DA:189,0
DA:190,0
DA:191,0
DA:192,0
DA:197,0
DA:199,0
DA:200,0
DA:201,0
DA:202,0
DA:203,0
DA:204,0
DA:205,0
DA:206,0
DA:207,0
DA:208,0
DA:209,0
DA:210,0
DA:211,0
DA:212,0
DA:213,0
DA:214,0
DA:215,0
DA:216,0
DA:217,0
DA:218,0
DA:220,0
DA:229,0
DA:230,0
DA:231,0
DA:241,0
DA:242,0
DA:243,0
DA:244,0
DA:248,0
DA:249,0
DA:251,0
LF:88
LH:7
end_of_record
TN:
SF:lib/application/main/profile/profile_bloc.dart
FNF:0
FNH:0
DA:24,1
DA:26,1
DA:28,1
DA:29,2
DA:30,2
DA:33,1
DA:34,1
DA:35,0
DA:37,1
DA:38,1
DA:39,1
DA:41,1
DA:42,1
DA:43,0
DA:45,1
DA:50,1
DA:51,2
DA:52,1
DA:57,1
DA:61,2
DA:62,2
DA:63,1
DA:64,1
DA:65,0
DA:66,0
DA:67,2
DA:70,4
LF:27
LH:23
end_of_record
TN:
SF:lib/application/main/settings/change_email/change_email_bloc.dart
FNF:0
FNH:0
DA:18,1
DA:20,1
DA:22,1
DA:23,1
DA:28,2
DA:29,2
DA:33,1
DA:37,1
DA:39,2
DA:40,1
DA:41,4
DA:43,1
DA:44,1
DA:45,1
DA:46,1
DA:55,1
DA:59,3
DA:60,1
DA:62,1
DA:64,1
DA:65,1
DA:67,2
DA:68,3
DA:71,1
DA:72,1
DA:73,1
DA:80,1
DA:82,2
LF:28
LH:28
end_of_record
TN:
SF:lib/application/main/settings/change_password/change_password_bloc.dart
FNF:0
FNH:0
DA:21,1
DA:23,1
DA:25,1
DA:26,1
DA:27,1
DA:28,1
DA:33,2
DA:34,2
DA:35,2
DA:36,2
DA:40,1
DA:44,1
DA:46,2
DA:47,1
DA:48,1
DA:49,2
DA:50,1
DA:54,1
DA:55,1
DA:56,1
DA:57,1
DA:58,1
DA:59,1
DA:68,1
DA:72,1
DA:74,2
DA:75,1
DA:76,4
DA:78,1
DA:79,1
DA:80,1
DA:81,1
DA:82,1
DA:83,1
DA:92,1
DA:96,1
DA:98,2
DA:99,1
DA:100,4
DA:102,1
DA:103,1
DA:104,1
DA:105,1
DA:106,1
DA:107,1
DA:116,1
DA:120,3
DA:121,1
DA:124,1
DA:125,1
DA:126,1
DA:127,1
DA:129,1
DA:130,1
DA:132,1
DA:134,2
DA:135,3
DA:139,1
DA:140,1
DA:141,1
DA:154,1
DA:156,2
LF:62
LH:62
end_of_record
TN:
SF:lib/application/main/settings/change_username/change_username_bloc.dart
FNF:0
FNH:0
DA:20,1
DA:22,1
DA:24,1
DA:25,1
DA:30,2
DA:31,2
DA:35,1
DA:39,1
DA:41,2
DA:42,1
DA:43,4
DA:45,1
DA:46,1
DA:47,1
DA:48,1
DA:57,1
DA:61,3
DA:62,1
DA:64,1
DA:66,1
DA:67,1
DA:69,2
DA:70,3
DA:73,1
DA:74,1
DA:75,1
DA:82,1
DA:84,2
LF:28
LH:28
end_of_record
TN:
SF:lib/application/main/settings/edit_profile_image/edit_profile_image_bloc.dart
FNF:0
FNH:0
DA:17,1
DA:20,1
DA:25,3
DA:26,3
DA:27,3
DA:31,1
DA:33,2
DA:37,1
DA:38,3
DA:43,2
DA:44,2
DA:49,1
DA:51,3
DA:56,2
DA:57,2
LF:15
LH:15
end_of_record
TN:
SF:lib/application/main/settings/settings_bloc.dart
FNF:0
FNH:0
DA:23,1
DA:26,1
DA:28,1
DA:29,2
DA:30,2
DA:36,1
DA:37,2
DA:38,1
DA:40,3
DA:41,3
DA:45,1
DA:48,2
DA:49,2
DA:50,2
DA:51,2
DA:52,4
DA:58,1
DA:60,4
DA:61,4
DA:65,3
LF:20
LH:20
end_of_record
TN:
SF:lib/application/main/shared/detailed_input_area/key_board_state.dart
FNF:0
FNH:0
DA:64,3
DA:91,1
DA:92,1
DA:120,1
DA:121,3
DA:137,1
DA:138,3
DA:154,1
DA:155,3
DA:171,1
DA:172,3
DA:188,1
DA:189,3
DA:205,1
DA:206,3
DA:222,1
DA:223,3
DA:239,1
DA:240,3
DA:256,1
DA:257,3
DA:273,1
DA:274,3
DA:290,1
DA:291,3
DA:307,1
DA:308,3
DA:324,1
DA:325,3
DA:341,1
DA:342,3
DA:358,1
DA:359,3
DA:375,1
DA:376,3
DA:392,1
DA:393,3
DA:409,1
DA:410,3
DA:426,1
DA:427,3
DA:443,1
DA:444,3
DA:460,1
DA:461,3
DA:473,105
LF:46
LH:46
end_of_record
TN:
SF:lib/application/main/training/bobs_twenty_seven/in_training/in_bobs_twenty_seven_bloc.dart
FNF:0
FNH:0
DA:9,1
DA:11,1
LF:2
LH:2
end_of_record
TN:
SF:lib/application/main/training/bobs_twenty_seven/in_training/input_area/input_row/input_row_bloc.dart
FNF:0
FNH:0
DA:35,1
DA:38,1
DA:40,6
DA:42,1
DA:43,2
DA:44,1
DA:46,3
DA:47,3
DA:51,1
DA:55,2
DA:56,2
DA:57,1
DA:60,4
DA:62,1
DA:64,3
DA:66,1
DA:69,1
DA:71,4
DA:73,4
DA:76,1
DA:78,2
DA:90,1
DA:94,2
DA:97,4
DA:100,3
DA:103,2
DA:107,1
DA:110,3
DA:112,1
DA:114,4
DA:117,1
DA:119,2
DA:120,3
DA:125,2
LF:34
LH:34
end_of_record
TN:
SF:lib/application/main/training/bobs_twenty_seven/in_training/input_area/key_board/key_board_bloc.dart
FNF:0
FNH:0
DA:30,1
DA:33,1
DA:34,1
DA:39,3
DA:40,3
DA:41,3
DA:45,1
DA:47,2
DA:48,1
DA:49,2
DA:55,1
DA:57,2
DA:63,1
DA:65,2
DA:69,1
DA:70,4
LF:16
LH:16
end_of_record
TN:
SF:lib/application/main/training/bobs_twenty_seven/watcher/bobs_twenty_seven_watcher_cubit.dart
FNF:0
FNH:0
DA:10,1
DA:12,1
DA:13,1
DA:14,1
LF:4
LH:4
end_of_record
TN:
SF:lib/application/main/training/create_training/create_training_bloc.dart
FNF:0
FNH:0
DA:35,0
DA:42,0
DA:44,0
DA:46,0
DA:47,0
DA:52,0
DA:53,0
DA:54,0
DA:56,0
DA:57,0
DA:58,0
DA:59,0
DA:61,0
DA:62,0
DA:64,0
DA:65,0
DA:66,0
DA:68,0
DA:69,0
DA:70,0
DA:71,0
DA:73,0
DA:74,0
DA:76,0
DA:77,0
DA:79,0
DA:80,0
DA:85,0
DA:88,0
DA:89,0
DA:94,0
DA:95,0
DA:99,0
DA:102,0
DA:104,0
DA:108,0
DA:111,0
DA:112,0
DA:114,0
DA:121,0
DA:124,0
DA:125,0
DA:127,0
DA:134,0
DA:138,0
DA:139,0
DA:140,0
DA:144,0
DA:146,0
DA:147,0
DA:149,0
DA:150,0
DA:151,0
DA:152,0
DA:153,0
DA:156,0
DA:157,0
DA:158,0
DA:161,0
DA:162,0
DA:163,0
DA:166,0
DA:167,0
DA:168,0
DA:171,0
DA:172,0
DA:173,0
DA:178,0
DA:183,0
DA:184,0
DA:190,0
DA:191,0
DA:195,0
DA:196,0
DA:200,0
DA:203,0
DA:204,0
DA:206,0
DA:208,0
DA:209,0
DA:211,0
DA:216,0
DA:219,0
DA:220,0
DA:222,0
DA:223,0
DA:228,0
DA:231,0
DA:232,0
DA:234,0
DA:235,0
DA:240,0
DA:245,0
DA:248,0
DA:250,0
DA:251,0
LF:96
LH:0
end_of_record
TN:
SF:lib/application/main/training/double_training/in_training/in_double_training_bloc.dart
FNF:0
FNH:0
DA:10,1
DA:12,1
LF:2
LH:2
end_of_record
TN:
SF:lib/application/main/training/double_training/in_training/input_area/input_row/input_row_bloc.dart
FNF:0
FNH:0
DA:35,1
DA:38,1
DA:40,1
DA:42,1
DA:43,2
DA:44,1
DA:46,3
DA:47,3
DA:51,1
DA:55,2
DA:56,2
DA:57,1
DA:58,1
DA:60,1
DA:62,1
DA:65,1
DA:66,4
DA:74,1
DA:76,2
DA:79,2
DA:83,1
DA:86,3
DA:88,1
DA:90,2
DA:91,2
DA:95,1
DA:97,2
DA:98,4
DA:104,2
LF:29
LH:29
end_of_record
TN:
SF:lib/application/main/training/double_training/in_training/input_area/key_board/key_board_bloc.dart
FNF:0
FNH:0
DA:30,1
DA:33,1
DA:34,1
DA:39,3
DA:40,3
DA:41,3
DA:45,1
DA:46,3
DA:48,1
DA:50,2
DA:51,1
DA:52,1
DA:53,1
DA:60,1
DA:63,1
DA:64,1
DA:65,4
DA:67,2
DA:68,1
DA:69,1
DA:70,1
DA:81,1
DA:82,3
DA:84,1
DA:86,2
DA:91,1
DA:94,1
DA:95,1
DA:96,4
DA:98,2
DA:107,1
DA:109,2
DA:113,1
DA:114,4
LF:34
LH:34
end_of_record
TN:
SF:lib/application/main/training/double_training/watcher/double_training_watcher_cubit.dart
FNF:0
FNH:0
DA:10,1
DA:12,1
DA:13,1
DA:14,1
LF:4
LH:4
end_of_record
TN:
SF:lib/application/main/training/score_training/in_training/detailed_input_area/input_row/input_row_bloc.dart
FNF:0
FNH:0
DA:22,1
DA:25,1
DA:26,1
DA:31,1
DA:32,2
DA:33,1
DA:35,3
DA:36,3
DA:40,1
DA:44,2
DA:45,2
DA:46,1
DA:47,1
DA:49,1
DA:51,1
DA:54,5
DA:65,1
DA:67,2
DA:70,2
DA:74,1
DA:77,3
DA:79,1
DA:81,2
DA:82,2
DA:86,1
DA:88,2
DA:89,3
DA:95,2
LF:28
LH:28
end_of_record
TN:
SF:lib/application/main/training/score_training/in_training/detailed_input_area/key_board/key_board_bloc.dart
FNF:0
FNH:0
DA:20,1
DA:22,1
DA:23,1
DA:25,1
DA:28,3
DA:29,3
DA:30,3
DA:31,3
DA:35,1
DA:39,2
DA:40,1
DA:42,1
DA:44,1
DA:46,2
DA:51,2
DA:55,2
DA:58,2
DA:63,1
DA:67,2
DA:68,2
DA:69,1
DA:71,1
DA:73,1
DA:76,2
DA:77,1
DA:78,1
DA:83,2
DA:89,1
DA:91,2
DA:95,1
DA:99,2
DA:103,1
DA:105,1
DA:106,1
DA:107,1
DA:108,1
DA:109,1
DA:110,1
DA:111,1
DA:112,1
DA:113,1
DA:114,1
DA:115,1
DA:116,1
DA:117,1
DA:118,1
DA:119,1
DA:120,1
DA:121,1
DA:122,1
DA:123,1
DA:124,1
DA:125,1
DA:126,1
DA:127,1
DA:128,1
DA:129,1
DA:130,1
DA:131,1
DA:132,1
DA:133,1
DA:134,1
DA:135,1
DA:136,1
DA:137,1
DA:138,1
DA:139,1
DA:140,1
DA:141,1
DA:142,1
DA:143,1
DA:144,1
DA:146,1
LF:73
LH:73
end_of_record
TN:
SF:lib/application/main/training/score_training/in_training/in_score_training_bloc.dart
FNF:0
FNH:0
DA:11,1
DA:13,1
LF:2
LH:2
end_of_record
TN:
SF:lib/application/main/training/score_training/in_training/standard_input_area/input_row/input_row_bloc.dart
FNF:0
FNH:0
DA:13,1
DA:15,1
DA:20,3
DA:21,3
DA:22,3
DA:26,1
DA:30,2
DA:33,1
DA:37,1
DA:41,2
DA:42,2
DA:46,1
DA:50,1
DA:55,1
DA:58,1
LF:15
LH:15
end_of_record
TN:
SF:lib/application/main/training/score_training/in_training/standard_input_area/key_board/key_board_bloc.dart
FNF:0
FNH:0
DA:21,1
DA:24,1
DA:25,1
DA:27,3
DA:30,3
DA:31,3
DA:35,1
DA:39,2
DA:42,1
DA:45,1
DA:46,2
DA:49,2
DA:51,3
DA:56,1
DA:58,2
DA:61,1
DA:63,1
DA:64,1
DA:65,3
DA:69,3
DA:71,1
DA:73,2
LF:22
LH:22
end_of_record
TN:
SF:lib/application/main/training/score_training/watcher/score_training_watcher_cubit.dart
FNF:0
FNH:0
DA:10,1
DA:12,1
DA:13,1
DA:14,1
LF:4
LH:4
end_of_record
TN:
SF:lib/application/main/training/shared/in_training/in_training_bloc.dart
FNF:0
FNH:0
DA:20,4
DA:22,4
DA:27,12
DA:31,4
DA:33,8
LF:5
LH:5
end_of_record
TN:
SF:lib/application/main/training/shared/in_training/input_area/darts_displayer/darts_displayer_bloc.dart
FNF:0
FNH:0
DA:24,1
DA:25,1
DA:30,3
DA:31,3
DA:32,3
DA:36,1
DA:41,1
DA:43,2
DA:45,1
DA:47,1
DA:48,1
DA:49,3
DA:54,1
DA:56,2
DA:58,1
DA:59,1
DA:60,1
DA:61,3
DA:71,1
DA:74,2
DA:76,1
DA:78,2
DA:80,1
DA:84,1
DA:85,1
DA:86,1
DA:87,3
DA:97,1
DA:101,1
LF:29
LH:29
end_of_record
TN:
SF:lib/application/main/training/single_training/in_training/in_single_training_bloc.dart
FNF:0
FNH:0
DA:11,1
DA:13,1
LF:2
LH:2
end_of_record
TN:
SF:lib/application/main/training/single_training/in_training/input_area/input_row/input_row_bloc.dart
FNF:0
FNH:0
DA:35,1
DA:38,1
DA:39,1
DA:44,1
DA:45,2
DA:46,1
DA:48,3
DA:49,3
DA:53,1
DA:57,2
DA:58,2
DA:59,2
DA:61,1
DA:64,3
DA:66,1
DA:67,1
DA:68,2
DA:70,2
DA:72,2
DA:81,1
DA:83,2
DA:86,2
DA:90,1
DA:93,3
DA:95,1
DA:97,4
DA:100,1
DA:102,2
DA:103,3
DA:109,2
LF:30
LH:30
end_of_record
TN:
SF:lib/application/main/training/single_training/in_training/input_area/key_board/key_board_bloc.dart
FNF:0
FNH:0
DA:31,1
DA:34,1
DA:35,1
DA:40,3
DA:41,3
DA:42,3
DA:43,3
DA:44,3
DA:48,1
DA:50,2
DA:51,1
DA:52,2
DA:58,1
DA:60,2
DA:61,1
DA:62,2
DA:68,1
DA:70,2
DA:71,1
DA:72,2
DA:78,1
DA:80,2
DA:86,1
DA:88,2
DA:92,1
DA:93,4
LF:26
LH:26
end_of_record
TN:
SF:lib/application/main/training/single_training/watcher/single_training_watcher_cubit.dart
FNF:0
FNH:0
DA:10,1
DA:12,1
DA:13,1
DA:14,1
LF:4
LH:4
end_of_record
TN:
SF:lib/application/shared/auth/auth_bloc.dart
FNF:0
FNH:0
DA:16,1
DA:18,1
DA:20,1
DA:25,1
DA:26,2
DA:27,1
DA:32,1
DA:36,2
DA:37,2
DA:38,1
LF:10
LH:10
end_of_record
TN:
SF:lib/core/stream_x.dart
FNF:0
FNH:0
DA:3,2
DA:4,1
DA:5,1
DA:14,1
DA:15,2
LF:5
LH:5
end_of_record
TN:
SF:lib/domain/core/domain_error.dart
FNF:0
FNH:0
DA:6,6
DA:8,0
DA:10,0
DA:13,12
LF:4
LH:2
end_of_record
TN:
SF:lib/domain/core/errors.dart
FNF:0
FNH:0
DA:11,1
DA:15,0
DA:19,0
LF:3
LH:1
end_of_record
TN:
SF:lib/domain/core/value_objects.dart
FNF:0
FNH:0
DA:13,70
DA:19,17
DA:20,36
DA:23,27
DA:25,42
DA:29,162
DA:32,12
DA:33,24
DA:35,21
DA:36,42
DA:44,15
DA:47,30
DA:50,7
DA:51,7
DA:54,15
DA:62,26
DA:65,52
DA:68,6
DA:69,6
DA:72,26
DA:80,5
DA:83,10
DA:86,5
DA:87,5
DA:90,5
DA:98,1
DA:99,1
DA:100,2
DA:104,55
DA:105,55
DA:106,55
DA:110,55
DA:120,3
DA:123,6
DA:126,2
DA:128,3
DA:130,1
DA:131,2
DA:134,1
DA:135,2
DA:144,8
DA:147,16
DA:150,8
DA:152,4
DA:153,8
LF:45
LH:45
end_of_record
TN:
SF:lib/domain/core/value_validators.dart
FNF:0
FNH:0
DA:8,15
DA:13,30
DA:14,15
DA:16,14
DA:25,26
DA:28,52
DA:29,12
DA:30,50
DA:31,2
DA:34,50
DA:35,25
DA:37,2
DA:47,5
DA:50,10
DA:51,10
DA:52,10
DA:53,2
DA:55,5
DA:56,5
DA:58,2
DA:68,3
DA:72,6
DA:73,3
DA:75,1
DA:76,1
DA:89,8
DA:92,8
DA:93,8
DA:95,1
DA:96,1
LF:30
LH:30
end_of_record
TN:
SF:lib/domain/game/dart.dart
FNF:0
FNH:0
DA:6,109
DA:36,4
DA:38,4
DA:39,4
DA:41,4
DA:44,4
DA:51,8
LF:7
LH:7
end_of_record
TN:
SF:lib/domain/game/mode.dart
FNF:0
FNH:0
DA:1,112
LF:1
LH:1
end_of_record
TN:
SF:lib/domain/game/offline/offline_game.dart
FNF:0
FNH:0
DA:60,0
DA:62,0
LF:2
LH:0
end_of_record
TN:
SF:lib/domain/game/online/online_game.dart
FNF:0
FNH:0
DA:64,0
DA:66,0
LF:2
LH:0
end_of_record
TN:
SF:lib/domain/game/status.dart
FNF:0
FNH:0
DA:1,120
LF:1
LH:1
end_of_record
TN:
SF:lib/domain/game/throw.dart
FNF:0
FNH:0
DA:35,8
DA:36,20
DA:37,4
DA:39,4
LF:4
LH:4
end_of_record
TN:
SF:lib/domain/game/type.dart
FNF:0
FNH:0
DA:1,112
LF:1
LH:1
end_of_record
TN:
SF:lib/domain/play/offline/offline_game_snapshot.dart
FNF:0
FNH:0
DA:39,4
DA:46,1
DA:48,4
DA:52,1
DA:54,2
DA:55,2
DA:56,2
DA:57,1
DA:60,4
DA:65,0
DA:67,0
LF:11
LH:9
end_of_record
TN:
SF:lib/domain/play/online/online_game_snapshot.dart
FNF:0
FNH:0
DA:39,8
DA:46,1
DA:50,1
DA:52,2
DA:53,2
DA:54,2
DA:55,1
DA:58,4
DA:63,0
DA:65,0
LF:10
LH:8
end_of_record
TN:
SF:lib/domain/training/bobs_twenty_seven/bobs_twenty_seven_training_game_snapshot.dart
FNF:0
FNH:0
DA:41,1
DA:43,2
DA:44,2
DA:45,2
DA:46,1
DA:49,4
LF:6
LH:6
end_of_record
TN:
SF:lib/domain/training/bobs_twenty_seven/mode.dart
FNF:0
FNH:0
DA:2,107
LF:1
LH:1
end_of_record
TN:
SF:lib/domain/training/double/double_training_game_snapshot.dart
FNF:0
FNH:0
DA:41,1
DA:43,2
DA:44,2
DA:45,2
DA:46,1
DA:49,4
LF:6
LH:6
end_of_record
TN:
SF:lib/domain/training/mode.dart
FNF:0
FNH:0
DA:1,109
LF:1
LH:1
end_of_record
TN:
SF:lib/domain/training/score/score_training_game_snapshot.dart
FNF:0
FNH:0
DA:40,1
DA:42,2
DA:43,2
DA:44,2
DA:45,1
DA:48,4
LF:6
LH:6
end_of_record
TN:
SF:lib/domain/training/single/single_training_game_snapshot.dart
FNF:0
FNH:0
DA:41,1
DA:43,2
DA:44,2
DA:45,2
DA:46,1
DA:49,4
LF:6
LH:6
end_of_record
TN:
SF:lib/domain/training/type.dart
FNF:0
FNH:0
DA:1,104
LF:1
LH:1
end_of_record
TN:
SF:lib/domain/user/career_stats.dart
FNF:0
FNH:0
DA:8,113
DA:78,1
LF:2
LH:2
end_of_record
TN:
SF:lib/domain/user/career_stats_x.dart
FNF:0
FNH:0
DA:12,2
DA:15,2
DA:16,4
DA:18,2
DA:32,2
DA:33,14
DA:34,7
DA:36,14
DA:38,4
DA:39,1
DA:40,2
DA:41,14
DA:43,7
DA:45,6
DA:46,6
LF:15
LH:15
end_of_record
TN:
SF:lib/infrastructure/auth/firebase_auth_service.dart
FNF:0
FNH:0
DA:28,0
DA:36,0
DA:37,0
DA:43,0
DA:46,0
DA:47,0
DA:50,0
DA:53,0
DA:54,0
DA:57,0
DA:58,0
DA:60,0
DA:61,0
DA:67,0
DA:73,0
DA:74,0
DA:77,0
DA:78,0
DA:86,0
DA:87,0
DA:93,0
DA:94,0
DA:96,0
DA:97,0
DA:102,0
DA:106,0
DA:107,0
DA:111,0
DA:112,0
DA:113,0
DA:115,0
DA:116,0
DA:117,0
DA:118,0
DA:119,0
DA:122,0
DA:127,0
DA:129,0
DA:130,0
DA:132,0
DA:138,0
DA:141,0
DA:143,0
DA:145,0
DA:146,0
DA:151,0
DA:152,0
DA:154,0
DA:158,0
DA:160,0
DA:161,0
DA:162,0
DA:165,0
DA:167,0
DA:169,0
DA:170,0
DA:175,0
DA:179,0
DA:180,0
DA:187,0
DA:189,0
DA:194,0
DA:195,0
DA:200,0
DA:202,0
DA:203,0
DA:204,0
DA:205,0
DA:208,0
DA:210,0
DA:211,0
DA:216,0
DA:221,0
DA:222,0
DA:225,0
DA:226,0
DA:229,0
DA:230,0
DA:235,0
DA:236,0
DA:237,0
DA:238,0
DA:242,0
DA:248,0
DA:249,0
DA:250,0
DA:251,0
DA:255,0
DA:259,0
DA:263,0
DA:264,0
DA:266,0
DA:267,0
DA:271,0
DA:272,0
DA:273,0
DA:274,0
DA:276,0
DA:277,0
DA:278,0
DA:280,0
DA:281,0
DA:285,0
DA:287,0
DA:293,0
DA:296,0
DA:297,0
DA:298,0
DA:301,0
DA:308,0
DA:311,0
DA:312,0
DA:313,0
DA:317,0
DA:318,0
DA:319,0
DA:320,0
LF:117
LH:0
end_of_record
TN:
SF:lib/infrastructure/auth/mocked_auth_service.dart
FNF:0
FNH:0
DA:29,1
DA:34,1
DA:37,0
DA:40,1
DA:41,1
DA:48,1
DA:49,2
DA:52,1
DA:55,1
DA:56,1
DA:57,1
DA:60,1
DA:63,1
DA:67,1
DA:68,1
DA:69,1
DA:72,1
DA:73,2
DA:74,1
DA:77,1
DA:81,1
DA:85,1
DA:86,2
DA:87,1
DA:90,2
DA:91,1
DA:94,1
DA:98,1
DA:99,1
DA:100,1
DA:103,1
DA:104,2
DA:105,1
DA:108,1
DA:112,1
DA:113,1
DA:114,1
DA:117,1
DA:118,2
DA:119,1
DA:122,1
DA:126,1
DA:130,1
DA:131,2
DA:132,1
DA:135,2
DA:136,1
DA:139,1
DA:143,1
DA:144,1
DA:145,2
DA:146,1
DA:149,1
DA:153,1
DA:158,1
DA:159,1
DA:160,1
DA:163,1
DA:164,1
DA:167,1
DA:168,1
DA:171,1
DA:172,1
DA:175,1
DA:176,1
DA:179,2
DA:180,1
DA:183,1
DA:187,1
DA:191,1
DA:192,1
DA:193,1
DA:194,1
DA:197,1
DA:198,1
DA:201,1
DA:204,1
DA:207,1
DA:210,1
DA:212,2
DA:214,1
DA:215,2
DA:217,0
DA:219,0
LF:84
LH:81
end_of_record
TN:
SF:lib/infrastructure/connectivity/connectivity_service.dart
FNF:0
FNH:0
DA:11,0
DA:16,0
DA:17,0
DA:19,0
DA:22,0
DA:24,0
DA:25,0
LF:7
LH:0
end_of_record
TN:
SF:lib/infrastructure/connectivity/mocked_connectivity_service.dart
FNF:0
FNH:0
DA:12,1
DA:13,1
DA:16,3
DA:18,1
DA:19,2
LF:5
LH:5
end_of_record
TN:
SF:lib/infrastructure/core/errors.dart
FNF:0
FNH:0
DA:5,6
DA:7,0
DA:8,0
LF:3
LH:1
end_of_record
TN:
SF:lib/infrastructure/core/firebase_injectable_module.dart
FNF:0
FNH:0
DA:9,0
DA:10,0
DA:12,0
DA:13,0
DA:15,0
DA:16,0
DA:18,0
DA:19,0
LF:8
LH:0
end_of_record
TN:
SF:lib/infrastructure/core/firestore_helpers.dart
FNF:0
FNH:0
DA:12,0
DA:13,0
DA:16,0
DA:18,0
DA:19,0
DA:20,0
DA:27,0
DA:29,0
DA:38,0
DA:40,0
DA:49,0
DA:51,0
DA:60,0
DA:62,0
DA:71,0
DA:73,0
DA:80,0
DA:83,0
DA:84,0
DA:85,0
DA:86,0
DA:90,0
DA:91,0
LF:23
LH:0
end_of_record
TN:
SF:lib/infrastructure/core/jtd_injectable_module.dart
FNF:0
FNH:0
DA:11,0
DA:12,0
DA:14,0
DA:15,0
DA:17,0
DA:18,0
DA:20,0
DA:21,0
DA:23,0
DA:24,0
DA:26,0
DA:27,0
LF:12
LH:0
end_of_record
TN:
SF:lib/infrastructure/core/storage_helpers.dart
FNF:0
FNH:0
DA:11,0
DA:12,0
DA:15,0
DA:17,0
DA:18,0
DA:19,0
LF:6
LH:0
end_of_record
TN:
SF:lib/infrastructure/friend/friend_dto.dart
FNF:0
FNH:0
DA:16,2
DA:18,1
DA:19,1
DA:20,2
DA:21,2
DA:25,1
DA:26,1
DA:27,2
DA:28,2
DA:32,1
DA:33,1
LF:11
LH:11
end_of_record
TN:
SF:lib/infrastructure/friend/friend_dto.g.dart
FNF:0
FNH:0
DA:9,2
DA:10,1
DA:11,2
DA:14,1
DA:15,1
DA:16,1
DA:17,2
LF:7
LH:7
end_of_record
TN:
SF:lib/infrastructure/friend/friend_request_dto.dart
FNF:0
FNH:0
DA:19,1
DA:21,1
DA:22,1
DA:23,2
DA:24,2
DA:25,2
DA:26,2
DA:27,1
DA:28,2
DA:32,1
DA:33,1
DA:34,2
DA:35,2
DA:36,2
DA:37,2
DA:38,1
DA:39,2
DA:43,1
DA:44,1
LF:19
LH:19
end_of_record
TN:
SF:lib/infrastructure/friend/friend_request_dto.g.dart
FNF:0
FNH:0
DA:9,1
DA:10,1
DA:11,1
DA:12,1
DA:13,1
DA:14,1
DA:15,1
DA:16,1
DA:19,1
DA:20,1
DA:21,1
DA:22,1
DA:23,1
DA:24,1
DA:25,1
DA:26,1
LF:16
LH:16
end_of_record
TN:
SF:lib/infrastructure/friend/friend_service.dart
FNF:0
FNH:0
DA:37,0
DA:42,0
DA:43,0
DA:44,0
DA:45,0
DA:47,0
DA:48,0
DA:49,0
DA:50,0
DA:51,0
DA:52,0
DA:53,0
DA:55,0
DA:56,0
DA:57,0
DA:63,0
DA:66,0
DA:67,0
DA:68,0
DA:72,0
DA:74,0
DA:79,0
DA:82,0
DA:83,0
DA:84,0
DA:88,0
DA:90,0
DA:95,0
DA:98,0
DA:99,0
DA:100,0
DA:104,0
DA:106,0
DA:110,0
DA:112,0
DA:114,0
DA:117,0
DA:119,0
DA:121,0
DA:124,0
DA:126,0
DA:128,0
DA:132,0
DA:133,0
DA:136,0
DA:142,0
DA:143,0
DA:144,0
DA:146,0
DA:147,0
DA:150,0
DA:152,0
DA:153,0
DA:158,0
DA:161,0
DA:162,0
DA:163,0
DA:167,0
DA:169,0
DA:177,0
DA:182,0
DA:187,0
DA:188,0
DA:189,0
DA:190,0
DA:191,0
DA:192,0
DA:195,0
DA:196,0
DA:197,0
DA:198,0
DA:199,0
DA:200,0
DA:201,0
DA:204,0
DA:206,0
DA:207,0
DA:209,0
DA:210,0
DA:212,0
DA:215,0
DA:216,0
DA:219,0
DA:223,0
DA:226,0
DA:229,0
DA:231,0
DA:232,0
DA:235,0
DA:237,0
DA:238,0
DA:243,0
DA:246,0
DA:248,0
DA:249,0
DA:253,0
DA:255,0
DA:260,0
DA:262,0
DA:263,0
DA:264,0
DA:265,0
DA:266,0
DA:267,0
DA:268,0
DA:269,0
DA:271,0
DA:273,0
DA:274,0
DA:275,0
DA:276,0
DA:277,0
DA:279,0
DA:281,0
DA:282,0
DA:285,0
DA:288,0
DA:291,0
DA:296,0
DA:297,0
DA:298,0
DA:299,0
DA:300,0
DA:301,0
DA:302,0
DA:303,0
DA:304,0
DA:306,0
DA:307,0
DA:310,0
DA:311,0
DA:312,0
DA:315,0
DA:320,0
DA:321,0
DA:322,0
DA:323,0
DA:324,0
DA:325,0
DA:326,0
DA:327,0
DA:328,0
DA:330,0
DA:331,0
DA:334,0
DA:335,0
DA:337,0
DA:340,0
DA:341,0
DA:346,0
DA:347,0
DA:348,0
LF:152
LH:0
end_of_record
TN:
SF:lib/infrastructure/friend/mocked_friend_service.dart
FNF:0
FNH:0
DA:36,1
DA:39,1
DA:41,1
DA:42,1
DA:43,1
DA:44,4
DA:46,3
DA:47,3
DA:48,3
DA:49,2
DA:50,1
DA:51,1
DA:52,2
DA:58,0
DA:61,0
DA:63,0
DA:65,0
DA:66,0
DA:67,0
DA:71,0
DA:72,0
DA:74,0
DA:75,0
DA:78,0
DA:82,0
DA:85,0
DA:87,0
DA:88,0
DA:89,0
DA:90,0
DA:91,0
DA:93,0
DA:94,0
DA:97,0
DA:98,0
DA:101,0
DA:104,0
DA:108,0
DA:111,0
DA:113,0
DA:114,0
DA:117,0
DA:120,0
DA:122,0
DA:124,0
DA:127,0
DA:130,0
DA:132,0
DA:134,0
DA:137,0
DA:140,0
DA:142,0
DA:144,0
DA:147,0
DA:151,0
DA:152,0
DA:155,0
DA:157,0
DA:158,0
DA:160,0
DA:161,0
DA:163,0
DA:167,0
DA:171,0
DA:174,0
DA:176,0
DA:177,0
DA:178,0
DA:179,0
DA:180,0
DA:182,0
DA:183,0
DA:186,0
DA:187,0
DA:190,0
DA:193,0
DA:198,0
DA:203,0
DA:205,0
DA:206,0
DA:207,0
DA:208,0
DA:212,0
DA:214,0
DA:215,0
DA:216,0
DA:217,0
DA:222,0
DA:223,0
DA:224,0
DA:226,0
DA:227,0
DA:228,0
DA:234,0
DA:235,0
DA:237,0
DA:238,0
DA:239,0
DA:246,0
DA:249,0
DA:253,0
DA:256,0
DA:258,0
DA:259,0
DA:262,0
DA:266,0
DA:269,0
DA:271,0
DA:272,0
DA:273,0
DA:274,0
DA:276,0
DA:277,0
DA:279,0
DA:280,0
DA:282,0
DA:285,0
DA:288,1
DA:290,1
DA:291,2
DA:294,1
DA:297,1
DA:298,2
DA:301,1
DA:304,1
DA:306,0
DA:310,1
DA:311,2
DA:312,1
DA:318,1
DA:320,1
DA:322,1
DA:323,2
DA:324,3
DA:325,1
DA:327,0
DA:333,1
DA:335,1
DA:337,1
DA:338,2
DA:339,3
DA:340,1
DA:342,0
DA:348,1
DA:350,1
DA:352,1
DA:353,2
DA:354,3
DA:355,1
DA:357,0
DA:362,0
DA:363,0
DA:364,0
DA:365,0
DA:366,0
DA:367,0
DA:369,0
DA:370,0
DA:373,0
DA:374,0
LF:160
LH:42
end_of_record
TN:
SF:lib/infrastructure/friend/user_dto.dart
FNF:0
FNH:0
DA:16,2
DA:18,1
DA:19,1
DA:20,2
DA:21,2
DA:25,1
DA:26,1
DA:27,2
DA:28,2
DA:32,1
DA:33,1
LF:11
LH:11
end_of_record
TN:
SF:lib/infrastructure/friend/user_dto.g.dart
FNF:0
FNH:0
DA:9,2
DA:10,1
DA:11,2
DA:14,1
DA:15,1
DA:16,1
DA:17,2
LF:7
LH:7
end_of_record
TN:
SF:lib/infrastructure/friend/user_snapshot_dto.dart
FNF:0
FNH:0
DA:16,2
DA:18,1
DA:19,1
DA:20,2
DA:21,1
DA:22,2
DA:26,1
DA:27,1
DA:28,2
DA:29,1
DA:30,2
DA:34,1
DA:35,1
LF:13
LH:13
end_of_record
TN:
SF:lib/infrastructure/friend/user_snapshot_dto.g.dart
FNF:0
FNH:0
DA:9,1
DA:10,1
DA:11,1
DA:12,1
DA:13,1
DA:16,1
DA:17,1
DA:18,1
DA:19,1
DA:20,1
LF:10
LH:10
end_of_record
TN:
SF:lib/infrastructure/game/converters.dart
FNF:0
FNH:0
DA:13,937
DA:15,6
DA:20,24
DA:22,4
DA:26,6
DA:30,18
DA:31,3
DA:32,1
DA:38,6
DA:39,6
DA:40,6
DA:41,6
DA:43,1
DA:46,6
DA:52,313
DA:54,2
DA:56,2
DA:57,1
DA:58,4
DA:59,1
DA:61,2
DA:65,2
DA:69,2
DA:70,1
DA:71,2
DA:72,2
DA:74,1
LF:27
LH:27
end_of_record
TN:
SF:lib/infrastructure/game/dart_dto.dart
FNF:0
FNH:0
DA:12,2
DA:13,6
DA:16,2
DA:17,2
DA:18,8
DA:19,2
DA:26,2
DA:27,6
DA:30,2
DA:32,2
DA:36,2
DA:37,8
DA:38,2
DA:45,2
DA:46,6
DA:49,2
DA:51,2
DA:55,2
DA:56,8
DA:57,2
DA:69,3
DA:71,2
DA:72,2
DA:73,4
DA:74,2
DA:78,2
DA:79,2
DA:80,4
DA:81,2
DA:85,2
DA:86,2
DA:87,4
DA:88,2
DA:92,2
DA:93,2
DA:94,4
DA:95,2
DA:99,2
DA:100,2
DA:101,4
DA:102,2
DA:106,2
DA:107,2
DA:108,4
DA:109,2
DA:113,2
DA:114,2
LF:47
LH:47
end_of_record
TN:
SF:lib/infrastructure/game/dart_dto.g.dart
FNF:0
FNH:0
DA:9,4
DA:10,2
DA:11,2
DA:14,2
DA:15,2
DA:16,2
DA:17,2
LF:7
LH:7
end_of_record
TN:
SF:lib/infrastructure/game/leg_dto.dart
FNF:0
FNH:0
DA:19,16
DA:21,7
DA:24,7
DA:26,7
DA:27,35
DA:28,7
DA:29,7
DA:30,7
DA:31,7
DA:32,7
DA:33,7
DA:34,7
DA:35,7
DA:36,7
DA:37,7
DA:38,7
DA:39,7
DA:40,7
DA:41,7
DA:42,7
DA:43,7
DA:48,2
DA:49,2
DA:50,10
DA:54,7
DA:57,7
DA:59,35
DA:63,16
LF:28
LH:28
end_of_record
TN:
SF:lib/infrastructure/game/leg_dto.g.dart
FNF:0
FNH:0
DA:9,16
DA:10,8
DA:11,24
DA:12,8
DA:15,16
DA:16,40
LF:6
LH:6
end_of_record
TN:
SF:lib/infrastructure/game/mode_x.dart
FNF:0
FNH:0
DA:8,3
DA:9,9
DA:12,5
DA:13,5
DA:14,20
DA:15,2
DA:22,2
DA:23,6
DA:26,1
DA:27,1
DA:28,4
DA:29,2
DA:36,2
DA:37,6
DA:40,1
DA:41,1
DA:42,4
DA:43,2
LF:18
LH:18
end_of_record
TN:
SF:lib/infrastructure/game/offline/dartbot_dto.dart
FNF:0
FNH:0
DA:31,4
DA:33,1
DA:37,1
DA:42,2
DA:44,3
DA:48,1
DA:49,1
DA:50,1
DA:51,2
DA:53,1
DA:55,1
DA:56,2
DA:57,2
DA:58,1
DA:59,1
DA:60,1
DA:61,1
DA:62,1
DA:63,1
DA:64,1
DA:65,1
DA:66,1
DA:67,1
DA:68,1
DA:69,1
DA:70,1
DA:71,1
DA:72,1
DA:73,1
DA:74,1
DA:75,1
DA:76,1
DA:77,1
DA:78,1
DA:79,1
DA:80,1
DA:82,1
DA:85,0
DA:86,0
DA:87,0
DA:89,0
DA:91,0
DA:92,0
DA:93,0
DA:94,0
DA:95,0
DA:96,0
DA:97,0
DA:98,0
DA:99,0
DA:100,0
DA:101,0
DA:102,0
DA:103,0
DA:104,0
DA:105,0
DA:106,0
DA:107,0
DA:108,0
DA:109,0
DA:110,0
DA:111,0
DA:112,0
DA:113,0
DA:114,0
DA:115,0
DA:116,0
DA:118,0
DA:123,1
DA:127,2
DA:129,3
DA:133,1
DA:134,1
DA:135,1
DA:136,2
DA:138,1
DA:140,1
DA:143,1
DA:144,1
DA:147,0
DA:148,0
DA:149,0
DA:151,0
DA:153,0
DA:156,0
DA:157,0
DA:162,2
DA:163,2
LF:88
LH:50
end_of_record
TN:
SF:lib/infrastructure/game/offline/dartbot_dto.g.dart
FNF:0
FNH:0
DA:9,2
DA:10,2
DA:11,2
DA:13,4
DA:14,2
DA:17,2
DA:18,2
DA:19,2
DA:21,4
DA:22,2
LF:10
LH:10
end_of_record
TN:
SF:lib/infrastructure/game/offline/offline_game_dto.dart
FNF:0
FNH:0
DA:32,2
DA:34,1
DA:36,4
DA:38,1
DA:39,2
DA:40,2
DA:41,2
DA:42,2
DA:43,1
DA:44,2
DA:45,1
DA:46,1
DA:47,2
DA:48,1
DA:49,1
DA:50,1
DA:51,1
DA:55,0
DA:56,0
DA:99,1
DA:100,1
LF:21
LH:19
end_of_record
TN:
SF:lib/infrastructure/game/offline/offline_game_dto.g.dart
FNF:0
FNH:0
DA:9,1
DA:10,1
DA:11,1
DA:12,1
DA:13,1
DA:14,1
DA:15,1
DA:16,1
DA:17,1
DA:18,1
DA:19,2
DA:20,1
DA:21,1
DA:24,1
DA:25,1
DA:26,1
DA:27,1
DA:28,1
DA:29,1
DA:30,1
DA:31,1
DA:32,1
DA:33,1
DA:34,2
DA:35,1
LF:25
LH:25
end_of_record
TN:
SF:lib/infrastructure/game/offline/offline_player_dto.dart
FNF:0
FNH:0
DA:29,8
DA:31,3
DA:35,3
DA:40,6
DA:42,9
DA:46,3
DA:47,3
DA:48,3
DA:49,6
DA:51,3
DA:53,3
DA:54,6
DA:55,3
DA:56,6
DA:57,3
DA:58,3
DA:59,3
DA:60,3
DA:61,3
DA:62,3
DA:63,3
DA:64,3
DA:65,3
DA:66,3
DA:67,3
DA:68,3
DA:69,3
DA:70,3
DA:71,3
DA:72,3
DA:73,3
DA:74,3
DA:75,3
DA:76,3
DA:77,3
DA:78,3
DA:79,3
DA:83,1
DA:84,1
DA:85,2
DA:87,1
DA:89,1
DA:90,2
DA:91,1
DA:92,2
DA:93,1
DA:94,1
DA:95,1
DA:96,1
DA:97,1
DA:98,1
DA:99,1
DA:100,1
DA:101,1
DA:102,1
DA:103,1
DA:104,1
DA:105,1
DA:106,1
DA:107,1
DA:108,1
DA:109,1
DA:110,1
DA:111,1
DA:112,1
DA:113,1
DA:114,1
DA:115,1
DA:121,3
DA:125,6
DA:127,9
DA:131,3
DA:132,3
DA:133,3
DA:134,6
DA:136,3
DA:138,3
DA:139,3
DA:140,3
DA:143,3
DA:146,1
DA:147,1
DA:148,2
DA:150,1
DA:152,1
DA:153,1
DA:154,1
DA:157,1
DA:162,4
DA:163,4
LF:90
LH:90
end_of_record
TN:
SF:lib/infrastructure/game/offline/offline_player_dto.g.dart
FNF:0
FNH:0
DA:9,4
DA:10,4
DA:11,4
DA:12,4
DA:14,8
DA:17,4
DA:18,4
DA:19,4
DA:20,4
DA:22,8
LF:10
LH:10
end_of_record
TN:
SF:lib/infrastructure/game/online/online_game_dto.dart
FNF:0
FNH:0
DA:32,2
DA:34,1
DA:36,4
DA:38,1
DA:39,2
DA:40,2
DA:41,2
DA:42,2
DA:43,2
DA:44,1
DA:45,2
DA:46,1
DA:47,1
DA:48,2
DA:49,2
DA:50,1
DA:84,1
DA:85,1
LF:18
LH:18
end_of_record
TN:
SF:lib/infrastructure/game/online/online_game_dto.g.dart
FNF:0
FNH:0
DA:9,1
DA:10,1
DA:11,1
DA:12,1
DA:13,1
DA:14,1
DA:15,1
DA:16,1
DA:17,1
DA:18,1
DA:19,1
DA:20,3
DA:21,1
DA:24,1
DA:25,1
DA:26,1
DA:27,1
DA:28,1
DA:29,1
DA:30,1
DA:31,1
DA:32,1
DA:33,1
DA:34,5
LF:24
LH:24
end_of_record
TN:
SF:lib/infrastructure/game/online/online_player_dto.dart
FNF:0
FNH:0
DA:30,4
DA:32,1
DA:36,1
DA:41,2
DA:43,3
DA:47,1
DA:48,1
DA:49,1
DA:50,2
DA:52,1
DA:54,1
DA:55,2
DA:56,1
DA:57,2
DA:58,1
DA:59,1
DA:61,1
DA:62,1
DA:63,1
DA:64,1
DA:65,1
DA:66,1
DA:67,1
DA:68,1
DA:69,1
DA:70,1
DA:71,1
DA:72,1
DA:73,1
DA:74,1
DA:75,1
DA:76,1
DA:77,1
DA:78,1
DA:79,1
DA:80,1
DA:81,1
DA:85,0
DA:86,0
DA:87,0
DA:89,0
DA:91,0
DA:92,0
DA:93,0
DA:94,0
DA:95,0
DA:96,0
DA:97,0
DA:98,0
DA:99,0
DA:100,0
DA:101,0
DA:102,0
DA:103,0
DA:104,0
DA:105,0
DA:106,0
DA:107,0
DA:108,0
DA:109,0
DA:110,0
DA:111,0
DA:112,0
DA:113,0
DA:114,0
DA:115,0
DA:116,0
DA:117,0
DA:123,1
DA:127,2
DA:129,3
DA:133,1
DA:134,1
DA:135,1
DA:136,2
DA:138,1
DA:140,1
DA:141,1
DA:142,1
DA:145,1
DA:148,0
DA:149,0
DA:150,0
DA:152,0
DA:154,0
DA:155,0
DA:156,0
DA:159,0
DA:164,2
DA:165,2
LF:90
LH:51
end_of_record
TN:
SF:lib/infrastructure/game/online/online_player_dto.g.dart
FNF:0
FNH:0
DA:9,2
DA:10,2
DA:11,2
DA:12,2
DA:13,2
DA:15,4
DA:18,2
DA:19,2
DA:20,2
DA:21,2
DA:22,2
DA:24,4
LF:12
LH:12
end_of_record
TN:
SF:lib/infrastructure/game/player_stats_dto.dart
FNF:0
FNH:0
DA:33,8
DA:35,4
DA:36,4
DA:37,4
DA:38,4
DA:39,4
DA:40,4
DA:41,4
DA:42,4
DA:43,4
DA:44,4
DA:45,4
DA:46,4
DA:47,4
DA:48,4
DA:49,4
DA:50,4
DA:51,4
DA:52,4
DA:53,4
DA:54,4
DA:55,4
DA:56,4
DA:60,2
DA:61,2
DA:62,2
DA:63,2
DA:64,2
DA:65,2
DA:66,2
DA:67,2
DA:68,2
DA:69,2
DA:70,2
DA:71,2
DA:72,2
DA:73,2
DA:74,2
DA:75,2
DA:76,2
DA:77,2
DA:78,2
DA:79,2
DA:80,2
DA:81,2
DA:85,1
DA:86,1
LF:47
LH:47
end_of_record
TN:
SF:lib/infrastructure/game/player_stats_dto.g.dart
FNF:0
FNH:0
DA:9,1
DA:10,1
DA:11,2
DA:12,2
DA:13,2
DA:14,1
DA:15,2
DA:16,1
DA:17,2
DA:18,2
DA:19,1
DA:20,2
DA:21,2
DA:22,2
DA:23,1
DA:24,1
DA:25,1
DA:26,1
DA:27,1
DA:28,1
DA:29,1
DA:30,1
DA:33,1
DA:34,1
DA:35,1
DA:36,1
DA:37,1
DA:38,1
DA:39,1
DA:40,1
DA:41,1
DA:42,1
DA:43,1
DA:44,1
DA:45,1
DA:46,1
DA:47,1
DA:48,1
DA:49,1
DA:50,1
DA:51,1
DA:52,1
DA:53,1
DA:54,1
LF:44
LH:44
end_of_record
TN:
SF:lib/infrastructure/game/set_dto.dart
FNF:0
FNH:0
DA:19,5
DA:21,2
DA:24,2
DA:26,2
DA:27,2
DA:28,8
DA:30,2
DA:31,2
DA:33,2
DA:34,2
DA:35,2
DA:36,2
DA:37,2
DA:38,2
DA:39,2
DA:40,2
DA:41,2
DA:42,2
DA:43,2
DA:44,2
DA:45,2
DA:46,2
DA:47,2
DA:52,1
DA:53,1
DA:54,5
DA:58,2
DA:61,2
DA:63,2
DA:64,6
DA:65,2
DA:69,4
LF:32
LH:32
end_of_record
TN:
SF:lib/infrastructure/game/set_dto.g.dart
FNF:0
FNH:0
DA:9,4
DA:10,2
DA:11,6
DA:12,2
DA:15,4
DA:16,10
LF:6
LH:6
end_of_record
TN:
SF:lib/infrastructure/game/status_x.dart
FNF:0
FNH:0
DA:8,1
DA:9,3
DA:12,9
DA:13,9
DA:14,36
DA:15,2
DA:22,6
DA:23,18
DA:26,1
DA:27,1
DA:28,4
DA:29,2
DA:36,2
DA:37,6
DA:40,1
DA:41,1
DA:42,4
DA:43,2
LF:18
LH:18
end_of_record
TN:
SF:lib/infrastructure/game/throw_dto.dart
FNF:0
FNH:0
DA:23,18
DA:25,1
DA:26,1
DA:27,1
DA:28,1
DA:29,1
DA:30,6
DA:34,8
DA:35,8
DA:36,8
DA:37,8
DA:38,8
DA:39,12
DA:43,3
DA:44,3
DA:45,3
DA:46,3
DA:47,3
DA:48,7
DA:52,8
DA:53,8
DA:54,8
DA:55,16
DA:56,6
DA:57,8
DA:58,8
DA:62,1
DA:63,1
DA:64,1
DA:65,1
DA:66,1
DA:67,5
DA:71,1
DA:72,1
DA:73,1
DA:74,1
DA:75,1
DA:76,5
DA:80,9
DA:81,9
LF:40
LH:40
end_of_record
TN:
SF:lib/infrastructure/game/throw_dto.g.dart
FNF:0
FNH:0
DA:9,18
DA:10,9
DA:11,9
DA:12,9
DA:13,9
DA:14,3
DA:15,1
DA:18,9
DA:19,9
DA:20,9
DA:21,9
DA:22,9
DA:23,13
LF:13
LH:13
end_of_record
TN:
SF:lib/infrastructure/game/type_x.dart
FNF:0
FNH:0
DA:8,1
DA:9,3
DA:12,5
DA:13,5
DA:14,20
DA:15,2
DA:22,2
DA:23,6
DA:26,1
DA:27,1
DA:28,4
DA:29,2
DA:36,2
DA:37,6
DA:40,1
DA:41,1
DA:42,4
DA:43,2
LF:18
LH:18
end_of_record
TN:
SF:lib/infrastructure/game_history/game_history_service.dart
FNF:0
FNH:0
DA:24,0
DA:32,0
DA:34,0
DA:35,0
DA:37,0
DA:38,0
DA:41,0
DA:42,0
DA:43,0
DA:45,0
DA:46,0
DA:49,0
DA:52,0
DA:54,0
DA:55,0
DA:61,0
DA:65,0
DA:66,0
DA:68,0
DA:69,0
DA:72,0
DA:73,0
DA:74,0
DA:76,0
DA:78,0
DA:82,0
DA:84,0
DA:85,0
DA:87,0
DA:89,0
DA:90,0
DA:91,0
DA:92,0
DA:93,0
DA:99,0
DA:102,0
DA:104,0
DA:105,0
LF:38
LH:0
end_of_record
TN:
SF:lib/infrastructure/game_history/mocked_game_history_service.dart
FNF:0
FNH:0
DA:19,1
DA:25,1
DA:26,1
DA:29,1
DA:30,3
DA:31,2
DA:34,5
DA:36,3
DA:39,1
DA:44,1
DA:47,1
DA:50,1
DA:51,3
DA:52,2
DA:55,5
DA:57,3
DA:60,1
DA:64,1
DA:65,2
DA:66,1
LF:20
LH:20
end_of_record
TN:
SF:lib/infrastructure/game_invitation/game_invitation_dto.dart
FNF:0
FNH:0
DA:20,1
DA:22,1
DA:23,1
DA:24,2
DA:25,2
DA:26,2
DA:27,2
DA:28,2
DA:29,1
DA:30,2
DA:34,1
DA:35,1
DA:36,2
DA:37,2
DA:38,2
DA:39,2
DA:40,2
DA:41,1
DA:42,2
DA:46,1
DA:47,1
LF:21
LH:21
end_of_record
TN:
SF:lib/infrastructure/game_invitation/game_invitation_dto.g.dart
FNF:0
FNH:0
DA:9,1
DA:10,1
DA:11,1
DA:12,1
DA:13,1
DA:14,1
DA:15,1
DA:16,1
DA:17,1
DA:20,1
DA:22,1
DA:23,1
DA:24,1
DA:25,1
DA:26,1
DA:27,1
DA:28,1
DA:29,1
LF:18
LH:18
end_of_record
TN:
SF:lib/infrastructure/game_invitation/game_invitation_service.dart
FNF:0
FNH:0
DA:34,0
DA:39,0
DA:40,0
DA:41,0
DA:43,0
DA:44,0
DA:45,0
DA:46,0
DA:47,0
DA:49,0
DA:50,0
DA:56,0
DA:59,0
DA:61,0
DA:62,0
DA:65,0
DA:66,0
DA:70,0
DA:72,0
DA:77,0
DA:80,0
DA:81,0
DA:82,0
DA:86,0
DA:88,0
DA:93,0
DA:96,0
DA:97,0
DA:98,0
DA:102,0
DA:104,0
DA:108,0
DA:111,0
DA:113,0
DA:116,0
DA:119,0
DA:121,0
DA:126,0
DA:127,0
DA:130,0
DA:136,0
DA:137,0
DA:138,0
DA:140,0
DA:141,0
DA:144,0
DA:146,0
DA:147,0
DA:152,0
DA:156,0
DA:157,0
DA:158,0
DA:162,0
DA:164,0
DA:170,0
DA:171,0
DA:172,0
DA:174,0
DA:175,0
DA:176,0
DA:177,0
DA:178,0
DA:179,0
DA:181,0
DA:182,0
DA:185,0
DA:186,0
DA:187,0
DA:190,0
DA:191,0
DA:198,0
DA:199,0
DA:200,0
DA:202,0
DA:203,0
DA:204,0
DA:205,0
DA:206,0
DA:207,0
DA:209,0
DA:210,0
DA:213,0
DA:214,0
DA:215,0
DA:218,0
DA:219,0
DA:224,0
DA:225,0
DA:226,0
LF:89
LH:0
end_of_record
TN:
SF:lib/infrastructure/game_invitation/mocked_game_invitation_service.dart
FNF:0
FNH:0
DA:25,1
DA:28,1
DA:30,1
DA:31,4
DA:33,3
DA:34,3
DA:35,1
DA:36,1
DA:37,2
DA:43,1
DA:46,1
DA:48,1
DA:49,1
DA:52,1
DA:56,1
DA:59,1
DA:61,2
DA:62,1
DA:63,1
DA:64,1
DA:65,1
DA:67,1
DA:68,2
DA:71,2
DA:72,2
DA:74,1
DA:77,1
DA:81,1
DA:84,1
DA:86,1
DA:87,1
DA:90,1
DA:93,1
DA:96,1
DA:98,2
DA:101,1
DA:104,1
DA:107,1
DA:109,2
DA:112,1
DA:117,1
DA:119,4
DA:121,2
DA:122,1
DA:124,1
DA:125,3
DA:127,1
DA:131,1
DA:135,1
DA:139,1
DA:142,4
DA:144,2
DA:145,1
DA:146,1
DA:147,1
DA:148,3
DA:156,1
DA:159,1
DA:162,1
DA:165,1
DA:166,2
DA:169,1
DA:172,1
DA:173,2
DA:178,1
DA:180,1
DA:182,1
DA:183,1
DA:184,1
DA:185,1
DA:186,1
DA:187,1
DA:188,1
DA:189,1
DA:191,1
DA:197,1
DA:199,1
DA:201,1
DA:202,1
DA:203,1
DA:204,1
DA:205,1
DA:206,1
DA:207,1
DA:208,1
DA:210,1
DA:215,1
DA:216,2
DA:217,1
DA:218,1
DA:219,1
DA:220,1
DA:222,1
DA:223,2
DA:226,2
DA:227,2
DA:232,1
DA:233,2
DA:234,1
LF:99
LH:99
end_of_record
TN:
SF:lib/infrastructure/play/dart_utils.dart
FNF:0
FNH:0
DA:9,0
DA:14,0
DA:16,0
DA:21,0
DA:23,0
DA:28,0
DA:30,0
DA:35,0
DA:37,0
DA:42,0
DA:45,0
DA:50,0
DA:52,0
DA:56,0
DA:57,0
DA:61,0
DA:62,0
DA:66,0
DA:71,0
DA:77,0
DA:81,0
LF:21
LH:0
end_of_record
TN:
SF:lib/infrastructure/play/offline/dartbot_snapshot_dto.dart
FNF:0
FNH:0
DA:33,4
DA:35,2
DA:36,2
DA:37,4
DA:38,2
DA:39,2
DA:40,2
DA:41,2
DA:42,2
DA:43,2
DA:44,2
DA:46,2
DA:47,2
DA:48,2
DA:49,3
DA:50,2
DA:54,2
DA:55,2
DA:56,2
DA:57,2
DA:58,2
DA:59,2
DA:60,2
DA:61,2
DA:62,2
DA:63,2
DA:64,2
DA:65,2
DA:66,1
DA:67,1
DA:68,1
DA:69,1
DA:70,1
DA:71,1
DA:72,1
DA:73,1
DA:74,1
DA:75,1
DA:76,1
DA:77,1
DA:78,1
DA:79,1
DA:80,1
DA:81,1
DA:82,1
DA:83,1
DA:84,1
DA:85,1
DA:86,1
DA:89,2
LF:50
LH:50
end_of_record
TN:
SF:lib/infrastructure/play/offline/offline_game_snapshot_dto.dart
FNF:0
FNH:0
DA:28,2
DA:30,1
DA:31,1
DA:32,2
DA:33,2
DA:34,1
DA:35,2
DA:36,1
DA:37,1
DA:38,2
DA:39,1
DA:40,1
DA:41,1
DA:43,1
DA:51,1
DA:52,1
DA:53,2
DA:54,2
DA:55,1
DA:56,2
DA:57,1
DA:58,2
DA:59,1
DA:60,1
DA:61,1
DA:63,1
DA:66,1
LF:27
LH:27
end_of_record
TN:
SF:lib/infrastructure/play/offline/offline_player_snapshot_dto.dart
FNF:0
FNH:0
DA:32,4
DA:34,2
DA:35,2
DA:36,4
DA:37,2
DA:38,2
DA:39,2
DA:40,2
DA:41,2
DA:42,2
DA:43,2
DA:45,2
DA:46,2
DA:47,2
DA:48,3
DA:52,2
DA:53,2
DA:54,2
DA:55,2
DA:56,2
DA:57,2
DA:58,2
DA:59,2
DA:60,2
DA:61,2
DA:62,2
DA:63,2
DA:64,2
DA:65,1
DA:66,1
DA:67,1
DA:68,1
DA:69,1
DA:70,1
DA:71,1
DA:72,1
DA:73,1
DA:74,1
DA:75,1
DA:76,1
DA:77,1
DA:78,1
DA:79,1
DA:80,1
DA:81,1
DA:82,1
DA:83,1
DA:84,1
DA:85,1
LF:49
LH:49
end_of_record
TN:
SF:lib/infrastructure/play/offline/play_offline_service.dart
FNF:0
FNH:0
DA:36,0
DA:37,0
DA:38,0
DA:39,0
DA:45,0
DA:47,0
DA:48,0
DA:52,0
DA:54,0
DA:55,0
DA:59,0
DA:61,0
DA:62,0
DA:66,0
DA:70,0
DA:71,0
DA:72,0
DA:75,0
DA:76,0
DA:78,0
DA:80,0
DA:83,0
DA:86,0
DA:90,0
DA:91,0
DA:92,0
DA:97,0
DA:99,0
DA:100,0
DA:104,0
DA:108,0
DA:109,0
DA:113,0
DA:118,0
DA:119,0
DA:126,0
DA:130,0
DA:131,0
DA:135,0
DA:139,0
DA:140,0
DA:141,0
DA:145,0
DA:149,0
DA:150,0
DA:154,0
DA:158,0
DA:159,0
DA:163,0
DA:167,0
DA:168,0
DA:169,0
DA:173,0
DA:175,0
DA:176,0
DA:180,0
DA:182,0
DA:183,0
DA:187,0
DA:192,0
DA:193,0
DA:197,0
DA:199,0
DA:202,0
DA:204,0
DA:209,0
DA:212,0
DA:213,0
DA:214,0
DA:215,0
DA:219,0
DA:224,0
DA:225,0
DA:227,0
DA:228,0
DA:234,0
DA:237,0
DA:240,0
DA:242,0
DA:244,0
DA:245,0
DA:246,0
LF:82
LH:0
end_of_record
TN:
SF:lib/infrastructure/play/online/mocked_play_online_service.dart
FNF:0
FNH:0
DA:37,0
DA:39,0
DA:41,0
DA:43,0
DA:44,0
DA:49,0
DA:51,0
DA:52,0
DA:53,0
DA:54,0
DA:58,0
DA:59,0
DA:62,0
DA:65,0
DA:68,0
DA:72,0
DA:75,0
DA:79,0
DA:80,0
DA:81,0
DA:86,0
DA:90,0
DA:91,0
DA:92,0
DA:96,0
DA:101,0
DA:102,0
DA:103,0
DA:104,0
DA:105,0
DA:112,0
DA:116,0
DA:117,0
DA:118,0
DA:122,0
DA:126,0
DA:127,0
DA:131,0
DA:135,0
DA:136,0
DA:140,0
DA:144,0
DA:145,0
DA:146,0
DA:150,0
DA:152,0
DA:153,0
DA:158,0
DA:159,0
DA:160,0
DA:164,0
DA:166,0
DA:169,0
DA:171,0
DA:176,0
DA:180,0
DA:181,0
DA:182,0
DA:183,0
DA:186,0
DA:190,0
DA:194,0
DA:195,0
DA:196,0
DA:198,0
DA:200,0
DA:203,0
DA:204,0
DA:205,0
DA:206,0
DA:207,0
DA:208,0
DA:209,0
DA:210,0
DA:218,0
DA:219,0
DA:220,0
DA:221,0
DA:222,0
DA:223,0
DA:224,0
DA:225,0
DA:226,0
DA:227,0
DA:229,0
DA:230,0
DA:231,0
DA:232,0
DA:233,0
DA:234,0
DA:235,0
DA:236,0
DA:237,0
DA:238,0
DA:239,0
DA:240,0
DA:241,0
DA:242,0
DA:243,0
DA:244,0
DA:245,0
DA:246,0
DA:247,0
DA:248,0
DA:249,0
DA:250,0
DA:251,0
DA:252,0
LF:108
LH:0
end_of_record
TN:
SF:lib/infrastructure/play/online/online_game_snapshot_dto.dart
FNF:0
FNH:0
DA:28,2
DA:30,1
DA:31,1
DA:32,2
DA:33,2
DA:34,1
DA:35,2
DA:36,1
DA:37,1
DA:38,2
DA:39,2
DA:45,1
DA:46,1
DA:47,2
DA:48,2
DA:49,1
DA:50,2
DA:51,1
DA:52,1
DA:53,1
DA:54,1
DA:55,1
DA:57,1
LF:23
LH:23
end_of_record
TN:
SF:lib/infrastructure/play/online/online_player_snapshot_dto.dart
FNF:0
FNH:0
DA:33,4
DA:35,2
DA:36,2
DA:37,4
DA:38,2
DA:39,2
DA:40,2
DA:41,2
DA:42,2
DA:43,2
DA:44,2
DA:45,2
DA:47,2
DA:48,2
DA:49,2
DA:50,3
DA:54,2
DA:55,2
DA:56,2
DA:57,2
DA:58,2
DA:59,2
DA:60,2
DA:61,2
DA:62,2
DA:63,3
DA:64,2
DA:65,2
DA:66,2
DA:68,2
LF:30
LH:30
end_of_record
TN:
SF:lib/infrastructure/play/online/play_online_service.dart
FNF:0
FNH:0
DA:32,0
DA:36,0
DA:37,0
DA:38,0
DA:39,0
DA:40,0
DA:41,0
DA:42,0
DA:45,0
DA:46,0
DA:48,0
DA:50,0
DA:51,0
DA:52,0
DA:53,0
DA:54,0
DA:60,0
DA:61,0
DA:68,0
DA:69,0
DA:71,0
DA:73,0
DA:77,0
DA:78,0
DA:79,0
DA:80,0
DA:81,0
DA:84,0
DA:87,0
DA:89,0
DA:91,0
DA:92,0
DA:95,0
DA:99,0
DA:102,0
DA:103,0
DA:104,0
DA:105,0
DA:108,0
DA:110,0
DA:112,0
DA:113,0
DA:116,0
DA:117,0
DA:121,0
DA:125,0
DA:128,0
DA:129,0
DA:132,0
DA:134,0
DA:138,0
DA:141,0
DA:143,0
DA:145,0
DA:149,0
DA:154,0
DA:156,0
DA:158,0
DA:162,0
DA:165,0
DA:166,0
DA:168,0
DA:170,0
DA:174,0
DA:177,0
DA:179,0
DA:181,0
DA:185,0
DA:189,0
DA:191,0
DA:193,0
DA:197,0
DA:200,0
DA:201,0
DA:203,0
DA:205,0
DA:209,0
DA:210,0
DA:212,0
DA:214,0
DA:218,0
DA:219,0
DA:221,0
DA:223,0
DA:226,0
DA:228,0
DA:231,0
DA:233,0
LF:88
LH:0
end_of_record
TN:
SF:lib/infrastructure/training/bobs_twenty_seven/bobs_twenty_seven_game_snapshot_dto.dart
FNF:0
FNH:0
DA:20,2
DA:22,1
DA:23,1
DA:24,2
DA:25,2
DA:26,5
DA:27,2
DA:31,1
DA:32,1
DA:33,2
DA:34,2
DA:35,1
DA:36,1
DA:37,2
DA:39,1
DA:40,2
LF:16
LH:16
end_of_record
TN:
SF:lib/infrastructure/training/bobs_twenty_seven/bobs_twenty_seven_player_snapshot_dto.dart
FNF:0
FNH:0
DA:21,4
DA:23,2
DA:24,2
DA:25,4
DA:26,2
DA:27,2
DA:28,2
DA:29,2
DA:30,2
DA:31,2
DA:32,2
DA:36,2
DA:37,2
DA:38,2
DA:39,2
DA:40,2
DA:41,2
DA:42,2
DA:43,2
DA:44,2
DA:45,2
LF:21
LH:21
end_of_record
TN:
SF:lib/infrastructure/training/bobs_twenty_seven/bobs_twenty_seven_service.dart
FNF:0
FNH:0
DA:25,0
DA:27,0
DA:29,0
DA:30,0
DA:34,0
DA:36,0
DA:37,0
DA:40,0
DA:43,0
DA:48,0
DA:49,0
DA:52,0
DA:53,0
DA:54,0
DA:58,0
DA:59,0
DA:61,0
DA:64,0
DA:68,0
DA:69,0
DA:73,0
DA:74,0
DA:75,0
DA:76,0
DA:77,0
DA:78,0
DA:79,0
DA:83,0
DA:88,0
DA:92,0
DA:93,0
DA:97,0
DA:102,0
DA:103,0
DA:110,0
DA:112,0
DA:113,0
DA:117,0
DA:119,0
DA:120,0
DA:124,0
DA:129,0
DA:130,0
DA:134,0
DA:138,0
DA:139,0
DA:140,0
DA:145,0
DA:147,0
DA:150,0
DA:153,0
DA:158,0
DA:161,0
DA:162,0
DA:163,0
DA:167,0
DA:168,0
DA:170,0
DA:178,0
DA:186,0
DA:188,0
LF:61
LH:0
end_of_record
TN:
SF:lib/infrastructure/training/bobs_twenty_seven/mode_x.dart
FNF:0
FNH:0
DA:7,1
DA:8,3
DA:11,2
DA:12,2
DA:13,8
DA:14,2
DA:21,2
DA:22,6
DA:25,1
DA:26,1
DA:27,4
DA:28,2
LF:12
LH:12
end_of_record
TN:
SF:lib/infrastructure/training/double/double_training_game_snapshot_dto.dart
FNF:0
FNH:0
DA:20,2
DA:22,1
DA:23,1
DA:24,2
DA:25,2
DA:26,5
DA:27,2
DA:31,1
DA:32,1
DA:33,2
DA:34,2
DA:35,1
DA:36,3
DA:37,1
DA:38,2
LF:15
LH:15
end_of_record
TN:
SF:lib/infrastructure/training/double/double_training_player_snapshot_dto.dart
FNF:0
FNH:0
DA:21,4
DA:23,2
DA:24,2
DA:25,4
DA:26,2
DA:27,2
DA:28,2
DA:29,2
DA:30,2
DA:31,2
DA:32,2
DA:36,2
DA:37,2
DA:38,2
DA:39,2
DA:40,2
DA:41,2
DA:42,2
DA:43,2
DA:44,2
DA:45,2
LF:21
LH:21
end_of_record
TN:
SF:lib/infrastructure/training/double/double_training_service.dart
FNF:0
FNH:0
DA:26,0
DA:28,0
DA:30,0
DA:31,0
DA:35,0
DA:37,0
DA:38,0
DA:41,0
DA:44,0
DA:49,0
DA:50,0
DA:53,0
DA:54,0
DA:55,0
DA:59,0
DA:60,0
DA:62,0
DA:65,0
DA:69,0
DA:70,0
DA:71,0
DA:75,0
DA:76,0
DA:77,0
DA:78,0
DA:79,0
DA:80,0
DA:81,0
DA:86,0
DA:88,0
DA:94,0
DA:98,0
DA:99,0
DA:103,0
DA:108,0
DA:109,0
DA:116,0
DA:118,0
DA:119,0
DA:123,0
DA:125,0
DA:126,0
DA:130,0
DA:135,0
DA:136,0
DA:140,0
DA:144,0
DA:145,0
DA:146,0
DA:148,0
DA:155,0
DA:157,0
DA:160,0
DA:163,0
DA:168,0
DA:171,0
DA:172,0
DA:173,0
DA:177,0
DA:178,0
DA:180,0
DA:188,0
DA:196,0
DA:198,0
LF:64
LH:0
end_of_record
TN:
SF:lib/infrastructure/training/mode_x.dart
FNF:0
FNH:0
DA:7,1
DA:8,3
DA:11,3
DA:12,3
DA:13,12
DA:14,2
DA:21,3
DA:22,9
DA:25,1
DA:26,1
DA:27,4
DA:28,2
LF:12
LH:12
end_of_record
TN:
SF:lib/infrastructure/training/score/score_training_game_snapshot_dto.dart
FNF:0
FNH:0
DA:19,2
DA:21,1
DA:22,1
DA:23,2
DA:24,1
DA:25,5
DA:26,2
DA:30,1
DA:31,1
DA:32,2
DA:33,1
DA:34,1
DA:35,3
DA:36,1
DA:37,2
LF:15
LH:15
end_of_record
TN:
SF:lib/infrastructure/training/score/score_training_player_snapshot_dto.dart
FNF:0
FNH:0
DA:22,4
DA:24,2
DA:25,2
DA:26,4
DA:27,2
DA:28,2
DA:29,2
DA:30,2
DA:31,2
DA:32,2
DA:33,2
DA:34,2
DA:38,2
DA:39,2
DA:40,2
DA:41,2
DA:42,2
DA:43,2
DA:44,2
DA:45,2
DA:46,2
DA:47,2
DA:48,2
LF:23
LH:23
end_of_record
TN:
SF:lib/infrastructure/training/score/score_training_service.dart
FNF:0
FNH:0
DA:24,0
DA:26,0
DA:28,0
DA:29,0
DA:33,0
DA:35,0
DA:36,0
DA:39,0
DA:42,0
DA:47,0
DA:48,0
DA:51,0
DA:52,0
DA:53,0
DA:57,0
DA:58,0
DA:60,0
DA:63,0
DA:67,0
DA:68,0
DA:69,0
DA:73,0
DA:74,0
DA:75,0
DA:76,0
DA:77,0
DA:78,0
DA:79,0
DA:83,0
DA:85,0
DA:91,0
DA:95,0
DA:96,0
DA:100,0
DA:105,0
DA:106,0
DA:113,0
DA:115,0
DA:116,0
DA:120,0
DA:122,0
DA:123,0
DA:127,0
DA:132,0
DA:133,0
DA:137,0
DA:141,0
DA:142,0
DA:146,0
DA:148,0
DA:151,0
DA:154,0
DA:159,0
DA:162,0
DA:163,0
DA:164,0
DA:168,0
DA:169,0
DA:171,0
DA:179,0
DA:187,0
DA:189,0
LF:62
LH:0
end_of_record
TN:
SF:lib/infrastructure/training/single/single_training_game_snapshot_dto.dart
FNF:0
FNH:0
DA:22,2
DA:24,1
DA:25,1
DA:26,2
DA:27,2
DA:28,5
DA:29,2
DA:33,1
DA:34,1
DA:35,2
DA:36,2
DA:37,1
DA:38,3
DA:39,1
DA:40,2
LF:15
LH:15
end_of_record
TN:
SF:lib/infrastructure/training/single/single_training_player_snapshot_dto.dart
FNF:0
FNH:0
DA:22,4
DA:24,2
DA:25,2
DA:26,4
DA:27,2
DA:28,2
DA:29,2
DA:30,2
DA:31,2
DA:32,2
DA:33,2
DA:34,2
DA:38,2
DA:39,2
DA:40,2
DA:41,2
DA:42,2
DA:43,2
DA:44,2
DA:45,2
DA:46,2
DA:47,2
DA:48,2
LF:23
LH:23
end_of_record
TN:
SF:lib/infrastructure/training/single/single_training_service.dart
FNF:0
FNH:0
DA:26,0
DA:28,0
DA:33,0
DA:34,0
DA:37,0
DA:38,0
DA:39,0
DA:43,0
DA:44,0
DA:46,0
DA:49,0
DA:51,0
DA:52,0
DA:56,0
DA:60,0
DA:61,0
DA:65,0
DA:66,0
DA:67,0
DA:68,0
DA:69,0
DA:70,0
DA:71,0
DA:76,0
DA:81,0
DA:85,0
DA:86,0
DA:90,0
DA:95,0
DA:96,0
DA:103,0
DA:105,0
DA:106,0
DA:109,0
DA:112,0
DA:114,0
DA:115,0
DA:119,0
DA:121,0
DA:122,0
DA:126,0
DA:131,0
DA:132,0
DA:136,0
DA:140,0
DA:141,0
DA:142,0
DA:144,0
DA:151,0
DA:153,0
DA:156,0
DA:159,0
DA:164,0
DA:167,0
DA:168,0
DA:169,0
DA:173,0
DA:174,0
DA:176,0
DA:184,0
DA:192,0
DA:194,0
LF:62
LH:0
end_of_record
TN:
SF:lib/infrastructure/user/career_stats_dto.dart
FNF:0
FNH:0
DA:10,5
DA:11,15
DA:14,5
DA:15,5
DA:16,20
DA:17,0
DA:37,10
DA:39,5
DA:40,5
DA:41,5
DA:42,10
DA:43,5
DA:45,10
DA:46,5
DA:47,10
DA:48,5
DA:49,5
DA:50,5
DA:54,5
DA:55,5
DA:56,5
DA:57,10
DA:58,5
DA:59,10
DA:60,5
DA:61,10
DA:62,5
DA:63,5
DA:64,5
DA:68,5
DA:69,5
LF:31
LH:30
end_of_record
TN:
SF:lib/infrastructure/user/career_stats_dto.g.dart
FNF:0
FNH:0
DA:9,5
DA:10,5
DA:11,10
DA:12,5
DA:13,10
DA:14,5
DA:15,10
DA:16,5
DA:17,5
DA:18,5
DA:19,5
DA:22,5
DA:23,5
DA:24,5
DA:25,5
DA:26,5
DA:27,5
DA:28,5
DA:29,5
DA:30,5
DA:31,5
DA:32,5
LF:22
LH:22
end_of_record
TN:
SF:lib/infrastructure/user/mocked_user_service.dart
FNF:0
FNH:0
DA:27,1
DA:29,1
DA:30,1
DA:31,4
DA:33,3
DA:34,2
DA:40,1
DA:41,1
DA:43,4
DA:44,3
DA:45,5
DA:46,1
DA:48,1
DA:51,1
DA:53,1
DA:55,2
DA:58,1
DA:62,1
DA:65,1
DA:67,1
DA:68,3
DA:69,2
DA:70,3
DA:72,1
DA:76,1
DA:80,1
DA:83,1
DA:85,3
DA:86,3
DA:87,3
DA:89,5
DA:90,1
DA:93,1
DA:97,1
DA:100,1
DA:102,1
DA:103,3
DA:104,3
DA:105,5
DA:106,1
DA:110,1
DA:113,1
DA:115,1
DA:117,2
DA:121,1
DA:122,2
DA:123,1
DA:129,1
DA:130,1
DA:132,2
DA:133,1
DA:137,0
DA:139,0
DA:140,0
LF:54
LH:51
end_of_record
TN:
SF:lib/infrastructure/user/profile_dto.dart
FNF:0
FNH:0
DA:19,8
DA:21,4
DA:22,4
DA:23,4
DA:24,8
DA:25,8
DA:29,4
DA:30,4
DA:31,4
DA:32,8
DA:33,8
DA:37,4
DA:38,4
LF:13
LH:13
end_of_record
TN:
SF:lib/infrastructure/user/profile_dto.g.dart
FNF:0
FNH:0
DA:9,4
DA:10,4
DA:11,4
DA:12,4
DA:13,4
DA:14,4
DA:17,4
DA:18,4
DA:19,4
DA:20,4
DA:21,8
LF:11
LH:11
end_of_record
TN:
SF:lib/infrastructure/user/user_dto.dart
FNF:0
FNH:0
DA:24,1
DA:26,1
DA:27,1
DA:28,2
DA:29,1
DA:30,2
DA:31,2
DA:33,5
DA:35,3
DA:39,1
DA:40,1
DA:41,2
DA:42,1
DA:43,2
DA:44,2
DA:45,1
DA:46,3
DA:47,1
DA:48,2
DA:52,1
DA:53,1
LF:21
LH:21
end_of_record
TN:
SF:lib/infrastructure/user/user_dto.g.dart
FNF:0
FNH:0
DA:9,2
DA:10,1
DA:11,1
DA:12,1
DA:13,2
DA:15,4
DA:16,1
DA:17,1
DA:20,1
DA:21,1
DA:22,1
DA:23,1
DA:24,1
DA:25,2
DA:26,1
DA:27,2
LF:16
LH:16
end_of_record
TN:
SF:lib/infrastructure/user/user_service.dart
FNF:0
FNH:0
DA:35,0
DA:40,0
DA:41,0
DA:42,0
DA:44,0
DA:45,0
DA:46,0
DA:49,0
DA:50,0
DA:56,0
DA:57,0
DA:59,0
DA:60,0
DA:62,0
DA:63,0
DA:64,0
DA:66,0
DA:67,0
DA:71,0
DA:73,0
DA:74,0
DA:80,0
DA:83,0
DA:84,0
DA:85,0
DA:87,0
DA:88,0
DA:92,0
DA:95,0
DA:99,0
DA:102,0
DA:103,0
DA:105,0
DA:106,0
DA:110,0
DA:111,0
DA:112,0
DA:113,0
DA:114,0
DA:116,0
DA:117,0
DA:118,0
DA:119,0
DA:121,0
DA:122,0
DA:127,0
DA:130,0
DA:131,0
DA:132,0
DA:135,0
DA:136,0
DA:140,0
DA:143,0
DA:147,0
DA:148,0
DA:151,0
DA:156,0
DA:158,0
DA:159,0
DA:160,0
DA:162,0
DA:163,0
DA:166,0
DA:168,0
DA:169,0
DA:176,0
DA:177,0
DA:178,0
DA:182,0
DA:184,0
DA:185,0
LF:71
LH:0
end_of_record
TN:
SF:lib/logger.dart
FNF:0
FNH:0
DA:6,0
DA:8,0
LF:2
LH:0
end_of_record
TN:
SF:lib/presentation/android/core/app_widget.dart
FNF:0
FNH:0
DA:5,0
DA:7,0
DA:9,0
LF:3
LH:0
end_of_record
TN:
SF:lib/presentation/core/app_widget/app_widget.dart
FNF:0
FNH:0
DA:21,0
DA:23,0
DA:31,0
DA:32,0
DA:33,0
DA:34,0
DA:35,0
LF:7
LH:0
end_of_record
TN:
SF:lib/presentation/core/app_widget/widgets.dart
FNF:0
FNH:0
DA:13,0
DA:18,0
DA:19,0
DA:21,0
DA:23,0
DA:24,0
DA:25,0
DA:26,0
DA:27,0
DA:28,0
DA:30,0
DA:31,0
LF:12
LH:0
end_of_record
TN:
SF:lib/presentation/core/de_messages.dart
FNF:0
FNH:0
DA:4,0
LF:1
LH:0
end_of_record
TN:
SF:lib/presentation/core/route_observer.dart
FNF:0
FNH:0
DA:5,0
DA:7,0
LF:2
LH:0
end_of_record
TN:
SF:lib/presentation/core/shared/app_column.dart
FNF:0
FNH:0
DA:14,0
DA:24,0
DA:26,0
DA:28,0
DA:29,0
DA:30,0
DA:31,0
DA:32,0
DA:33,0
DA:34,0
DA:35,0
DA:36,0
DA:40,0
DA:41,0
LF:14
LH:0
end_of_record
TN:
SF:lib/presentation/core/shared/app_row.dart
FNF:0
FNH:0
DA:14,0
DA:24,0
DA:26,0
DA:28,0
DA:29,0
DA:30,0
DA:31,0
DA:32,0
DA:33,0
DA:34,0
DA:35,0
DA:36,0
DA:40,0
DA:41,0
LF:14
LH:0
end_of_record
TN:
SF:lib/presentation/ios/auth/auth_flow.dart
FNF:0
FNH:0
DA:5,104
DA:7,0
DA:9,0
LF:3
LH:1
end_of_record
TN:
SF:lib/presentation/ios/auth/modals/forgot_password/forgot_password_modal.dart
FNF:0
FNH:0
DA:8,104
DA:10,0
DA:12,0
DA:14,0
DA:15,0
LF:5
LH:1
end_of_record
TN:
SF:lib/presentation/ios/auth/modals/forgot_password/initial/initial_page.dart
FNF:0
FNH:0
DA:11,104
DA:13,0
DA:15,0
DA:17,0
DA:18,0
DA:19,0
DA:20,0
DA:21,0
DA:22,0
DA:23,0
DA:24,0
DA:25,0
DA:26,0
DA:29,0
DA:34,0
DA:35,0
DA:36,0
DA:37,0
DA:38,0
DA:39,0
DA:40,0
DA:43,0
DA:44,0
DA:45,0
LF:24
LH:1
end_of_record
TN:
SF:lib/presentation/ios/auth/modals/forgot_password/initial/widgets.dart
FNF:0
FNH:0
DA:4,104
DA:6,0
DA:8,0
DA:10,0
DA:11,0
DA:12,0
DA:13,0
DA:14,0
DA:17,0
DA:18,0
DA:20,0
DA:21,0
DA:22,0
DA:23,0
DA:26,0
DA:29,0
DA:30,0
DA:33,0
DA:34,0
DA:35,0
DA:36,0
DA:38,0
DA:39,0
DA:40,0
DA:41,0
DA:42,0
DA:43,0
DA:44,0
DA:46,0
DA:48,0
DA:49,0
DA:50,0
DA:51,0
LF:33
LH:1
end_of_record
TN:
SF:lib/presentation/ios/auth/modals/forgot_password/success/success_page.dart
FNF:0
FNH:0
DA:8,104
DA:10,0
DA:12,0
LF:3
LH:1
end_of_record
TN:
SF:lib/presentation/ios/auth/modals/forgot_password/success/widgets.dart
FNF:0
FNH:0
DA:4,104
DA:6,0
DA:8,0
DA:10,0
DA:11,0
DA:12,0
DA:13,0
DA:16,0
DA:17,0
DA:19,0
DA:20,0
DA:21,0
DA:22,0
DA:23,0
DA:24,0
DA:27,0
DA:29,0
DA:30,0
DA:32,0
DA:36,0
DA:37,0
DA:38,0
LF:22
LH:1
end_of_record
TN:
SF:lib/presentation/ios/auth/page/auth_page.dart
FNF:0
FNH:0
DA:12,104
DA:14,0
DA:16,0
LF:3
LH:1
end_of_record
TN:
SF:lib/presentation/ios/auth/page/widgets.dart
FNF:0
FNH:0
DA:4,104
DA:6,0
DA:8,0
DA:10,0
DA:12,0
DA:14,0
DA:26,104
DA:28,0
DA:30,0
DA:32,0
DA:33,0
DA:34,0
DA:35,0
DA:36,0
DA:37,0
DA:38,0
DA:39,0
DA:42,0
DA:43,0
DA:44,0
DA:45,0
DA:46,0
DA:48,0
DA:49,0
DA:50,0
DA:57,0
DA:58,0
DA:59,0
DA:60,0
DA:61,0
DA:63,0
DA:64,0
DA:67,0
DA:68,0
DA:69,0
DA:83,104
DA:85,0
DA:87,0
DA:89,0
DA:91,0
DA:92,0
DA:93,0
DA:94,0
DA:97,0
DA:98,0
DA:100,0
DA:101,0
DA:104,0
DA:105,0
DA:106,0
DA:109,0
DA:111,0
DA:113,0
DA:114,0
DA:115,0
DA:118,0
DA:119,0
DA:120,0
DA:121,0
DA:122,0
DA:123,0
DA:124,0
DA:125,0
DA:131,0
DA:132,0
DA:134,0
DA:136,0
DA:137,0
DA:138,0
DA:139,0
DA:140,0
DA:142,0
DA:143,0
DA:144,0
DA:145,0
DA:155,0
DA:157,0
DA:158,0
DA:159,0
DA:162,0
DA:164,0
DA:165,0
DA:168,0
DA:170,0
DA:171,0
DA:174,0
DA:187,0
DA:191,0
DA:193,0
DA:195,0
DA:196,0
DA:197,0
DA:198,0
DA:199,0
DA:200,0
DA:207,104
DA:209,0
DA:211,0
DA:213,0
DA:214,0
DA:215,0
DA:216,0
DA:217,0
DA:218,0
DA:219,0
DA:220,0
DA:221,0
DA:225,0
DA:226,0
DA:227,0
DA:228,0
DA:229,0
DA:230,0
DA:231,0
DA:238,0
DA:239,0
DA:240,0
DA:241,0
DA:242,0
DA:244,0
DA:245,0
DA:248,0
DA:249,0
DA:250,0
DA:264,104
DA:266,0
DA:268,0
DA:270,0
DA:272,0
DA:273,0
DA:274,0
DA:275,0
DA:276,0
DA:277,0
DA:278,0
DA:281,0
DA:282,0
DA:284,0
DA:285,0
DA:288,0
DA:289,0
DA:290,0
DA:291,0
DA:294,0
DA:295,0
DA:296,0
DA:297,0
DA:299,0
DA:301,0
DA:302,0
DA:304,0
DA:305,0
DA:306,0
DA:308,0
DA:309,0
DA:310,0
DA:311,0
DA:313,0
DA:315,0
DA:317,0
DA:319,0
DA:320,0
DA:321,0
DA:323,0
DA:324,0
DA:325,0
DA:326,0
DA:328,0
DA:330,0
DA:332,0
DA:334,0
DA:335,0
DA:336,0
DA:337,0
DA:341,0
DA:342,0
DA:343,0
DA:344,0
DA:345,0
DA:346,0
DA:348,0
DA:350,0
DA:351,0
DA:352,0
DA:353,0
DA:354,0
DA:355,0
DA:356,0
DA:357,0
DA:363,0
DA:364,0
DA:366,0
DA:367,0
DA:368,0
DA:369,0
LF:195
LH:5
end_of_record
TN:
SF:lib/presentation/ios/core/app_widget.dart
FNF:0
FNH:0
DA:10,0
DA:14,0
DA:16,0
DA:17,0
DA:18,0
DA:20,0
DA:25,0
DA:26,0
DA:27,0
DA:29,0
DA:35,0
DA:36,0
DA:37,0
DA:38,0
DA:39,0
DA:40,0
DA:41,0
DA:42,0
DA:44,0
LF:19
LH:0
end_of_record
TN:
SF:lib/presentation/ios/core/shared/app_action_button.dart
FNF:0
FNH:0
DA:4,104
DA:19,0
DA:29,0
DA:31,0
DA:41,0
DA:43,0
DA:53,0
DA:55,0
DA:65,0
DA:67,0
DA:69,0
DA:71,0
DA:73,0
DA:74,0
DA:75,0
DA:76,0
DA:77,0
DA:78,0
DA:79,0
DA:81,0
DA:84,0
DA:85,0
DA:87,0
DA:88,0
DA:89,0
DA:90,0
DA:91,0
DA:92,0
DA:94,0
DA:95,0
DA:96,0
DA:98,0
DA:99,0
DA:100,0
DA:103,0
DA:104,0
DA:105,0
DA:107,0
DA:116,0
DA:117,0
DA:119,0
DA:120,0
DA:121,0
DA:122,0
DA:123,0
DA:124,0
LF:46
LH:1
end_of_record
TN:
SF:lib/presentation/ios/core/shared/app_card/app_card.dart
FNF:0
FNH:0
DA:16,0
DA:26,0
DA:28,0
DA:29,0
DA:30,0
DA:31,0
DA:32,0
DA:33,0
DA:34,0
DA:35,0
DA:36,0
DA:38,0
DA:40,0
DA:41,0
DA:42,0
DA:44,0
DA:46,0
DA:47,0
DA:49,0
DA:50,0
DA:52,0
DA:54,0
DA:55,0
DA:57,0
DA:58,0
DA:60,0
DA:62,0
DA:63,0
DA:68,0
DA:69,0
DA:70,0
LF:31
LH:0
end_of_record
TN:
SF:lib/presentation/ios/core/shared/app_card/widgets.dart
FNF:0
FNH:0
DA:3,104
DA:12,0
DA:18,0
DA:20,0
DA:26,0
DA:28,0
DA:34,0
DA:36,0
DA:42,0
DA:44,0
DA:47,0
DA:48,0
DA:49,0
DA:51,0
DA:52,0
DA:54,0
DA:55,0
DA:58,0
DA:61,0
DA:63,0
DA:64,0
DA:65,0
DA:66,0
DA:69,0
LF:24
LH:1
end_of_record
TN:
SF:lib/presentation/ios/core/shared/app_icon_button.dart
FNF:0
FNH:0
DA:9,0
DA:14,0
DA:16,0
DA:18,0
DA:20,0
DA:21,0
DA:22,0
LF:7
LH:0
end_of_record
TN:
SF:lib/presentation/ios/core/shared/app_link_button.dart
FNF:0
FNH:0
DA:8,0
DA:13,0
DA:15,0
DA:17,0
DA:18,0
DA:19,0
DA:21,0
DA:23,0
LF:8
LH:0
end_of_record
TN:
SF:lib/presentation/ios/core/shared/app_modal.dart
FNF:0
FNH:0
DA:8,208
DA:11,0
DA:13,0
DA:15,0
DA:17,0
DA:19,0
LF:6
LH:1
end_of_record
TN:
SF:lib/presentation/ios/core/shared/app_navigation_bar/app_navigation_bar.dart
FNF:0
FNH:0
DA:8,0
DA:22,0
DA:40,208
DA:45,0
DA:47,0
DA:49,0
DA:50,0
DA:51,0
DA:53,0
DA:55,0
DA:56,0
DA:58,0
DA:59,0
DA:61,0
DA:64,0
DA:65,0
DA:67,0
DA:68,0
LF:18
LH:1
end_of_record
TN:
SF:lib/presentation/ios/core/shared/app_navigation_bar/widgets.dart
FNF:0
FNH:0
DA:9,0
DA:15,0
DA:16,0
DA:18,0
DA:20,0
DA:22,0
DA:23,0
DA:24,0
DA:25,0
DA:26,0
DA:27,0
DA:28,0
DA:29,0
DA:30,0
DA:31,0
LF:15
LH:0
end_of_record
TN:
SF:lib/presentation/ios/core/shared/app_number_picker.dart
FNF:0
FNH:0
DA:10,0
DA:14,0
DA:16,0
DA:17,0
DA:23,0
DA:25,0
DA:26,0
DA:27,0
DA:28,0
DA:29,0
DA:32,0
DA:33,0
DA:37,0
DA:38,0
DA:39,0
DA:42,0
DA:43,0
DA:44,0
DA:45,0
DA:47,0
DA:50,0
DA:51,0
DA:52,0
DA:54,0
DA:56,0
DA:57,0
DA:60,0
DA:61,0
DA:63,0
DA:64,0
DA:66,0
DA:69,0
DA:70,0
DA:74,0
DA:75,0
DA:76,0
DA:85,0
DA:86,0
DA:87,0
DA:88,0
DA:89,0
DA:94,0
DA:95,0
DA:96,0
DA:97,0
DA:98,0
LF:46
LH:0
end_of_record
TN:
SF:lib/presentation/ios/core/shared/app_page.dart
FNF:0
FNH:0
DA:15,936
DA:22,0
DA:24,0
DA:26,0
DA:27,0
DA:28,0
DA:29,0
DA:30,0
DA:31,0
DA:32,0
DA:33,0
DA:34,0
DA:35,0
DA:36,0
DA:37,0
DA:38,0
DA:41,0
DA:42,0
DA:53,0
LF:19
LH:1
end_of_record
TN:
SF:lib/presentation/ios/core/shared/app_primary_button.dart
FNF:0
FNH:0
DA:12,0
DA:21,0
DA:23,0
DA:24,0
DA:25,0
DA:27,0
DA:28,0
DA:30,0
DA:32,0
DA:34,0
DA:35,0
DA:40,0
DA:41,0
DA:42,0
DA:43,0
DA:45,0
DA:46,0
DA:47,0
DA:48,0
DA:49,0
DA:52,0
DA:53,0
DA:54,0
LF:23
LH:0
end_of_record
TN:
SF:lib/presentation/ios/core/shared/app_rounded_image.dart
FNF:0
FNH:0
DA:4,104
DA:17,416
DA:22,520
DA:27,0
DA:32,104
DA:38,0
DA:40,0
DA:41,0
DA:42,0
DA:43,0
DA:44,0
DA:45,0
DA:46,0
DA:47,0
DA:48,0
DA:49,0
DA:50,0
DA:51,0
DA:52,0
DA:53,0
DA:54,0
DA:55,0
DA:57,0
DA:58,0
DA:59,0
DA:60,0
DA:61,0
LF:27
LH:4
end_of_record
TN:
SF:lib/presentation/ios/core/shared/app_search_field.dart
FNF:0
FNH:0
DA:17,0
DA:29,0
DA:30,0
DA:40,0
DA:42,0
DA:43,0
DA:46,0
DA:47,0
DA:48,0
DA:49,0
DA:50,0
DA:51,0
DA:52,0
DA:53,0
DA:54,0
DA:55,0
DA:61,0
DA:63,0
DA:64,0
DA:65,0
DA:66,0
DA:67,0
DA:68,0
DA:71,0
DA:73,0
DA:74,0
DA:75,0
DA:76,0
DA:78,0
DA:79,0
DA:82,0
DA:83,0
DA:84,0
DA:85,0
DA:86,0
DA:87,0
DA:88,0
DA:89,0
DA:90,0
DA:91,0
DA:92,0
DA:93,0
DA:95,0
DA:96,0
DA:97,0
DA:101,0
DA:102,0
DA:103,0
DA:104,0
DA:105,0
DA:107,0
DA:122,0
DA:126,0
DA:128,0
DA:130,0
DA:132,0
DA:133,0
DA:137,0
DA:139,0
DA:140,0
DA:141,0
LF:61
LH:0
end_of_record
TN:
SF:lib/presentation/ios/core/shared/app_text_field/app_text_field.dart
FNF:0
FNH:0
DA:23,0
DA:40,0
DA:42,0
DA:44,0
DA:45,0
DA:46,0
DA:47,0
DA:48,0
DA:50,0
DA:51,0
DA:55,0
DA:56,0
DA:57,0
DA:58,0
DA:59,0
DA:60,0
DA:61,0
DA:62,0
DA:63,0
DA:64,0
DA:65,0
DA:66,0
DA:67,0
DA:69,0
DA:70,0
DA:72,0
DA:74,0
DA:75,0
DA:79,0
DA:80,0
DA:82,0
DA:83,0
DA:84,0
DA:85,0
DA:86,0
DA:88,0
DA:91,0
DA:96,0
DA:97,0
DA:98,0
DA:100,0
DA:101,0
DA:102,0
DA:105,0
DA:113,0
DA:114,0
DA:115,0
DA:116,0
DA:118,0
DA:119,0
DA:120,0
DA:145,0
DA:162,0
DA:164,0
DA:166,0
DA:167,0
DA:168,0
DA:169,0
DA:170,0
DA:172,0
DA:173,0
DA:177,0
DA:178,0
DA:179,0
DA:180,0
DA:181,0
DA:182,0
DA:183,0
DA:184,0
DA:185,0
DA:186,0
DA:187,0
DA:188,0
DA:189,0
DA:191,0
DA:192,0
DA:194,0
DA:196,0
DA:197,0
DA:201,0
DA:202,0
DA:204,0
DA:205,0
DA:206,0
DA:207,0
DA:208,0
DA:210,0
DA:213,0
DA:218,0
DA:219,0
DA:220,0
DA:222,0
DA:223,0
DA:224,0
DA:227,0
DA:235,0
DA:236,0
DA:237,0
DA:239,0
DA:240,0
DA:241,0
LF:101
LH:0
end_of_record
TN:
SF:lib/presentation/ios/core/shared/app_text_field/widgets.dart
FNF:0
FNH:0
DA:6,0
DA:9,0
DA:11,0
DA:13,0
DA:14,0
DA:15,0
DA:17,0
DA:19,0
DA:20,0
LF:9
LH:0
end_of_record
TN:
SF:lib/presentation/ios/core/shared/loading_widget.dart
FNF:0
FNH:0
DA:5,312
DA:7,0
DA:9,0
DA:10,0
DA:12,0
DA:13,0
LF:6
LH:1
end_of_record
TN:
SF:lib/presentation/ios/core/shared/logo_displayer.dart
FNF:0
FNH:0
DA:5,1144
DA:7,0
DA:9,0
DA:11,0
DA:12,0
DA:13,0
DA:14,0
LF:7
LH:1
end_of_record
TN:
SF:lib/presentation/ios/core/shared/values.dart
FNF:0
FNH:0
DA:5,0
DA:17,0
DA:19,0
DA:27,0
DA:41,0
DA:47,0
DA:54,0
DA:67,0
DA:80,0
DA:93,0
DA:106,0
DA:119,0
DA:132,0
DA:138,0
DA:147,0
DA:156,0
DA:165,0
DA:174,0
DA:183,0
DA:192,0
DA:201,0
DA:210,0
DA:219,0
DA:231,0
DA:239,0
DA:240,0
DA:243,0
LF:27
LH:0
end_of_record
TN:
SF:lib/presentation/ios/core/toast_x.dart
FNF:0
FNH:0
DA:10,0
DA:14,0
LF:2
LH:0
end_of_record
TN:
SF:lib/presentation/ios/main/contact/contact_page.dart
FNF:0
FNH:0
DA:9,104
DA:11,0
DA:13,0
DA:15,0
DA:16,0
DA:17,0
DA:18,0
LF:7
LH:1
end_of_record
TN:
SF:lib/presentation/ios/main/contact/widgets.dart
FNF:0
FNH:0
DA:5,104
DA:7,0
DA:9,0
DA:11,0
DA:12,0
DA:13,0
DA:14,0
DA:17,0
DA:18,0
DA:20,0
DA:22,0
LF:11
LH:1
end_of_record
TN:
SF:lib/presentation/ios/main/friends/friends_flow.dart
FNF:0
FNH:0
DA:8,104
DA:10,0
DA:12,0
DA:14,0
DA:15,0
DA:16,0
LF:6
LH:1
end_of_record
TN:
SF:lib/presentation/ios/main/friends/overview/modals/more/more_modal.dart
FNF:0
FNH:0
DA:17,0
DA:19,0
DA:20,0
DA:21,0
DA:22,0
LF:5
LH:0
end_of_record
TN:
SF:lib/presentation/ios/main/friends/overview/modals/more/widgets.dart
FNF:0
FNH:0
DA:6,104
DA:8,0
DA:10,0
DA:12,0
DA:13,0
DA:16,0
DA:17,0
DA:18,0
DA:20,0
DA:22,0
DA:23,0
DA:24,0
DA:25,0
DA:28,0
DA:30,0
DA:31,0
DA:32,0
DA:33,0
DA:36,0
DA:37,0
DA:38,0
DA:40,0
DA:41,0
LF:23
LH:1
end_of_record
TN:
SF:lib/presentation/ios/main/friends/overview/modals/search_user/search_user_modal.dart
FNF:0
FNH:0
DA:11,104
DA:13,0
DA:15,0
DA:17,0
DA:18,0
DA:19,0
DA:20,0
DA:21,0
LF:8
LH:1
end_of_record
TN:
SF:lib/presentation/ios/main/friends/overview/modals/search_user/widgets.dart
FNF:0
FNH:0
DA:5,104
DA:7,0
DA:9,0
DA:10,0
DA:14,0
DA:16,0
DA:17,0
DA:18,0
DA:19,0
DA:22,0
DA:25,0
DA:26,0
DA:28,0
DA:29,0
DA:30,0
DA:31,0
DA:32,0
DA:36,0
DA:37,0
DA:38,0
DA:39,0
DA:45,0
DA:46,0
DA:47,0
DA:48,0
DA:49,0
DA:50,0
DA:51,0
DA:53,0
DA:54,0
DA:55,0
DA:60,0
DA:61,0
DA:63,0
DA:64,0
DA:65,0
DA:68,0
DA:80,0
DA:92,0
DA:95,0
DA:97,0
DA:99,0
DA:100,0
DA:102,0
DA:111,0
DA:112,0
DA:117,0
DA:121,0
DA:122,0
DA:123,0
LF:50
LH:1
end_of_record
TN:
SF:lib/presentation/ios/main/friends/overview/overview_flow.dart
FNF:0
FNH:0
DA:5,104
DA:7,0
DA:9,0
LF:3
LH:1
end_of_record
TN:
SF:lib/presentation/ios/main/friends/overview/page/overview_page.dart
FNF:0
FNH:0
DA:20,104
DA:22,0
DA:24,0
DA:26,0
DA:27,0
DA:28,0
DA:30,0
DA:31,0
DA:33,0
DA:34,0
DA:36,0
LF:11
LH:1
end_of_record
TN:
SF:lib/presentation/ios/main/friends/overview/page/widgets.dart
FNF:0
FNH:0
DA:5,104
DA:7,0
DA:9,0
DA:11,0
DA:12,0
DA:13,0
DA:14,0
DA:15,0
DA:18,0
DA:19,0
DA:28,104
DA:30,0
DA:32,0
DA:34,0
DA:35,0
DA:36,0
DA:38,0
DA:39,0
DA:40,0
DA:41,0
DA:42,0
DA:43,0
DA:44,0
DA:46,0
DA:47,0
DA:48,0
DA:49,0
DA:51,0
DA:61,0
DA:64,0
DA:66,0
DA:68,0
DA:69,0
DA:70,0
DA:71,0
DA:72,0
DA:78,0
DA:79,0
DA:82,0
DA:83,0
DA:84,0
DA:85,0
DA:86,0
DA:87,0
DA:88,0
DA:92,0
DA:93,0
DA:94,0
DA:95,0
DA:96,0
DA:109,104
DA:111,0
DA:113,0
DA:115,0
DA:116,0
DA:117,0
DA:119,0
DA:120,0
DA:121,0
DA:122,0
DA:123,0
DA:124,0
DA:125,0
DA:127,0
DA:128,0
DA:129,0
DA:131,0
DA:141,0
DA:144,0
DA:146,0
DA:148,0
DA:150,0
DA:151,0
DA:152,0
DA:153,0
DA:154,0
DA:156,0
DA:157,0
DA:158,0
DA:160,0
DA:165,0
DA:166,0
DA:167,0
DA:169,0
DA:170,0
DA:171,0
DA:173,0
DA:174,0
DA:175,0
DA:179,0
DA:181,0
LF:91
LH:3
end_of_record
TN:
SF:lib/presentation/ios/main/friends/profile/profile_page.dart
FNF:0
FNH:0
DA:16,104
DA:18,0
DA:20,0
LF:3
LH:1
end_of_record
TN:
SF:lib/presentation/ios/main/friends/profile/widgets.dart
FNF:0
FNH:0
DA:6,104
DA:8,0
DA:10,0
DA:12,0
DA:13,0
DA:14,0
DA:16,0
DA:17,0
DA:26,104
DA:28,0
DA:30,0
DA:32,0
DA:33,0
DA:34,0
DA:35,0
DA:37,0
DA:38,0
DA:39,0
DA:40,0
DA:42,0
DA:45,0
DA:46,0
DA:49,0
DA:50,0
DA:52,0
DA:53,0
DA:54,0
DA:55,0
DA:56,0
DA:57,0
DA:58,0
DA:73,104
DA:75,0
DA:77,0
DA:79,0
DA:80,0
DA:82,0
DA:84,0
DA:85,0
DA:86,0
DA:87,0
DA:88,0
DA:89,0
DA:90,0
DA:92,0
DA:93,0
DA:94,0
DA:95,0
DA:97,0
DA:98,0
DA:99,0
DA:100,0
DA:113,0
DA:114,0
DA:115,0
DA:117,0
DA:118,0
DA:119,0
DA:121,0
DA:122,0
DA:123,0
DA:137,0
DA:142,0
DA:144,0
DA:146,0
DA:147,0
DA:149,0
DA:150,0
DA:151,0
DA:152,0
DA:153,0
DA:154,0
DA:155,0
DA:159,0
DA:160,0
DA:164,0
DA:165,0
DA:166,0
DA:167,0
DA:168,0
DA:169,0
DA:173,0
DA:174,0
DA:176,0
DA:177,0
DA:178,0
DA:179,0
DA:181,0
DA:182,0
DA:183,0
DA:184,0
DA:185,0
DA:186,0
DA:202,0
DA:205,0
DA:207,0
DA:209,0
DA:210,0
DA:211,0
DA:212,0
DA:214,0
LF:101
LH:3
end_of_record
TN:
SF:lib/presentation/ios/main/game_history/details/details_page.dart
FNF:0
FNH:0
DA:15,104
DA:17,0
DA:19,0
DA:21,0
DA:22,0
DA:23,0
DA:25,0
DA:26,0
DA:28,0
DA:29,0
LF:10
LH:1
end_of_record
TN:
SF:lib/presentation/ios/main/game_history/details/widgets.dart
FNF:0
FNH:0
DA:5,104
DA:7,0
DA:9,0
DA:11,0
DA:12,0
DA:13,0
DA:16,0
DA:25,0
DA:28,0
DA:30,0
DA:31,0
DA:37,0
DA:39,0
DA:40,0
DA:41,0
DA:42,0
DA:43,0
DA:45,0
DA:46,0
DA:47,0
DA:48,0
DA:50,0
DA:51,0
DA:52,0
DA:53,0
DA:54,0
DA:57,0
DA:69,0
DA:72,0
DA:74,0
DA:76,0
DA:77,0
DA:79,0
DA:80,0
DA:81,0
DA:82,0
DA:83,0
DA:84,0
DA:85,0
DA:88,0
DA:89,0
DA:90,0
DA:91,0
DA:92,0
DA:93,0
DA:94,0
DA:95,0
DA:96,0
DA:99,0
DA:100,0
DA:101,0
DA:102,0
DA:103,0
DA:104,0
DA:105,0
DA:106,0
DA:107,0
DA:108,0
DA:109,0
DA:112,0
DA:113,0
DA:114,0
DA:115,0
DA:116,0
DA:117,0
DA:118,0
DA:119,0
DA:120,0
DA:121,0
DA:140,0
DA:144,0
DA:146,0
DA:150,0
DA:151,0
DA:153,0
DA:157,0
DA:158,0
DA:160,0
DA:161,0
DA:162,0
DA:163,0
DA:167,0
DA:172,0
DA:173,0
DA:174,0
DA:175,0
DA:176,0
DA:177,0
DA:179,0
DA:180,0
DA:186,0
DA:187,0
DA:189,0
DA:190,0
DA:191,0
DA:192,0
DA:193,0
DA:195,0
DA:196,0
DA:199,0
DA:200,0
DA:202,0
DA:203,0
DA:205,0
DA:206,0
DA:208,0
DA:209,0
DA:210,0
DA:211,0
DA:212,0
DA:213,0
DA:214,0
DA:215,0
DA:247,0
DA:272,0
DA:274,0
DA:276,0
DA:277,0
DA:278,0
DA:279,0
DA:280,0
DA:281,0
DA:284,0
DA:286,0
DA:287,0
DA:288,0
DA:290,0
DA:291,0
DA:292,0
DA:294,0
DA:295,0
DA:297,0
DA:299,0
DA:300,0
DA:301,0
DA:303,0
DA:304,0
DA:305,0
DA:307,0
DA:308,0
DA:309,0
DA:311,0
DA:312,0
DA:313,0
DA:315,0
DA:316,0
DA:318,0
DA:320,0
DA:321,0
DA:322,0
DA:324,0
DA:325,0
DA:326,0
DA:328,0
DA:329,0
DA:330,0
DA:332,0
DA:333,0
DA:335,0
DA:337,0
DA:338,0
DA:339,0
DA:341,0
DA:342,0
DA:343,0
DA:345,0
DA:346,0
DA:347,0
DA:349,0
DA:350,0
DA:351,0
DA:353,0
DA:354,0
DA:355,0
DA:357,0
DA:358,0
DA:359,0
DA:361,0
DA:362,0
DA:363,0
DA:365,0
DA:366,0
DA:367,0
DA:379,0
DA:383,0
DA:385,0
DA:389,0
DA:394,0
DA:395,0
DA:398,0
DA:399,0
DA:401,0
DA:402,0
DA:405,0
DA:413,0
LF:195
LH:1
end_of_record
TN:
SF:lib/presentation/ios/main/game_history/game_history_flow.dart
FNF:0
FNH:0
DA:10,0
DA:13,0
DA:15,0
DA:17,0
DA:18,0
LF:5
LH:0
end_of_record
TN:
SF:lib/presentation/ios/main/game_history/overview/overview_page.dart
FNF:0
FNH:0
DA:18,104
DA:20,0
DA:22,0
DA:24,0
DA:25,0
DA:27,0
DA:28,0
LF:7
LH:1
end_of_record
TN:
SF:lib/presentation/ios/main/game_history/overview/widgets.dart
FNF:0
FNH:0
DA:5,104
DA:7,0
DA:9,0
DA:11,0
DA:12,0
DA:13,0
DA:14,0
DA:15,0
DA:16,0
DA:18,0
DA:19,0
DA:20,0
DA:24,0
DA:25,0
DA:26,0
DA:27,0
DA:31,0
DA:47,0
DA:50,0
DA:52,0
DA:54,0
DA:56,0
DA:58,0
DA:59,0
DA:60,0
DA:62,0
DA:64,0
DA:65,0
DA:69,0
DA:70,0
DA:71,0
DA:72,0
DA:74,0
DA:75,0
DA:76,0
DA:77,0
DA:82,0
DA:83,0
DA:84,0
DA:85,0
DA:87,0
DA:88,0
DA:89,0
DA:90,0
DA:91,0
DA:92,0
DA:94,0
DA:96,0
DA:98,0
DA:102,0
DA:103,0
DA:104,0
DA:105,0
DA:114,0
DA:115,0
DA:124,0
DA:125,0
DA:126,0
DA:127,0
DA:132,0
DA:133,0
DA:134,0
DA:135,0
DA:149,0
DA:150,0
DA:151,0
LF:66
LH:1
end_of_record
TN:
SF:lib/presentation/ios/main/game_invitations/game_invitations_page.dart
FNF:0
FNH:0
DA:15,104
DA:17,0
DA:19,0
DA:21,0
DA:22,0
DA:23,0
DA:24,0
DA:25,0
DA:26,0
DA:27,0
DA:28,0
DA:29,0
DA:30,0
DA:35,0
DA:36,0
DA:37,0
DA:38,0
DA:40,0
DA:46,0
DA:47,0
LF:20
LH:1
end_of_record
TN:
SF:lib/presentation/ios/main/game_invitations/widgets.dart
FNF:0
FNH:0
DA:5,104
DA:7,0
DA:9,0
DA:11,0
DA:12,0
DA:13,0
DA:14,0
DA:15,0
DA:18,0
DA:19,0
DA:28,104
DA:30,0
DA:32,0
DA:34,0
DA:36,0
DA:37,0
DA:38,0
DA:40,0
DA:41,0
DA:42,0
DA:43,0
DA:44,0
DA:45,0
DA:46,0
DA:48,0
DA:49,0
DA:50,0
DA:51,0
DA:52,0
DA:53,0
DA:67,0
DA:70,0
DA:72,0
DA:74,0
DA:75,0
DA:76,0
DA:77,0
DA:78,0
DA:84,0
DA:85,0
DA:88,0
DA:89,0
DA:90,0
DA:91,0
DA:92,0
DA:93,0
DA:94,0
DA:98,0
DA:99,0
DA:100,0
DA:101,0
DA:102,0
DA:115,104
DA:117,0
DA:119,0
DA:121,0
DA:123,0
DA:124,0
DA:125,0
DA:127,0
DA:128,0
DA:129,0
DA:130,0
DA:131,0
DA:132,0
DA:133,0
DA:135,0
DA:136,0
DA:137,0
DA:138,0
DA:139,0
DA:140,0
DA:154,0
DA:157,0
DA:159,0
DA:161,0
DA:162,0
DA:163,0
DA:164,0
DA:165,0
DA:171,0
DA:172,0
DA:175,0
DA:176,0
DA:177,0
LF:85
LH:3
end_of_record
TN:
SF:lib/presentation/ios/main/home/home_page.dart
FNF:0
FNH:0
DA:13,0
DA:15,0
DA:16,0
DA:17,0
DA:18,0
DA:20,0
DA:21,0
DA:24,0
DA:25,0
DA:26,0
DA:27,0
DA:28,0
DA:29,0
DA:34,0
DA:35,0
DA:36,0
DA:37,0
DA:39,0
DA:40,0
DA:42,0
DA:43,0
DA:45,0
DA:53,0
DA:57,0
LF:24
LH:0
end_of_record
TN:
SF:lib/presentation/ios/main/home/widgets.dart
FNF:0
FNH:0
DA:5,104
DA:7,0
DA:9,0
DA:11,0
DA:13,0
DA:14,0
DA:22,104
DA:24,0
DA:26,0
DA:29,0
DA:31,0
DA:32,0
DA:33,0
DA:34,0
DA:39,0
DA:40,0
DA:41,0
DA:42,0
DA:43,0
DA:45,0
DA:46,0
DA:47,0
DA:48,0
DA:49,0
DA:50,0
DA:52,0
DA:55,0
DA:65,104
DA:67,0
DA:69,0
DA:72,0
DA:74,0
DA:75,0
DA:76,0
DA:77,0
DA:82,0
DA:83,0
DA:84,0
DA:85,0
DA:86,0
DA:90,0
DA:93,0
DA:103,104
DA:105,0
DA:107,0
DA:109,0
DA:111,0
DA:112,0
DA:121,0
DA:123,0
DA:125,0
DA:126,0
DA:128,0
DA:134,0
DA:135,0
DA:136,0
DA:138,0
DA:139,0
DA:140,0
DA:142,0
DA:144,0
DA:158,104
DA:160,0
DA:162,0
DA:165,0
DA:167,0
DA:168,0
DA:169,0
DA:171,0
DA:172,0
DA:175,0
DA:176,0
DA:177,0
DA:180,0
DA:181,0
DA:182,0
DA:183,0
DA:184,0
DA:192,0
DA:194,0
DA:195,0
DA:198,0
DA:199,0
DA:205,0
DA:207,0
DA:208,0
DA:211,0
DA:212,0
DA:218,0
DA:220,0
DA:221,0
DA:222,0
DA:225,0
DA:226,0
DA:232,104
DA:234,0
DA:236,0
DA:238,0
DA:239,0
DA:240,0
DA:241,0
DA:243,0
DA:244,0
DA:245,0
DA:246,0
DA:253,104
DA:255,0
DA:257,0
DA:259,0
DA:260,0
DA:262,0
DA:265,0
DA:266,0
DA:267,0
DA:268,0
LF:115
LH:7
end_of_record
TN:
SF:lib/presentation/ios/main/main_flow.dart
FNF:0
FNH:0
DA:5,104
DA:7,0
DA:9,0
LF:3
LH:1
end_of_record
TN:
SF:lib/presentation/ios/main/play/offline/create_game/create_offline_game_flow.dart
FNF:0
FNH:0
DA:5,104
DA:7,0
DA:9,0
LF:3
LH:1
end_of_record
TN:
SF:lib/presentation/ios/main/play/offline/create_game/page/create_offline_game_page.dart
FNF:0
FNH:0
DA:25,104
DA:27,0
DA:29,0
DA:31,0
DA:32,0
DA:33,0
DA:34,0
DA:37,0
DA:38,0
DA:39,0
DA:40,0
DA:41,0
DA:45,0
DA:46,0
DA:47,0
DA:48,0
DA:49,0
DA:52,0
DA:55,0
DA:59,0
DA:62,0
DA:63,0
DA:64,0
DA:65,0
DA:66,0
DA:67,0
DA:68,0
DA:69,0
DA:70,0
DA:71,0
DA:79,0
LF:31
LH:1
end_of_record
TN:
SF:lib/presentation/ios/main/play/offline/create_game/page/widgets.dart
FNF:0
FNH:0
DA:5,104
DA:7,0
DA:9,0
DA:11,0
DA:12,0
DA:14,0
DA:16,0
DA:17,0
DA:18,0
DA:20,0
DA:21,0
DA:22,0
DA:23,0
DA:24,0
DA:25,0
DA:27,0
DA:29,0
DA:30,0
DA:31,0
DA:36,0
DA:37,0
DA:38,0
DA:42,0
DA:43,0
DA:44,0
DA:49,0
DA:50,0
DA:51,0
DA:58,0
DA:59,0
DA:60,0
DA:61,0
DA:62,0
DA:70,104
DA:72,0
DA:74,0
DA:76,0
DA:77,0
DA:78,0
DA:80,0
DA:81,0
DA:82,0
DA:84,0
DA:85,0
DA:89,0
DA:90,0
DA:91,0
DA:92,0
DA:94,0
DA:96,0
DA:97,0
DA:98,0
DA:99,0
DA:101,0
DA:105,0
DA:108,0
DA:110,0
DA:121,0
DA:124,0
DA:126,0
DA:128,0
DA:129,0
DA:130,0
DA:131,0
DA:132,0
DA:133,0
DA:138,0
DA:139,0
DA:140,0
DA:141,0
DA:142,0
DA:151,104
DA:153,0
DA:155,0
DA:157,0
DA:158,0
DA:159,0
DA:160,0
DA:161,0
DA:163,0
DA:164,0
DA:166,0
DA:168,0
DA:169,0
DA:170,0
DA:171,0
DA:172,0
DA:175,0
DA:176,0
DA:177,0
DA:178,0
DA:180,0
DA:181,0
DA:182,0
DA:183,0
DA:185,0
DA:186,0
DA:192,0
DA:193,0
DA:200,0
DA:201,0
DA:202,0
DA:203,0
DA:206,0
DA:207,0
DA:225,0
DA:230,0
DA:232,0
DA:234,0
DA:235,0
DA:236,0
DA:237,0
DA:239,0
DA:242,0
DA:243,0
DA:244,0
DA:246,0
DA:247,0
DA:248,0
DA:249,0
DA:250,0
[...]
DA:42,0
DA:44,0
DA:45,0
DA:46,0
DA:48,0
DA:49,0
DA:51,0
DA:53,0
DA:54,0
DA:65,0
DA:67,0
DA:68,0
DA:69,0
DA:73,0
DA:74,0
DA:75,0
DA:76,0
DA:93,104
DA:96,0
DA:98,0
DA:100,0
DA:103,0
DA:105,0
DA:106,0
DA:108,0
DA:110,0
DA:111,0
DA:113,0
DA:114,0
DA:115,0
DA:117,0
DA:118,0
DA:120,0
DA:121,0
DA:133,0
DA:136,0
DA:138,0
DA:140,0
DA:141,0
DA:142,0
DA:143,0
DA:152,0
DA:155,0
DA:157,0
DA:159,0
DA:160,0
DA:161,0
DA:162,0
DA:167,0
DA:168,0
DA:169,0
DA:178,0
DA:180,0
DA:181,0
DA:182,0
DA:186,0
DA:187,0
DA:188,0
DA:189,0
DA:191,0
DA:192,0
DA:193,0
DA:194,0
DA:195,0
DA:197,0
DA:198,0
DA:199,0
DA:200,0
DA:202,0
DA:203,0
DA:204,0
DA:215,0
DA:219,0
DA:221,0
DA:223,0
DA:226,0
DA:227,0
DA:228,0
DA:230,0
DA:231,0
DA:232,0
DA:233,0
DA:234,0
DA:237,0
DA:238,0
DA:239,0
DA:249,0
DA:251,0
DA:252,0
DA:253,0
DA:257,0
DA:258,0
DA:259,0
DA:260,0
DA:262,0
DA:263,0
DA:264,0
DA:265,0
DA:267,0
DA:268,0
DA:269,0
DA:280,0
DA:284,0
DA:286,0
DA:288,0
DA:291,0
DA:292,0
DA:293,0
DA:295,0
DA:296,0
DA:297,0
DA:298,0
DA:299,0
DA:300,0
DA:307,0
DA:308,0
DA:309,0
LF:136
LH:2
end_of_record
TN:
SF:lib/presentation/ios/main/settings/settings_flow.dart
FNF:0
FNH:0
DA:5,104
DA:7,0
DA:9,0
LF:3
LH:1
end_of_record
TN:
SF:lib/presentation/ios/main/shared/widgets.dart
FNF:0
FNH:0
DA:7,0
DA:10,0
DA:12,0
DA:14,0
DA:15,0
DA:18,0
DA:20,0
DA:21,0
DA:22,0
DA:23,0
DA:24,0
DA:25,0
DA:27,0
DA:28,0
DA:30,0
DA:31,0
DA:32,0
DA:33,0
DA:37,0
DA:38,0
DA:39,0
DA:40,0
DA:41,0
DA:44,0
DA:48,0
DA:49,0
DA:52,0
DA:69,0
DA:72,0
DA:74,0
DA:76,0
DA:77,0
DA:78,0
DA:79,0
DA:91,936
DA:93,0
DA:95,0
DA:97,0
DA:99,0
DA:100,0
DA:172,0
DA:175,0
DA:177,0
DA:179,0
DA:181,0
DA:182,0
DA:196,0
DA:201,0
DA:203,0
DA:205,0
DA:206,0
DA:207,0
DA:208,0
DA:209,0
DA:210,0
DA:213,0
DA:214,0
DA:216,0
DA:217,0
DA:218,0
DA:229,0
DA:232,0
DA:234,0
DA:236,0
DA:237,0
DA:238,0
DA:239,0
DA:242,0
DA:243,0
DA:244,0
DA:255,0
DA:258,0
DA:260,0
DA:262,0
DA:265,0
DA:266,0
DA:267,0
DA:268,0
DA:270,0
DA:273,0
DA:274,0
DA:284,0
DA:287,0
DA:289,0
DA:291,0
DA:294,0
DA:295,0
DA:296,0
DA:297,0
DA:299,0
DA:302,0
DA:303,0
LF:92
LH:1
end_of_record
TN:
SF:lib/presentation/ios/main/training/create_training/create_training_flow.dart
FNF:0
FNH:0
DA:8,104
DA:10,0
DA:12,0
DA:14,0
DA:15,0
DA:16,0
LF:6
LH:1
end_of_record
TN:
SF:lib/presentation/ios/main/training/create_training/page/create_training_page.dart
FNF:0
FNH:0
DA:23,104
DA:25,0
DA:27,0
DA:29,0
DA:30,0
DA:31,0
DA:32,0
DA:33,0
DA:34,0
DA:37,0
DA:38,0
DA:39,0
DA:40,0
DA:41,0
DA:43,0
DA:46,0
DA:50,0
DA:51,0
DA:52,0
DA:53,0
DA:54,0
DA:55,0
DA:57,0
DA:61,0
DA:62,0
DA:63,0
DA:64,0
DA:65,0
DA:66,0
DA:67,0
DA:68,0
DA:76,0
DA:77,0
LF:33
LH:1
end_of_record
TN:
SF:lib/presentation/ios/main/training/create_training/page/widgets.dart
FNF:0
FNH:0
DA:5,104
DA:7,0
DA:9,0
DA:11,0
DA:12,0
DA:13,0
DA:14,0
DA:16,0
DA:18,0
DA:19,0
DA:20,0
DA:22,0
DA:23,0
DA:25,0
DA:28,0
DA:29,0
DA:39,104
DA:41,0
DA:43,0
DA:45,0
DA:47,0
DA:48,0
DA:52,0
DA:53,0
DA:54,0
DA:55,0
DA:66,104
DA:68,0
DA:70,0
DA:72,0
DA:73,0
DA:74,0
DA:75,0
DA:76,0
DA:78,0
DA:79,0
DA:80,0
DA:82,0
DA:84,0
DA:85,0
DA:86,0
DA:87,0
DA:88,0
DA:90,0
DA:91,0
DA:92,0
DA:98,0
DA:100,0
DA:101,0
DA:108,0
DA:109,0
DA:110,0
DA:111,0
DA:114,0
DA:115,0
DA:133,0
DA:138,0
DA:140,0
DA:150,0
DA:151,0
DA:152,0
DA:153,0
DA:155,0
DA:156,0
DA:157,0
DA:159,0
DA:160,0
DA:162,0
DA:163,0
DA:164,0
DA:165,0
DA:166,0
DA:167,0
DA:168,0
DA:172,0
DA:177,0
DA:178,0
DA:179,0
DA:184,0
DA:195,0
DA:200,0
DA:202,0
DA:204,0
DA:205,0
DA:206,0
DA:207,0
DA:209,0
DA:210,0
DA:211,0
DA:213,0
DA:214,0
DA:216,0
DA:217,0
DA:218,0
DA:219,0
DA:223,0
DA:224,0
DA:225,0
DA:227,0
DA:228,0
DA:229,0
DA:231,0
DA:232,0
DA:233,0
DA:234,0
DA:235,0
DA:244,0
DA:249,0
DA:256,104
DA:258,0
DA:260,0
DA:262,0
DA:263,0
DA:265,0
DA:266,0
DA:268,0
DA:275,104
DA:277,0
DA:279,0
DA:281,0
DA:282,0
DA:284,0
DA:286,0
DA:289,0
DA:290,0
DA:292,0
DA:293,0
DA:297,0
DA:298,0
DA:299,0
DA:300,0
DA:302,0
DA:303,0
DA:304,0
DA:305,0
DA:306,0
DA:307,0
DA:308,0
DA:311,0
DA:312,0
DA:318,0
DA:321,0
DA:322,0
DA:323,0
DA:326,0
DA:327,0
DA:333,0
DA:338,0
DA:339,0
DA:340,0
DA:341,0
DA:342,0
DA:343,0
DA:346,0
DA:347,0
DA:353,0
DA:356,0
DA:357,0
DA:358,0
DA:361,0
DA:362,0
DA:368,0
DA:384,0
DA:387,0
DA:389,0
DA:391,0
DA:393,0
DA:394,0
DA:398,0
DA:399,0
DA:400,0
DA:401,0
DA:403,0
DA:404,0
DA:405,0
DA:406,0
DA:407,0
DA:408,0
DA:409,0
DA:412,0
DA:417,0
DA:420,0
DA:421,0
DA:422,0
DA:425,0
DA:430,0
DA:433,0
DA:434,0
DA:436,0
DA:437,0
DA:442,0
DA:454,104
DA:456,0
DA:458,0
DA:460,0
DA:462,0
DA:463,0
DA:467,0
DA:468,0
DA:469,0
DA:470,0
DA:472,0
DA:473,0
DA:474,0
DA:475,0
DA:476,0
DA:489,104
DA:491,0
DA:493,0
DA:495,0
DA:496,0
DA:498,0
DA:499,0
DA:501,0
DA:502,0
LF:215
LH:7
end_of_record
TN:
SF:lib/presentation/ios/main/training/in_training/bobs_twenty_seven/in_bobs_twenty_seven_training_flow.dart
FNF:0
FNH:0
DA:5,104
DA:7,0
DA:9,0
LF:3
LH:1
end_of_record
TN:
SF:lib/presentation/ios/main/training/in_training/bobs_twenty_seven/page/in_bobs_twenty_seven_training_page.dart
FNF:0
FNH:0
DA:18,104
DA:20,0
DA:22,0
DA:24,0
DA:25,0
DA:26,0
DA:27,0
DA:30,0
DA:31,0
DA:33,0
DA:34,0
DA:36,0
DA:37,0
DA:38,0
DA:39,0
DA:41,0
DA:43,0
DA:44,0
DA:45,0
DA:46,0
DA:51,0
DA:53,0
DA:54,0
DA:55,0
DA:56,0
DA:57,0
DA:59,0
DA:60,0
DA:65,0
DA:66,0
DA:67,0
DA:68,0
DA:69,0
DA:70,0
DA:71,0
DA:72,0
DA:73,0
DA:81,0
LF:38
LH:1
end_of_record
TN:
SF:lib/presentation/ios/main/training/in_training/bobs_twenty_seven/page/widgets.dart
FNF:0
FNH:0
DA:4,104
DA:6,0
DA:8,0
DA:10,0
DA:11,0
DA:12,0
DA:13,0
DA:15,0
DA:17,0
DA:18,0
DA:19,0
DA:21,0
DA:23,0
DA:42,104
DA:44,0
DA:46,0
DA:48,0
DA:50,0
DA:51,0
DA:52,0
DA:55,0
DA:57,0
DA:58,0
DA:59,0
DA:60,0
DA:61,0
DA:70,104
DA:72,0
DA:74,0
DA:76,0
DA:77,0
DA:79,0
DA:80,0
DA:85,0
DA:87,0
DA:88,0
DA:99,104
DA:101,0
DA:103,0
DA:105,0
DA:106,0
DA:108,0
DA:109,0
DA:114,0
DA:116,0
DA:117,0
DA:122,0
DA:124,0
DA:125,0
DA:136,104
DA:138,0
DA:140,0
DA:142,0
DA:143,0
DA:145,0
DA:146,0
DA:151,0
DA:153,0
DA:154,0
DA:159,0
DA:161,0
DA:162,0
DA:167,0
DA:169,0
DA:170,0
DA:185,0
DA:189,0
DA:191,0
DA:193,0
DA:194,0
DA:196,0
DA:198,0
DA:199,0
DA:200,0
DA:201,0
DA:210,0
DA:214,0
DA:216,0
DA:218,0
DA:219,0
DA:221,0
DA:222,0
DA:223,0
DA:224,0
DA:225,0
LF:85
LH:5
end_of_record
TN:
SF:lib/presentation/ios/main/training/in_training/double/in_double_training_flow.dart
FNF:0
FNH:0
DA:5,104
DA:7,0
DA:9,0
LF:3
LH:1
end_of_record
TN:
SF:lib/presentation/ios/main/training/in_training/double/page/in_double_training_page.dart
FNF:0
FNH:0
DA:17,104
DA:19,0
DA:21,0
DA:23,0
DA:24,0
DA:25,0
DA:26,0
DA:28,0
DA:29,0
DA:31,0
DA:32,0
DA:34,0
DA:35,0
DA:36,0
DA:37,0
DA:39,0
DA:41,0
DA:42,0
DA:43,0
DA:44,0
DA:50,0
DA:51,0
DA:52,0
DA:53,0
DA:54,0
DA:55,0
DA:57,0
DA:58,0
DA:63,0
DA:64,0
DA:65,0
DA:66,0
DA:67,0
DA:68,0
DA:69,0
DA:70,0
DA:71,0
DA:79,0
LF:38
LH:1
end_of_record
TN:
SF:lib/presentation/ios/main/training/in_training/double/page/widgets.dart
FNF:0
FNH:0
DA:4,104
DA:6,0
DA:8,0
DA:10,0
DA:11,0
DA:12,0
DA:13,0
DA:15,0
DA:17,0
DA:18,0
DA:19,0
DA:21,0
DA:23,0
DA:42,104
DA:44,0
DA:46,0
DA:48,0
DA:50,0
DA:51,0
DA:52,0
DA:55,0
DA:57,0
DA:59,0
DA:66,0
DA:67,0
DA:68,0
DA:70,0
DA:71,0
DA:72,0
DA:74,0
DA:75,0
DA:76,0
DA:87,104
DA:89,0
DA:91,0
DA:93,0
DA:94,0
DA:96,0
DA:97,0
DA:102,0
DA:104,0
DA:105,0
DA:116,104
DA:118,0
DA:120,0
DA:122,0
DA:123,0
DA:125,0
DA:126,0
DA:131,0
DA:133,0
DA:134,0
DA:139,0
DA:141,0
DA:142,0
DA:153,104
DA:155,0
DA:157,0
DA:159,0
DA:160,0
DA:162,0
DA:163,0
DA:168,0
DA:170,0
DA:171,0
DA:176,0
DA:178,0
DA:179,0
DA:184,0
DA:186,0
DA:187,0
DA:202,0
DA:206,0
DA:208,0
DA:210,0
DA:211,0
DA:213,0
DA:215,0
DA:217,0
DA:224,0
DA:225,0
DA:226,0
DA:228,0
DA:229,0
DA:230,0
DA:232,0
DA:233,0
DA:234,0
DA:245,0
DA:249,0
DA:251,0
DA:253,0
DA:254,0
DA:256,0
DA:258,0
LF:95
LH:5
end_of_record
TN:
SF:lib/presentation/ios/main/training/in_training/score/in_score_training_flow.dart
FNF:0
FNH:0
DA:5,104
DA:7,0
DA:9,0
LF:3
LH:1
end_of_record
TN:
SF:lib/presentation/ios/main/training/in_training/score/page/in_score_training_page.dart
FNF:0
FNH:0
DA:18,104
DA:20,0
DA:22,0
DA:24,0
DA:25,0
DA:26,0
DA:27,0
DA:29,0
DA:30,0
DA:33,0
DA:34,0
DA:35,0
DA:36,0
DA:37,0
DA:38,0
DA:40,0
DA:41,0
DA:46,0
DA:47,0
DA:48,0
DA:49,0
DA:50,0
DA:51,0
DA:52,0
DA:53,0
DA:54,0
DA:62,0
LF:27
LH:1
end_of_record
TN:
SF:lib/presentation/ios/main/training/in_training/score/page/widgets.dart
FNF:0
FNH:0
DA:4,104
DA:6,0
DA:8,0
DA:10,0
DA:11,0
DA:12,0
DA:13,0
DA:15,0
DA:17,0
DA:18,0
DA:19,0
DA:21,0
DA:23,0
DA:31,0
DA:33,0
DA:34,0
DA:35,0
DA:36,0
DA:37,0
DA:38,0
DA:40,0
DA:42,0
DA:43,0
DA:49,0
DA:50,0
DA:51,0
DA:52,0
DA:54,0
DA:55,0
DA:56,0
DA:57,0
DA:60,0
DA:62,0
DA:64,0
DA:65,0
DA:66,0
DA:84,104
DA:86,0
DA:88,0
DA:90,0
DA:92,0
DA:93,0
DA:94,0
DA:97,0
DA:99,0
DA:100,0
DA:101,0
DA:110,104
DA:112,0
DA:114,0
DA:116,0
DA:117,0
DA:119,0
DA:120,0
DA:125,0
DA:127,0
DA:128,0
DA:139,104
DA:141,0
DA:143,0
DA:145,0
DA:146,0
DA:148,0
DA:149,0
DA:154,0
DA:156,0
DA:157,0
DA:162,0
DA:164,0
DA:165,0
DA:176,104
DA:178,0
DA:180,0
DA:182,0
DA:183,0
DA:185,0
DA:186,0
DA:191,0
DA:193,0
DA:194,0
DA:199,0
DA:201,0
DA:202,0
DA:207,0
DA:209,0
DA:210,0
DA:225,0
DA:229,0
DA:231,0
DA:233,0
DA:234,0
DA:236,0
DA:238,0
DA:239,0
DA:240,0
DA:241,0
DA:250,0
DA:254,0
DA:256,0
DA:258,0
DA:259,0
DA:261,0
DA:263,0
DA:264,0
LF:104
LH:5
end_of_record
TN:
SF:lib/presentation/ios/main/training/in_training/single/in_single_training_flow.dart
FNF:0
FNH:0
DA:5,104
DA:7,0
DA:9,0
LF:3
LH:1
end_of_record
TN:
SF:lib/presentation/ios/main/training/in_training/single/page/in_single_training_page.dart
FNF:0
FNH:0
DA:17,104
DA:19,0
DA:21,0
DA:23,0
DA:24,0
DA:25,0
DA:26,0
DA:28,0
DA:29,0
DA:31,0
DA:32,0
DA:34,0
DA:35,0
DA:36,0
DA:37,0
DA:39,0
DA:41,0
DA:42,0
DA:43,0
DA:44,0
DA:50,0
DA:51,0
DA:52,0
DA:53,0
DA:54,0
DA:55,0
DA:57,0
DA:58,0
DA:63,0
DA:64,0
DA:65,0
DA:66,0
DA:67,0
DA:68,0
DA:69,0
DA:70,0
DA:71,0
DA:79,0
LF:38
LH:1
end_of_record
TN:
SF:lib/presentation/ios/main/training/in_training/single/page/widgets.dart
FNF:0
FNH:0
DA:4,104
DA:6,0
DA:8,0
DA:10,0
DA:11,0
DA:12,0
DA:13,0
DA:15,0
DA:17,0
DA:18,0
DA:19,0
DA:21,0
DA:23,0
DA:42,104
DA:44,0
DA:46,0
DA:48,0
DA:50,0
DA:51,0
DA:52,0
DA:55,0
DA:57,0
DA:58,0
DA:59,0
DA:60,0
DA:61,0
DA:62,0
DA:64,0
DA:65,0
DA:66,0
DA:68,0
DA:69,0
DA:70,0
DA:72,0
DA:73,0
DA:74,0
DA:85,104
DA:87,0
DA:89,0
DA:91,0
DA:92,0
DA:94,0
DA:95,0
DA:100,0
DA:102,0
DA:103,0
DA:114,104
DA:116,0
DA:118,0
DA:120,0
DA:121,0
DA:123,0
DA:124,0
DA:129,0
DA:131,0
DA:132,0
DA:137,0
DA:139,0
DA:140,0
DA:151,104
DA:153,0
DA:155,0
DA:157,0
DA:158,0
DA:160,0
DA:161,0
DA:166,0
DA:168,0
DA:169,0
DA:174,0
DA:176,0
DA:177,0
DA:182,0
DA:184,0
DA:185,0
DA:196,104
DA:198,0
DA:200,0
DA:202,0
DA:203,0
DA:204,0
DA:205,0
DA:206,0
DA:207,0
DA:229,104
DA:231,0
DA:233,0
DA:235,0
DA:236,0
DA:237,0
DA:238,0
DA:240,0
DA:241,0
DA:242,0
DA:243,0
DA:244,0
DA:247,0
DA:248,0
DA:249,0
DA:251,0
DA:252,0
DA:255,0
DA:256,0
DA:257,0
DA:259,0
DA:260,0
DA:263,0
DA:264,0
DA:265,0
DA:270,0
DA:271,0
DA:272,0
DA:273,0
DA:274,0
DA:275,0
DA:278,0
DA:279,0
DA:280,0
DA:282,0
DA:285,0
DA:286,0
DA:287,0
DA:288,0
DA:304,0
DA:308,0
DA:310,0
DA:312,0
DA:313,0
DA:315,0
DA:317,0
DA:318,0
DA:319,0
DA:320,0
DA:321,0
DA:322,0
DA:324,0
DA:325,0
DA:326,0
DA:328,0
DA:329,0
DA:330,0
DA:332,0
DA:333,0
DA:334,0
DA:345,0
DA:349,0
DA:351,0
DA:353,0
DA:354,0
DA:356,0
DA:358,0
DA:359,0
LF:152
LH:7
end_of_record
TN:
SF:lib/presentation/ios/main/training/post_training/post_training_page.dart
FNF:0
FNH:0
DA:5,104
DA:7,0
DA:9,0
DA:11,0
DA:12,0
DA:13,0
LF:6
LH:1
end_of_record
TN:
SF:lib/presentation/ios/main/training/shared/in_training/widgets.dart
FNF:0
FNH:0
DA:23,0
DA:27,0
DA:29,0
DA:31,0
DA:32,0
DA:33,0
DA:34,0
DA:35,0
DA:47,0
DA:52,0
DA:54,0
DA:56,0
DA:57,0
DA:58,0
DA:59,0
DA:60,0
DA:61,0
DA:62,0
DA:63,0
DA:64,0
DA:65,0
DA:81,0
DA:87,0
DA:89,0
DA:91,0
DA:92,0
DA:93,0
DA:94,0
DA:95,0
DA:96,0
DA:97,0
DA:98,0
DA:99,0
DA:103,0
DA:104,0
DA:105,0
DA:106,0
DA:107,0
DA:108,0
DA:126,0
DA:134,0
DA:136,0
DA:138,0
DA:139,0
DA:140,0
DA:141,0
DA:143,0
DA:144,0
DA:145,0
DA:146,0
DA:149,0
DA:151,0
DA:152,0
DA:153,0
DA:156,0
DA:158,0
DA:159,0
DA:170,0
DA:173,0
DA:175,0
DA:177,0
DA:178,0
DA:179,0
DA:180,0
DA:183,0
DA:184,0
DA:185,0
DA:187,0
DA:188,0
DA:189,0
DA:190,0
DA:191,0
DA:194,0
DA:205,0
DA:209,0
DA:211,0
DA:213,0
DA:215,0
DA:216,0
DA:218,0
DA:219,0
DA:234,0
DA:242,0
DA:244,0
DA:246,0
DA:247,0
DA:248,0
DA:249,0
DA:252,0
DA:253,0
DA:254,0
DA:256,0
DA:257,0
DA:258,0
DA:259,0
DA:262,0
DA:264,0
DA:266,0
DA:268,0
DA:269,0
DA:272,0
DA:274,0
DA:275,0
DA:289,0
DA:294,0
DA:296,0
DA:298,0
DA:299,0
DA:300,0
DA:301,0
DA:302,0
DA:303,0
DA:304,0
DA:305,0
DA:306,0
DA:307,0
DA:309,0
DA:310,0
DA:313,0
DA:314,0
DA:315,0
DA:316,0
DA:332,0
DA:335,0
DA:337,0
DA:339,0
DA:341,0
DA:342,0
DA:343,0
DA:345,0
DA:347,0
DA:348,0
DA:349,0
DA:350,0
DA:351,0
DA:352,0
DA:364,0
DA:367,0
DA:369,0
DA:371,0
DA:373,0
DA:374,0
DA:375,0
DA:376,0
DA:377,0
DA:378,0
DA:388,0
DA:391,0
DA:393,0
DA:395,0
DA:396,0
DA:397,0
DA:398,0
DA:401,0
DA:402,0
DA:403,0
DA:404,0
DA:405,0
DA:406,0
DA:407,0
DA:411,0
DA:421,0
DA:425,0
DA:427,0
DA:429,0
DA:431,0
DA:432,0
DA:434,0
DA:435,0
DA:449,0
DA:456,0
DA:458,0
DA:460,0
DA:461,0
DA:462,0
DA:463,0
DA:466,0
DA:467,0
DA:468,0
DA:470,0
DA:471,0
DA:472,0
DA:473,0
DA:476,0
DA:478,0
DA:479,0
DA:482,0
DA:484,0
DA:485,0
DA:499,0
DA:504,0
DA:506,0
DA:508,0
DA:509,0
DA:510,0
DA:511,0
DA:512,0
DA:513,0
DA:514,0
DA:515,0
DA:516,0
DA:517,0
DA:519,0
DA:520,0
DA:523,0
DA:524,0
DA:525,0
DA:526,0
DA:534,0
DA:536,0
DA:538,0
DA:539,0
DA:551,0
DA:554,0
DA:556,0
DA:558,0
DA:560,0
DA:561,0
DA:562,0
DA:564,0
DA:566,0
DA:567,0
DA:570,0
DA:571,0
DA:572,0
DA:573,0
DA:585,0
DA:588,0
DA:590,0
DA:592,0
DA:594,0
DA:595,0
DA:596,0
DA:597,0
DA:598,0
DA:599,0
DA:615,0
DA:623,0
DA:625,0
DA:627,0
DA:628,0
DA:629,0
DA:631,0
DA:633,0
DA:634,0
DA:635,0
DA:636,0
DA:639,0
DA:641,0
DA:642,0
DA:643,0
DA:644,0
DA:663,0
DA:672,0
DA:674,0
DA:676,0
DA:677,0
DA:678,0
DA:679,0
DA:682,0
DA:683,0
DA:684,0
DA:686,0
DA:687,0
DA:688,0
DA:689,0
DA:692,0
DA:694,0
DA:695,0
DA:698,0
DA:700,0
DA:701,0
DA:704,0
DA:706,0
DA:707,0
DA:710,0
DA:712,0
DA:713,0
DA:727,0
DA:732,0
DA:734,0
DA:736,0
DA:737,0
DA:738,0
DA:739,0
DA:740,0
DA:742,0
DA:743,0
DA:744,0
DA:745,0
DA:746,0
DA:748,0
DA:749,0
DA:752,0
DA:753,0
DA:754,0
DA:755,0
DA:763,0
DA:765,0
DA:767,0
DA:768,0
DA:780,0
DA:783,0
DA:785,0
DA:787,0
DA:789,0
DA:790,0
DA:791,0
DA:793,0
DA:795,0
DA:796,0
DA:797,0
DA:798,0
DA:799,0
DA:800,0
DA:812,0
DA:815,0
DA:817,0
DA:819,0
DA:820,0
DA:821,0
DA:822,0
DA:823,0
DA:826,0
DA:828,0
DA:829,0
DA:830,0
DA:831,0
DA:832,0
DA:833,0
DA:844,0
DA:847,0
DA:849,0
DA:851,0
DA:853,0
DA:854,0
DA:855,0
DA:857,0
DA:859,0
DA:860,0
DA:861,0
DA:862,0
DA:863,0
DA:864,0
DA:876,0
DA:879,0
DA:881,0
DA:883,0
DA:885,0
DA:886,0
DA:887,0
DA:888,0
DA:889,0
DA:890,0
DA:905,0
DA:912,0
DA:914,0
DA:916,0
DA:917,0
DA:918,0
DA:919,0
DA:922,0
DA:923,0
DA:924,0
DA:926,0
DA:927,0
DA:928,0
DA:929,0
DA:932,0
DA:934,0
DA:935,0
DA:938,0
DA:940,0
DA:953,0
DA:958,0
DA:960,0
DA:962,0
DA:963,0
DA:964,0
DA:965,0
DA:966,0
DA:968,0
DA:969,0
DA:970,0
DA:971,0
DA:972,0
DA:974,0
DA:975,0
DA:978,0
DA:979,0
DA:980,0
DA:981,0
DA:989,0
DA:991,0
DA:993,0
DA:994,0
DA:1006,0
DA:1009,0
DA:1011,0
DA:1013,0
DA:1015,0
DA:1016,0
DA:1017,0
DA:1019,0
DA:1021,0
DA:1022,0
DA:1025,0
DA:1026,0
DA:1027,0
DA:1028,0
DA:1040,0
DA:1043,0
DA:1045,0
DA:1047,0
DA:1049,0
DA:1050,0
DA:1051,0
DA:1052,0
DA:1053,0
DA:1054,0
DA:1067,0
DA:1072,0
DA:1074,0
DA:1076,0
DA:1077,0
DA:1078,0
DA:1080,0
DA:1081,0
DA:1082,0
DA:1084,0
DA:1085,0
DA:1086,0
DA:1087,0
DA:1088,0
DA:1089,0
DA:1092,0
DA:1094,0
DA:1095,0
DA:1096,0
DA:1097,0
DA:1098,0
DA:1099,0
DA:1105,0
DA:1107,0
DA:1109,0
DA:1110,0
DA:1125,0
DA:1130,0
DA:1132,0
DA:1134,0
DA:1136,0
DA:1140,0
DA:1142,0
DA:1143,0
DA:1144,0
DA:1145,0
DA:1147,0
DA:1148,0
DA:1149,0
DA:1151,0
DA:1152,0
DA:1153,0
DA:1154,0
DA:1155,0
DA:1156,0
DA:1161,0
DA:1162,0
DA:1163,0
DA:1164,0
DA:1165,0
DA:1168,0
DA:1169,0
DA:1170,0
DA:1172,0
DA:1173,0
DA:1174,0
DA:1175,0
DA:1176,0
DA:1177,0
DA:1181,0
DA:1182,0
DA:1183,0
DA:1184,0
DA:1185,0
DA:1186,0
DA:1191,0
DA:1193,0
DA:1194,0
DA:1195,0
DA:1196,0
DA:1197,0
DA:1198,0
DA:1218,208
DA:1220,0
DA:1222,0
DA:1224,0
DA:1226,0
DA:1227,0
DA:1228,0
DA:1229,0
DA:1232,0
DA:1234,0
DA:1235,0
DA:1236,0
DA:1238,0
DA:1240,0
DA:1241,0
DA:1242,0
DA:1244,0
DA:1245,0
DA:1246,0
DA:1247,0
DA:1250,0
DA:1252,0
DA:1253,0
DA:1254,0
DA:1256,0
DA:1257,0
DA:1258,0
DA:1259,0
DA:1262,0
DA:1264,0
DA:1265,0
DA:1266,0
DA:1268,0
DA:1269,0
DA:1270,0
DA:1271,0
DA:1281,0
DA:1288,0
DA:1289,0
DA:1291,0
DA:1292,0
DA:1294,0
DA:1295,0
DA:1297,0
DA:1298,0
DA:1302,0
DA:1310,208
DA:1312,0
DA:1314,0
DA:1316,0
DA:1317,0
DA:1334,104
DA:1336,0
DA:1338,0
DA:1340,0
DA:1343,0
DA:1346,0
DA:1347,0
DA:1348,0
DA:1350,0
DA:1353,0
DA:1354,0
DA:1362,104
DA:1364,0
DA:1366,0
DA:1368,0
DA:1369,0
DA:1370,0
DA:1371,0
DA:1374,0
DA:1375,0
DA:1376,0
DA:1378,0
DA:1379,0
DA:1390,104
DA:1392,0
DA:1394,0
DA:1396,0
DA:1399,0
DA:1402,0
DA:1403,0
DA:1404,0
DA:1406,0
DA:1409,0
DA:1410,0
DA:1420,312
DA:1422,0
DA:1424,0
DA:1426,0
DA:1427,0
DA:1428,0
DA:1429,0
DA:1430,0
DA:1431,0
DA:1451,104
DA:1453,0
DA:1455,0
DA:1457,0
DA:1458,0
DA:1459,0
DA:1460,0
DA:1461,0
DA:1462,0
DA:1463,0
DA:1464,0
DA:1465,0
DA:1468,0
DA:1469,0
DA:1470,0
DA:1471,0
DA:1472,0
DA:1473,0
DA:1476,0
DA:1477,0
DA:1478,0
DA:1479,0
DA:1480,0
DA:1481,0
DA:1484,0
DA:1485,0
DA:1486,0
DA:1502,104
DA:1505,0
DA:1507,0
DA:1509,0
DA:1511,0
DA:1512,0
DA:1513,0
DA:1516,0
DA:1518,0
DA:1519,0
DA:1520,0
DA:1521,0
DA:1532,0
DA:1535,0
DA:1536,0
DA:1537,0
DA:1538,0
DA:1539,0
DA:1540,0
DA:1541,0
DA:1542,0
DA:1543,0
DA:1544,0
DA:1545,0
DA:1546,0
DA:1547,0
DA:1548,0
DA:1549,0
DA:1550,0
DA:1551,0
DA:1552,0
DA:1553,0
DA:1554,0
DA:1555,0
DA:1557,0
DA:1563,104
DA:1565,0
DA:1567,0
DA:1569,0
DA:1571,0
DA:1572,0
DA:1573,0
DA:1575,0
DA:1579,0
DA:1580,0
DA:1581,0
DA:1582,0
DA:1593,104
DA:1595,0
DA:1597,0
DA:1599,0
DA:1601,0
DA:1602,0
DA:1607,0
DA:1610,0
DA:1612,0
DA:1613,0
DA:1614,0
DA:1615,0
DA:1625,312
DA:1627,0
DA:1629,0
DA:1631,0
DA:1632,0
DA:1633,0
DA:1634,0
DA:1635,0
DA:1636,0
DA:1658,104
DA:1660,0
DA:1662,0
DA:1664,0
DA:1665,0
DA:1666,0
DA:1667,0
DA:1668,0
DA:1669,0
DA:1670,0
DA:1671,0
DA:1672,0
DA:1673,0
DA:1674,0
DA:1675,0
DA:1676,0
DA:1679,0
DA:1680,0
DA:1681,0
DA:1682,0
DA:1683,0
DA:1684,0
DA:1687,0
DA:1688,0
DA:1689,0
DA:1690,0
DA:1691,0
DA:1692,0
DA:1695,0
DA:1696,0
DA:1697,0
DA:1698,0
DA:1699,0
DA:1700,0
DA:1701,0
DA:1702,0
DA:1703,0
DA:1704,0
DA:1707,0
DA:1708,0
DA:1709,0
DA:1710,0
DA:1711,0
DA:1712,0
DA:1715,0
DA:1716,0
DA:1717,0
DA:1735,0
DA:1738,0
DA:1740,0
DA:1742,0
DA:1744,0
DA:1745,0
DA:1746,0
DA:1747,0
DA:1748,0
DA:1751,0
DA:1754,0
DA:1755,0
DA:1758,0
DA:1759,0
DA:1760,0
DA:1761,0
DA:1764,0
DA:1765,0
DA:1767,0
DA:1771,0
DA:1773,0
DA:1777,0
DA:1780,0
DA:1781,0
DA:1782,0
DA:1783,0
DA:1798,0
DA:1801,0
DA:1802,0
DA:1803,0
DA:1804,0
DA:1805,0
DA:1806,0
DA:1807,0
DA:1808,0
DA:1809,0
DA:1810,0
DA:1811,0
DA:1812,0
DA:1813,0
DA:1814,0
DA:1815,0
DA:1816,0
DA:1817,0
DA:1818,0
DA:1819,0
DA:1820,0
DA:1821,0
DA:1822,0
DA:1823,0
DA:1824,0
DA:1825,0
DA:1826,0
DA:1827,0
DA:1828,0
DA:1829,0
DA:1830,0
DA:1831,0
DA:1832,0
DA:1833,0
DA:1834,0
DA:1835,0
DA:1836,0
DA:1837,0
DA:1838,0
DA:1839,0
DA:1840,0
DA:1841,0
DA:1842,0
DA:1843,0
DA:1844,0
DA:1845,0
DA:1847,0
DA:1853,104
DA:1855,0
DA:1857,0
DA:1859,0
DA:1861,0
DA:1862,0
DA:1863,0
DA:1865,0
DA:1869,0
DA:1870,0
DA:1871,0
DA:1872,0
DA:1884,208
DA:1886,0
DA:1888,0
DA:1890,0
DA:1891,0
DA:1892,0
DA:1893,0
DA:1894,0
DA:1895,0
DA:1917,104
DA:1919,0
DA:1921,0
DA:1923,0
DA:1924,0
DA:1925,0
DA:1926,0
DA:1927,0
DA:1930,0
DA:1931,0
DA:1932,0
DA:1934,0
DA:1935,0
DA:1936,0
DA:1937,0
DA:1938,0
DA:1939,0
DA:1942,0
DA:1943,0
DA:1944,0
DA:1946,0
DA:1949,0
DA:1950,0
DA:1951,0
DA:1952,0
LF:847
LH:15
end_of_record
TN:
SF:lib/presentation/ios/main/training/training_flow.dart
FNF:0
FNH:0
DA:5,104
DA:7,0
DA:9,0
LF:3
LH:1
end_of_record
TN:
SF:lib/presentation/ios/router.dart
FNF:0
FNH:0
DA:377,0
DA:382,0
DA:383,0
DA:385,0
DA:386,0
DA:389,0
DA:394,0
DA:396,0
DA:401,0
DA:403,0
DA:409,0
DA:410,0
DA:411,0
DA:444,0
DA:450,0
DA:452,0
DA:454,0
DA:455,0
DA:457,0
DA:460,0
DA:461,0
DA:462,0
DA:463,0
DA:464,0
DA:465,0
DA:467,0
DA:469,0
DA:472,0
LF:28
LH:0
end_of_record
